[0.091s] Invoking command in '/root/Desktop/QtrosAndOpenCV/hyzAndJoJo/build/camera_pack': CMAKE_PREFIX_PATH=${CMAKE_PREFIX_PATH}:/opt/ros/humble _=/bin/env /bin/cmake --build /root/Desktop/QtrosAndOpenCV/hyzAndJoJo/build/camera_pack -- -j16 -l16
[0.222s] [ 25%] [34m[1mAutomatic MOC and UIC for target camera_ros2_opencv4[0m
[0.338s] [ 25%] Built target camera_ros2_opencv4_autogen
[0.445s] [100%] Built target camera_ros2_opencv4
[0.466s] Invoked command in '/root/Desktop/QtrosAndOpenCV/hyzAndJoJo/build/camera_pack' returned '0': CMAKE_PREFIX_PATH=${CMAKE_PREFIX_PATH}:/opt/ros/humble _=/bin/env /bin/cmake --build /root/Desktop/QtrosAndOpenCV/hyzAndJoJo/build/camera_pack -- -j16 -l16
[0.619s] Invoking command in '/root/Desktop/QtrosAndOpenCV/hyzAndJoJo/build/camera_pack': CMAKE_PREFIX_PATH=${CMAKE_PREFIX_PATH}:/opt/ros/humble _=/bin/env /bin/cmake --install /root/Desktop/QtrosAndOpenCV/hyzAndJoJo/build/camera_pack
[0.639s] -- Install configuration: ""
[0.639s] -- Up-to-date: /root/Desktop/QtrosAndOpenCV/hyzAndJoJo/install/camera_pack/lib/camera_pack/camera_ros2_opencv4
[0.639s] -- Up-to-date: /root/Desktop/QtrosAndOpenCV/hyzAndJoJo/install/camera_pack/share/ament_index/resource_index/package_run_dependencies/camera_pack
[0.639s] -- Up-to-date: /root/Desktop/QtrosAndOpenCV/hyzAndJoJo/install/camera_pack/share/ament_index/resource_index/parent_prefix_path/camera_pack
[0.642s] -- Up-to-date: /root/Desktop/QtrosAndOpenCV/hyzAndJoJo/install/camera_pack/share/camera_pack/environment/ament_prefix_path.sh
[0.643s] -- Up-to-date: /root/Desktop/QtrosAndOpenCV/hyzAndJoJo/install/camera_pack/share/camera_pack/environment/ament_prefix_path.dsv
[0.644s] -- Up-to-date: /root/Desktop/QtrosAndOpenCV/hyzAndJoJo/install/camera_pack/share/camera_pack/environment/path.sh
[0.644s] -- Up-to-date: /root/Desktop/QtrosAndOpenCV/hyzAndJoJo/install/camera_pack/share/camera_pack/environment/path.dsv
[0.644s] -- Up-to-date: /root/Desktop/QtrosAndOpenCV/hyzAndJoJo/install/camera_pack/share/camera_pack/local_setup.bash
[0.644s] -- Up-to-date: /root/Desktop/QtrosAndOpenCV/hyzAndJoJo/install/camera_pack/share/camera_pack/local_setup.sh
[0.644s] -- Up-to-date: /root/Desktop/QtrosAndOpenCV/hyzAndJoJo/install/camera_pack/share/camera_pack/local_setup.zsh
[0.645s] -- Up-to-date: /root/Desktop/QtrosAndOpenCV/hyzAndJoJo/install/camera_pack/share/camera_pack/local_setup.dsv
[0.645s] -- Installing: /root/Desktop/QtrosAndOpenCV/hyzAndJoJo/install/camera_pack/share/camera_pack/package.dsv
[0.645s] -- Up-to-date: /root/Desktop/QtrosAndOpenCV/hyzAndJoJo/install/camera_pack/share/ament_index/resource_index/packages/camera_pack
[0.645s] -- Up-to-date: /root/Desktop/QtrosAndOpenCV/hyzAndJoJo/install/camera_pack/share/camera_pack/cmake/camera_packConfig.cmake
[0.646s] -- Up-to-date: /root/Desktop/QtrosAndOpenCV/hyzAndJoJo/install/camera_pack/share/camera_pack/cmake/camera_packConfig-version.cmake
[0.646s] -- Up-to-date: /root/Desktop/QtrosAndOpenCV/hyzAndJoJo/install/camera_pack/share/camera_pack/package.xml
[0.657s] Invoked command in '/root/Desktop/QtrosAndOpenCV/hyzAndJoJo/build/camera_pack' returned '0': CMAKE_PREFIX_PATH=${CMAKE_PREFIX_PATH}:/opt/ros/humble _=/bin/env /bin/cmake --install /root/Desktop/QtrosAndOpenCV/hyzAndJoJo/build/camera_pack
