[0.674s] DEBUG:colcon:Command line arguments: ['/usr/local/bin/colcon', 'build', '--packages-select', 'opencv_node', '--symlink-install']
[0.674s] DEBUG:colcon:Parsed command line arguments: Namespace(log_base=None, log_level=None, verb_name='build', build_base='build', install_base='install', merge_install=False, symlink_install=True, test_result_base=None, continue_on_error=False, executor='parallel', parallel_workers=16, event_handlers=None, ignore_user_meta=False, metas=['./colcon.meta'], base_paths=['.'], packages_ignore=None, packages_ignore_regex=None, paths=None, packages_up_to=None, packages_up_to_regex=None, packages_above=None, packages_above_and_dependencies=None, packages_above_depth=None, packages_select_by_dep=None, packages_skip_by_dep=None, packages_skip_up_to=None, packages_select_build_failed=False, packages_skip_build_finished=False, packages_select_test_failures=False, packages_skip_test_passed=False, packages_select=['opencv_node'], packages_skip=None, packages_select_regex=None, packages_skip_regex=None, packages_start=None, packages_end=None, cmake_args=None, cmake_target=None, cmake_target_skip_unavailable=False, cmake_clean_cache=False, cmake_clean_first=False, cmake_force_configure=False, ament_cmake_args=None, catkin_cmake_args=None, catkin_skip_building_tests=False, verb_parser=<colcon_defaults.argument_parser.defaults.DefaultArgumentsDecorator object at 0x7f0d88364110>, verb_extension=<colcon_core.verb.build.BuildVerb object at 0x7f0d8749ec50>, main=<bound method BuildVerb.main of <colcon_core.verb.build.BuildVerb object at 0x7f0d8749ec50>>)
[0.830s] Level 1:colcon.colcon_core.package_discovery:discover_packages(colcon_meta) check parameters
[0.831s] Level 1:colcon.colcon_core.package_discovery:discover_packages(recursive) check parameters
[0.831s] Level 1:colcon.colcon_core.package_discovery:discover_packages(ignore) check parameters
[0.831s] Level 1:colcon.colcon_core.package_discovery:discover_packages(path) check parameters
[0.831s] Level 1:colcon.colcon_core.package_discovery:discover_packages(colcon_meta) discover
[0.831s] Level 1:colcon.colcon_core.package_discovery:discover_packages(recursive) discover
[0.832s] INFO:colcon.colcon_core.package_discovery:Crawling recursively for packages in '/root/Desktop/QtrosAndOpenCV/hyzAndJoJo'
[0.832s] Level 1:colcon.colcon_core.package_identification:_identify(.) by extensions ['ignore', 'ignore_ament_install']
[0.832s] Level 1:colcon.colcon_core.package_identification:_identify(.) by extension 'ignore'
[0.832s] Level 1:colcon.colcon_core.package_identification:_identify(.) by extension 'ignore_ament_install'
[0.833s] Level 1:colcon.colcon_core.package_identification:_identify(.) by extensions ['colcon_pkg']
[0.833s] Level 1:colcon.colcon_core.package_identification:_identify(.) by extension 'colcon_pkg'
[0.833s] Level 1:colcon.colcon_core.package_identification:_identify(.) by extensions ['colcon_meta']
[0.833s] Level 1:colcon.colcon_core.package_identification:_identify(.) by extension 'colcon_meta'
[0.833s] Level 1:colcon.colcon_core.package_identification:_identify(.) by extensions ['ros']
[0.833s] Level 1:colcon.colcon_core.package_identification:_identify(.) by extension 'ros'
[0.977s] Level 1:colcon.colcon_core.package_identification:_identify(.) by extensions ['cmake', 'python']
[0.977s] Level 1:colcon.colcon_core.package_identification:_identify(.) by extension 'cmake'
[0.977s] Level 1:colcon.colcon_core.package_identification:_identify(.) by extension 'python'
[0.978s] Level 1:colcon.colcon_core.package_identification:_identify(.) by extensions ['python_setup_py']
[0.978s] Level 1:colcon.colcon_core.package_identification:_identify(.) by extension 'python_setup_py'
[0.978s] Level 1:colcon.colcon_core.package_identification:_identify(build) by extensions ['ignore', 'ignore_ament_install']
[0.978s] Level 1:colcon.colcon_core.package_identification:_identify(build) by extension 'ignore'
[0.978s] Level 1:colcon.colcon_core.package_identification:_identify(build) ignored
[0.979s] Level 1:colcon.colcon_core.package_identification:_identify(install) by extensions ['ignore', 'ignore_ament_install']
[0.979s] Level 1:colcon.colcon_core.package_identification:_identify(install) by extension 'ignore'
[0.979s] Level 1:colcon.colcon_core.package_identification:_identify(install) ignored
[0.979s] Level 1:colcon.colcon_core.package_identification:_identify(log) by extensions ['ignore', 'ignore_ament_install']
[0.979s] Level 1:colcon.colcon_core.package_identification:_identify(log) by extension 'ignore'
[0.980s] Level 1:colcon.colcon_core.package_identification:_identify(log) ignored
[0.980s] Level 1:colcon.colcon_core.package_identification:_identify(src) by extensions ['ignore', 'ignore_ament_install']
[0.980s] Level 1:colcon.colcon_core.package_identification:_identify(src) by extension 'ignore'
[0.980s] Level 1:colcon.colcon_core.package_identification:_identify(src) by extension 'ignore_ament_install'
[0.980s] Level 1:colcon.colcon_core.package_identification:_identify(src) by extensions ['colcon_pkg']
[0.980s] Level 1:colcon.colcon_core.package_identification:_identify(src) by extension 'colcon_pkg'
[0.980s] Level 1:colcon.colcon_core.package_identification:_identify(src) by extensions ['colcon_meta']
[0.980s] Level 1:colcon.colcon_core.package_identification:_identify(src) by extension 'colcon_meta'
[0.981s] Level 1:colcon.colcon_core.package_identification:_identify(src) by extensions ['ros']
[0.981s] Level 1:colcon.colcon_core.package_identification:_identify(src) by extension 'ros'
[0.981s] Level 1:colcon.colcon_core.package_identification:_identify(src) by extensions ['cmake', 'python']
[0.981s] Level 1:colcon.colcon_core.package_identification:_identify(src) by extension 'cmake'
[0.981s] Level 1:colcon.colcon_core.package_identification:_identify(src) by extension 'python'
[0.981s] Level 1:colcon.colcon_core.package_identification:_identify(src) by extensions ['python_setup_py']
[0.981s] Level 1:colcon.colcon_core.package_identification:_identify(src) by extension 'python_setup_py'
[0.981s] Level 1:colcon.colcon_core.package_identification:_identify(src/camera_pack) by extensions ['ignore', 'ignore_ament_install']
[0.982s] Level 1:colcon.colcon_core.package_identification:_identify(src/camera_pack) by extension 'ignore'
[0.982s] Level 1:colcon.colcon_core.package_identification:_identify(src/camera_pack) by extension 'ignore_ament_install'
[0.982s] Level 1:colcon.colcon_core.package_identification:_identify(src/camera_pack) by extensions ['colcon_pkg']
[0.982s] Level 1:colcon.colcon_core.package_identification:_identify(src/camera_pack) by extension 'colcon_pkg'
[0.982s] Level 1:colcon.colcon_core.package_identification:_identify(src/camera_pack) by extensions ['colcon_meta']
[0.982s] Level 1:colcon.colcon_core.package_identification:_identify(src/camera_pack) by extension 'colcon_meta'
[0.982s] Level 1:colcon.colcon_core.package_identification:_identify(src/camera_pack) by extensions ['ros']
[0.982s] Level 1:colcon.colcon_core.package_identification:_identify(src/camera_pack) by extension 'ros'
[0.989s] DEBUG:colcon.colcon_core.package_identification:Package 'src/camera_pack' with type 'ros.ament_cmake' and name 'camera_pack'
[0.990s] Level 1:colcon.colcon_core.package_identification:_identify(src/opencv_node) by extensions ['ignore', 'ignore_ament_install']
[0.990s] Level 1:colcon.colcon_core.package_identification:_identify(src/opencv_node) by extension 'ignore'
[0.990s] Level 1:colcon.colcon_core.package_identification:_identify(src/opencv_node) by extension 'ignore_ament_install'
[0.990s] Level 1:colcon.colcon_core.package_identification:_identify(src/opencv_node) by extensions ['colcon_pkg']
[0.990s] Level 1:colcon.colcon_core.package_identification:_identify(src/opencv_node) by extension 'colcon_pkg'
[0.990s] Level 1:colcon.colcon_core.package_identification:_identify(src/opencv_node) by extensions ['colcon_meta']
[0.990s] Level 1:colcon.colcon_core.package_identification:_identify(src/opencv_node) by extension 'colcon_meta'
[0.991s] Level 1:colcon.colcon_core.package_identification:_identify(src/opencv_node) by extensions ['ros']
[0.991s] Level 1:colcon.colcon_core.package_identification:_identify(src/opencv_node) by extension 'ros'
[0.993s] DEBUG:colcon.colcon_core.package_identification:Package 'src/opencv_node' with type 'ros.ament_cmake' and name 'opencv_node'
[0.993s] Level 1:colcon.colcon_core.package_identification:_identify(src/rqt_display_node) by extensions ['ignore', 'ignore_ament_install']
[0.994s] Level 1:colcon.colcon_core.package_identification:_identify(src/rqt_display_node) by extension 'ignore'
[0.994s] Level 1:colcon.colcon_core.package_identification:_identify(src/rqt_display_node) by extension 'ignore_ament_install'
[0.994s] Level 1:colcon.colcon_core.package_identification:_identify(src/rqt_display_node) by extensions ['colcon_pkg']
[0.994s] Level 1:colcon.colcon_core.package_identification:_identify(src/rqt_display_node) by extension 'colcon_pkg'
[0.994s] Level 1:colcon.colcon_core.package_identification:_identify(src/rqt_display_node) by extensions ['colcon_meta']
[0.994s] Level 1:colcon.colcon_core.package_identification:_identify(src/rqt_display_node) by extension 'colcon_meta'
[0.994s] Level 1:colcon.colcon_core.package_identification:_identify(src/rqt_display_node) by extensions ['ros']
[0.994s] Level 1:colcon.colcon_core.package_identification:_identify(src/rqt_display_node) by extension 'ros'
[0.996s] DEBUG:colcon.colcon_core.package_identification:Package 'src/rqt_display_node' with type 'ros.ament_cmake' and name 'rqt_display_node'
[0.996s] Level 1:colcon.colcon_core.package_identification:_identify(src/usb_camera_node) by extensions ['ignore', 'ignore_ament_install']
[0.996s] Level 1:colcon.colcon_core.package_identification:_identify(src/usb_camera_node) by extension 'ignore'
[0.996s] Level 1:colcon.colcon_core.package_identification:_identify(src/usb_camera_node) by extension 'ignore_ament_install'
[0.997s] Level 1:colcon.colcon_core.package_identification:_identify(src/usb_camera_node) by extensions ['colcon_pkg']
[0.997s] Level 1:colcon.colcon_core.package_identification:_identify(src/usb_camera_node) by extension 'colcon_pkg'
[0.997s] Level 1:colcon.colcon_core.package_identification:_identify(src/usb_camera_node) by extensions ['colcon_meta']
[0.997s] Level 1:colcon.colcon_core.package_identification:_identify(src/usb_camera_node) by extension 'colcon_meta'
[0.997s] Level 1:colcon.colcon_core.package_identification:_identify(src/usb_camera_node) by extensions ['ros']
[0.997s] Level 1:colcon.colcon_core.package_identification:_identify(src/usb_camera_node) by extension 'ros'
[0.998s] DEBUG:colcon.colcon_core.package_identification:Package 'src/usb_camera_node' with type 'ros.ament_cmake' and name 'usb_camera_node'
[1.002s] Level 1:colcon.colcon_core.package_discovery:discover_packages(recursive) using defaults
[1.002s] Level 1:colcon.colcon_core.package_discovery:discover_packages(ignore) discover
[1.002s] Level 1:colcon.colcon_core.package_discovery:discover_packages(ignore) using defaults
[1.002s] Level 1:colcon.colcon_core.package_discovery:discover_packages(path) discover
[1.002s] Level 1:colcon.colcon_core.package_discovery:discover_packages(path) using defaults
[1.072s] INFO:colcon.colcon_core.package_selection:Skipping not selected package 'camera_pack' in 'src/camera_pack'
[1.072s] INFO:colcon.colcon_core.package_selection:Skipping not selected package 'rqt_display_node' in 'src/rqt_display_node'
[1.072s] INFO:colcon.colcon_core.package_selection:Skipping not selected package 'usb_camera_node' in 'src/usb_camera_node'
[1.073s] Level 5:colcon.colcon_core.verb:set package 'opencv_node' build argument 'cmake_args' from command line to 'None'
[1.073s] Level 5:colcon.colcon_core.verb:set package 'opencv_node' build argument 'cmake_target' from command line to 'None'
[1.073s] Level 5:colcon.colcon_core.verb:set package 'opencv_node' build argument 'cmake_target_skip_unavailable' from command line to 'False'
[1.074s] Level 5:colcon.colcon_core.verb:set package 'opencv_node' build argument 'cmake_clean_cache' from command line to 'False'
[1.074s] Level 5:colcon.colcon_core.verb:set package 'opencv_node' build argument 'cmake_clean_first' from command line to 'False'
[1.074s] Level 5:colcon.colcon_core.verb:set package 'opencv_node' build argument 'cmake_force_configure' from command line to 'False'
[1.074s] Level 5:colcon.colcon_core.verb:set package 'opencv_node' build argument 'ament_cmake_args' from command line to 'None'
[1.074s] Level 5:colcon.colcon_core.verb:set package 'opencv_node' build argument 'catkin_cmake_args' from command line to 'None'
[1.074s] Level 5:colcon.colcon_core.verb:set package 'opencv_node' build argument 'catkin_skip_building_tests' from command line to 'False'
[1.074s] DEBUG:colcon.colcon_core.verb:Building package 'opencv_node' with the following arguments: {'ament_cmake_args': None, 'build_base': '/root/Desktop/QtrosAndOpenCV/hyzAndJoJo/build/opencv_node', 'catkin_cmake_args': None, 'catkin_skip_building_tests': False, 'cmake_args': None, 'cmake_clean_cache': False, 'cmake_clean_first': False, 'cmake_force_configure': False, 'cmake_target': None, 'cmake_target_skip_unavailable': False, 'install_base': '/root/Desktop/QtrosAndOpenCV/hyzAndJoJo/install/opencv_node', 'merge_install': False, 'path': '/root/Desktop/QtrosAndOpenCV/hyzAndJoJo/src/opencv_node', 'symlink_install': True, 'test_result_base': None}
[1.074s] INFO:colcon.colcon_core.executor:Executing jobs using 'parallel' executor
[1.095s] DEBUG:colcon.colcon_parallel_executor.executor.parallel:run_until_complete
[1.095s] INFO:colcon.colcon_ros.task.ament_cmake.build:Building ROS package in '/root/Desktop/QtrosAndOpenCV/hyzAndJoJo/src/opencv_node' with build type 'ament_cmake'
[1.096s] INFO:colcon.colcon_cmake.task.cmake.build:Building CMake package in '/root/Desktop/QtrosAndOpenCV/hyzAndJoJo/src/opencv_node'
[1.102s] INFO:colcon.colcon_core.plugin_system:Skipping extension 'colcon_core.shell.bat': Not used on non-Windows systems
[1.102s] INFO:colcon.colcon_core.shell:Skip shell extension 'powershell' for command environment: Not usable outside of PowerShell
[1.103s] DEBUG:colcon.colcon_core.shell:Skip shell extension 'dsv' for command environment
[1.133s] DEBUG:colcon.colcon_core.event_handler.log_command:Invoking command in '/root/Desktop/QtrosAndOpenCV/hyzAndJoJo/build/opencv_node': CMAKE_PREFIX_PATH=${CMAKE_PREFIX_PATH}:/opt/ros/humble _=/bin/env /bin/cmake --build /root/Desktop/QtrosAndOpenCV/hyzAndJoJo/build/opencv_node -- -j16 -l16
[30.147s] DEBUG:colcon.colcon_core.event_handler.log_command:Invoked command in '/root/Desktop/QtrosAndOpenCV/hyzAndJoJo/build/opencv_node' returned '0': CMAKE_PREFIX_PATH=${CMAKE_PREFIX_PATH}:/opt/ros/humble _=/bin/env /bin/cmake --build /root/Desktop/QtrosAndOpenCV/hyzAndJoJo/build/opencv_node -- -j16 -l16
[30.205s] DEBUG:colcon.colcon_core.event_handler.log_command:Invoking command in '/root/Desktop/QtrosAndOpenCV/hyzAndJoJo/build/opencv_node': CMAKE_PREFIX_PATH=${CMAKE_PREFIX_PATH}:/opt/ros/humble _=/bin/env /bin/cmake --install /root/Desktop/QtrosAndOpenCV/hyzAndJoJo/build/opencv_node
[30.526s] Level 1:colcon.colcon_core.environment:create_environment_scripts_only(opencv_node)
[30.528s] DEBUG:colcon.colcon_core.event_handler.log_command:Invoked command in '/root/Desktop/QtrosAndOpenCV/hyzAndJoJo/build/opencv_node' returned '0': CMAKE_PREFIX_PATH=${CMAKE_PREFIX_PATH}:/opt/ros/humble _=/bin/env /bin/cmake --install /root/Desktop/QtrosAndOpenCV/hyzAndJoJo/build/opencv_node
[30.534s] Level 1:colcon.colcon_core.environment:checking '/root/Desktop/QtrosAndOpenCV/hyzAndJoJo/install/opencv_node' for CMake module files
[30.537s] Level 1:colcon.colcon_core.environment:checking '/root/Desktop/QtrosAndOpenCV/hyzAndJoJo/install/opencv_node' for CMake config files
[30.537s] Level 1:colcon.colcon_core.shell:create_environment_hook('opencv_node', 'cmake_prefix_path')
[30.538s] INFO:colcon.colcon_core.shell:Creating environment hook '/root/Desktop/QtrosAndOpenCV/hyzAndJoJo/install/opencv_node/share/opencv_node/hook/cmake_prefix_path.ps1'
[30.539s] INFO:colcon.colcon_core.shell:Creating environment descriptor '/root/Desktop/QtrosAndOpenCV/hyzAndJoJo/install/opencv_node/share/opencv_node/hook/cmake_prefix_path.dsv'
[30.540s] INFO:colcon.colcon_core.shell:Creating environment hook '/root/Desktop/QtrosAndOpenCV/hyzAndJoJo/install/opencv_node/share/opencv_node/hook/cmake_prefix_path.sh'
[30.545s] Level 1:colcon.colcon_core.environment:checking '/root/Desktop/QtrosAndOpenCV/hyzAndJoJo/install/opencv_node/lib'
[30.545s] Level 1:colcon.colcon_core.environment:checking '/root/Desktop/QtrosAndOpenCV/hyzAndJoJo/install/opencv_node/bin'
[30.546s] Level 1:colcon.colcon_core.environment:checking '/root/Desktop/QtrosAndOpenCV/hyzAndJoJo/install/opencv_node/lib/pkgconfig/opencv_node.pc'
[30.550s] Level 1:colcon.colcon_core.environment:checking '/root/Desktop/QtrosAndOpenCV/hyzAndJoJo/install/opencv_node/lib/python3.11/site-packages'
[30.551s] Level 1:colcon.colcon_core.environment:checking '/root/Desktop/QtrosAndOpenCV/hyzAndJoJo/install/opencv_node/bin'
[30.552s] INFO:colcon.colcon_core.shell:Creating package script '/root/Desktop/QtrosAndOpenCV/hyzAndJoJo/install/opencv_node/share/opencv_node/package.ps1'
[30.556s] INFO:colcon.colcon_core.shell:Creating package descriptor '/root/Desktop/QtrosAndOpenCV/hyzAndJoJo/install/opencv_node/share/opencv_node/package.dsv'
[30.557s] INFO:colcon.colcon_core.shell:Creating package script '/root/Desktop/QtrosAndOpenCV/hyzAndJoJo/install/opencv_node/share/opencv_node/package.sh'
[30.559s] INFO:colcon.colcon_core.shell:Creating package script '/root/Desktop/QtrosAndOpenCV/hyzAndJoJo/install/opencv_node/share/opencv_node/package.bash'
[30.561s] INFO:colcon.colcon_core.shell:Creating package script '/root/Desktop/QtrosAndOpenCV/hyzAndJoJo/install/opencv_node/share/opencv_node/package.zsh'
[30.564s] Level 1:colcon.colcon_core.environment:create_file_with_runtime_dependencies(/root/Desktop/QtrosAndOpenCV/hyzAndJoJo/install/opencv_node/share/colcon-core/packages/opencv_node)
[30.632s] Level 1:colcon.colcon_core.environment:create_environment_scripts_only(opencv_node)
[30.634s] Level 1:colcon.colcon_core.environment:checking '/root/Desktop/QtrosAndOpenCV/hyzAndJoJo/install/opencv_node' for CMake module files
[30.634s] Level 1:colcon.colcon_core.environment:checking '/root/Desktop/QtrosAndOpenCV/hyzAndJoJo/install/opencv_node' for CMake config files
[30.635s] Level 1:colcon.colcon_core.shell:create_environment_hook('opencv_node', 'cmake_prefix_path')
[30.635s] INFO:colcon.colcon_core.shell:Creating environment hook '/root/Desktop/QtrosAndOpenCV/hyzAndJoJo/install/opencv_node/share/opencv_node/hook/cmake_prefix_path.ps1'
[30.636s] INFO:colcon.colcon_core.shell:Creating environment descriptor '/root/Desktop/QtrosAndOpenCV/hyzAndJoJo/install/opencv_node/share/opencv_node/hook/cmake_prefix_path.dsv'
[30.637s] INFO:colcon.colcon_core.shell:Creating environment hook '/root/Desktop/QtrosAndOpenCV/hyzAndJoJo/install/opencv_node/share/opencv_node/hook/cmake_prefix_path.sh'
[30.638s] Level 1:colcon.colcon_core.environment:checking '/root/Desktop/QtrosAndOpenCV/hyzAndJoJo/install/opencv_node/lib'
[30.638s] Level 1:colcon.colcon_core.environment:checking '/root/Desktop/QtrosAndOpenCV/hyzAndJoJo/install/opencv_node/bin'
[30.638s] Level 1:colcon.colcon_core.environment:checking '/root/Desktop/QtrosAndOpenCV/hyzAndJoJo/install/opencv_node/lib/pkgconfig/opencv_node.pc'
[30.638s] Level 1:colcon.colcon_core.environment:checking '/root/Desktop/QtrosAndOpenCV/hyzAndJoJo/install/opencv_node/lib/python3.11/site-packages'
[30.638s] Level 1:colcon.colcon_core.environment:checking '/root/Desktop/QtrosAndOpenCV/hyzAndJoJo/install/opencv_node/bin'
[30.639s] INFO:colcon.colcon_core.shell:Creating package script '/root/Desktop/QtrosAndOpenCV/hyzAndJoJo/install/opencv_node/share/opencv_node/package.ps1'
[30.639s] INFO:colcon.colcon_core.shell:Creating package descriptor '/root/Desktop/QtrosAndOpenCV/hyzAndJoJo/install/opencv_node/share/opencv_node/package.dsv'
[30.640s] INFO:colcon.colcon_core.shell:Creating package script '/root/Desktop/QtrosAndOpenCV/hyzAndJoJo/install/opencv_node/share/opencv_node/package.sh'
[30.641s] INFO:colcon.colcon_core.shell:Creating package script '/root/Desktop/QtrosAndOpenCV/hyzAndJoJo/install/opencv_node/share/opencv_node/package.bash'
[30.642s] INFO:colcon.colcon_core.shell:Creating package script '/root/Desktop/QtrosAndOpenCV/hyzAndJoJo/install/opencv_node/share/opencv_node/package.zsh'
[30.642s] Level 1:colcon.colcon_core.environment:create_file_with_runtime_dependencies(/root/Desktop/QtrosAndOpenCV/hyzAndJoJo/install/opencv_node/share/colcon-core/packages/opencv_node)
[30.643s] DEBUG:colcon.colcon_parallel_executor.executor.parallel:closing loop
[30.644s] DEBUG:colcon.colcon_parallel_executor.executor.parallel:loop closed
[30.644s] DEBUG:colcon.colcon_parallel_executor.executor.parallel:run_until_complete finished with '0'
[30.644s] DEBUG:colcon.colcon_core.event_reactor:joining thread
[30.660s] INFO:colcon.colcon_core.plugin_system:Skipping extension 'colcon_notification.desktop_notification.terminal_notifier': Not used on non-Darwin systems
[30.660s] INFO:colcon.colcon_core.plugin_system:Skipping extension 'colcon_notification.desktop_notification.win32': Not used on non-Windows systems
[30.661s] INFO:colcon.colcon_notification.desktop_notification:Sending desktop notification using 'notify2'
[31.155s] DEBUG:colcon.colcon_core.event_reactor:joined thread
[31.155s] INFO:colcon.colcon_core.shell:Creating prefix script '/root/Desktop/QtrosAndOpenCV/hyzAndJoJo/install/local_setup.ps1'
[31.157s] INFO:colcon.colcon_core.shell:Creating prefix util module '/root/Desktop/QtrosAndOpenCV/hyzAndJoJo/install/_local_setup_util_ps1.py'
[31.158s] INFO:colcon.colcon_core.shell:Creating prefix chain script '/root/Desktop/QtrosAndOpenCV/hyzAndJoJo/install/setup.ps1'
[31.160s] INFO:colcon.colcon_core.shell:Creating prefix script '/root/Desktop/QtrosAndOpenCV/hyzAndJoJo/install/local_setup.sh'
[31.160s] INFO:colcon.colcon_core.shell:Creating prefix util module '/root/Desktop/QtrosAndOpenCV/hyzAndJoJo/install/_local_setup_util_sh.py'
[31.161s] INFO:colcon.colcon_core.shell:Creating prefix chain script '/root/Desktop/QtrosAndOpenCV/hyzAndJoJo/install/setup.sh'
[31.164s] INFO:colcon.colcon_core.shell:Creating prefix script '/root/Desktop/QtrosAndOpenCV/hyzAndJoJo/install/local_setup.bash'
[31.165s] INFO:colcon.colcon_core.shell:Creating prefix chain script '/root/Desktop/QtrosAndOpenCV/hyzAndJoJo/install/setup.bash'
[31.167s] INFO:colcon.colcon_core.shell:Creating prefix script '/root/Desktop/QtrosAndOpenCV/hyzAndJoJo/install/local_setup.zsh'
[31.167s] INFO:colcon.colcon_core.shell:Creating prefix chain script '/root/Desktop/QtrosAndOpenCV/hyzAndJoJo/install/setup.zsh'
