[0.070s] Invoking command in '/root/Desktop/QtrosAndOpenCV/hyzAndJoJo/build/rqt_display_node': CMAKE_PREFIX_PATH=${CMAKE_PREFIX_PATH}:/opt/ros/humble _=/bin/env /bin/cmake /root/Desktop/QtrosAndOpenCV/hyzAndJoJo/src/rqt_display_node -DCMAKE_INSTALL_PREFIX=/root/Desktop/QtrosAndOpenCV/hyzAndJoJo/install/rqt_display_node
[0.172s] -- Found ament_cmake: 1.3.4 (/opt/ros/humble/share/ament_cmake/cmake)
[1.192s] -- Override CMake install command with custom implementation using symlinks instead of copying resources
[1.219s] -- Found rclcpp: 16.0.4 (/opt/ros/humble/share/rclcpp/cmake)
[1.295s] -- Found rosidl_generator_c: 3.1.4 (/opt/ros/humble/share/rosidl_generator_c/cmake)
[1.304s] -- Found rosidl_adapter: 3.1.4 (/opt/ros/humble/share/rosidl_adapter/cmake)
[1.340s] -- Found rosidl_generator_cpp: 3.1.4 (/opt/ros/humble/share/rosidl_generator_cpp/cmake)
[1.374s] -- Using all available rosidl_typesupport_c: rosidl_typesupport_fastrtps_c;rosidl_typesupport_introspection_c
[1.411s] -- Using all available rosidl_typesupport_cpp: rosidl_typesupport_fastrtps_cpp;rosidl_typesupport_introspection_cpp
[1.563s] -- Found rmw_implementation_cmake: 6.1.1 (/opt/ros/humble/share/rmw_implementation_cmake/cmake)
[1.564s] -- Found rmw_fastrtps_cpp: 6.2.2 (/opt/ros/humble/share/rmw_fastrtps_cpp/cmake)
[1.836s] -- Using RMW implementation 'rmw_fastrtps_cpp' as default
[2.302s] -- Found sensor_msgs: 4.2.3 (/opt/ros/humble/share/sensor_msgs/cmake)
[2.644s] -- Found cv_bridge: 3.2.1 (/opt/ros/humble/share/cv_bridge/cmake)
[2.675s] -- Found rqt_gui_cpp: 1.1.5 (/opt/ros/humble/share/rqt_gui_cpp/cmake)
[2.694s] -- Found ament_lint_auto: 0.12.6 (/opt/ros/humble/share/ament_lint_auto/cmake)
[3.115s] -- Added test 'cppcheck' to perform static code analysis on C / C++ code
[3.116s] -- Configured cppcheck include dirs: /root/Desktop/QtrosAndOpenCV/hyzAndJoJo/src/rqt_display_node/include;$<BUILD_INTERFACE:/root/Desktop/QtrosAndOpenCV/hyzAndJoJo/src/rqt_display_node/include>
[3.116s] -- Configured cppcheck exclude dirs and/or files: 
[3.119s] -- Added test 'lint_cmake' to check CMake code style
[3.119s] -- Added test 'uncrustify' to check C / C++ code style
[3.120s] -- Configured uncrustify additional arguments: 
[3.120s] -- Added test 'xmllint' to check XML markup files
[3.120s] -- Configuring done (3.0s)
[3.219s] -- Generating done (0.1s)
[3.221s] -- Build files have been written to: /root/Desktop/QtrosAndOpenCV/hyzAndJoJo/build/rqt_display_node
[3.265s] Invoked command in '/root/Desktop/QtrosAndOpenCV/hyzAndJoJo/build/rqt_display_node' returned '0': CMAKE_PREFIX_PATH=${CMAKE_PREFIX_PATH}:/opt/ros/humble _=/bin/env /bin/cmake /root/Desktop/QtrosAndOpenCV/hyzAndJoJo/src/rqt_display_node -DCMAKE_INSTALL_PREFIX=/root/Desktop/QtrosAndOpenCV/hyzAndJoJo/install/rqt_display_node
[3.266s] Invoking command in '/root/Desktop/QtrosAndOpenCV/hyzAndJoJo/build/rqt_display_node': CMAKE_PREFIX_PATH=${CMAKE_PREFIX_PATH}:/opt/ros/humble _=/bin/env /bin/cmake --build /root/Desktop/QtrosAndOpenCV/hyzAndJoJo/build/rqt_display_node -- -j16 -l16
[3.420s] [ 50%] [32mBuilding CXX object CMakeFiles/camera_pack.dir/src/rqt_display_node.cpp.o[0m
[28.685s] [100%] [32m[1mLinking CXX executable camera_pack[0m
[30.251s] [100%] Built target camera_pack
[30.274s] Invoked command in '/root/Desktop/QtrosAndOpenCV/hyzAndJoJo/build/rqt_display_node' returned '0': CMAKE_PREFIX_PATH=${CMAKE_PREFIX_PATH}:/opt/ros/humble _=/bin/env /bin/cmake --build /root/Desktop/QtrosAndOpenCV/hyzAndJoJo/build/rqt_display_node -- -j16 -l16
[30.355s] Invoking command in '/root/Desktop/QtrosAndOpenCV/hyzAndJoJo/build/rqt_display_node': CMAKE_PREFIX_PATH=${CMAKE_PREFIX_PATH}:/opt/ros/humble _=/bin/env /bin/cmake --install /root/Desktop/QtrosAndOpenCV/hyzAndJoJo/build/rqt_display_node
[30.370s] -- Install configuration: ""
[30.373s] -- Execute custom install script
[30.373s] -- Up-to-date symlink: /root/Desktop/QtrosAndOpenCV/hyzAndJoJo/install/rqt_display_node/lib/rqt_display_node/camera_pack
[30.373s] -- Up-to-date symlink: /root/Desktop/QtrosAndOpenCV/hyzAndJoJo/install/rqt_display_node/share/ament_index/resource_index/package_run_dependencies/rqt_display_node
[30.374s] -- Up-to-date symlink: /root/Desktop/QtrosAndOpenCV/hyzAndJoJo/install/rqt_display_node/share/ament_index/resource_index/parent_prefix_path/rqt_display_node
[30.374s] -- Up-to-date symlink: /root/Desktop/QtrosAndOpenCV/hyzAndJoJo/install/rqt_display_node/share/rqt_display_node/environment/ament_prefix_path.sh
[30.375s] -- Up-to-date symlink: /root/Desktop/QtrosAndOpenCV/hyzAndJoJo/install/rqt_display_node/share/rqt_display_node/environment/ament_prefix_path.dsv
[30.375s] -- Up-to-date symlink: /root/Desktop/QtrosAndOpenCV/hyzAndJoJo/install/rqt_display_node/share/rqt_display_node/environment/path.sh
[30.375s] -- Up-to-date symlink: /root/Desktop/QtrosAndOpenCV/hyzAndJoJo/install/rqt_display_node/share/rqt_display_node/environment/path.dsv
[30.377s] -- Up-to-date symlink: /root/Desktop/QtrosAndOpenCV/hyzAndJoJo/install/rqt_display_node/share/rqt_display_node/local_setup.bash
[30.377s] -- Up-to-date symlink: /root/Desktop/QtrosAndOpenCV/hyzAndJoJo/install/rqt_display_node/share/rqt_display_node/local_setup.sh
[30.378s] -- Up-to-date symlink: /root/Desktop/QtrosAndOpenCV/hyzAndJoJo/install/rqt_display_node/share/rqt_display_node/local_setup.zsh
[30.378s] -- Up-to-date symlink: /root/Desktop/QtrosAndOpenCV/hyzAndJoJo/install/rqt_display_node/share/rqt_display_node/local_setup.dsv
[30.378s] -- Symlinking: /root/Desktop/QtrosAndOpenCV/hyzAndJoJo/install/rqt_display_node/share/rqt_display_node/package.dsv
[30.400s] -- Up-to-date symlink: /root/Desktop/QtrosAndOpenCV/hyzAndJoJo/install/rqt_display_node/share/ament_index/resource_index/packages/rqt_display_node
[30.403s] -- Up-to-date symlink: /root/Desktop/QtrosAndOpenCV/hyzAndJoJo/install/rqt_display_node/share/rqt_display_node/cmake/rqt_display_nodeConfig.cmake
[30.403s] -- Up-to-date symlink: /root/Desktop/QtrosAndOpenCV/hyzAndJoJo/install/rqt_display_node/share/rqt_display_node/cmake/rqt_display_nodeConfig-version.cmake
[30.407s] -- Up-to-date symlink: /root/Desktop/QtrosAndOpenCV/hyzAndJoJo/install/rqt_display_node/share/rqt_display_node/package.xml
[30.416s] Invoked command in '/root/Desktop/QtrosAndOpenCV/hyzAndJoJo/build/rqt_display_node' returned '0': CMAKE_PREFIX_PATH=${CMAKE_PREFIX_PATH}:/opt/ros/humble _=/bin/env /bin/cmake --install /root/Desktop/QtrosAndOpenCV/hyzAndJoJo/build/rqt_display_node
