-- The C compiler identification is GNU 12.3.1
-- The CXX compiler identification is GNU 12.3.1
-- Detecting C compiler ABI info
-- Detecting C compiler ABI info - done
-- Check for working C compiler: /bin/cc - skipped
-- Detecting C compile features
-- Detecting C compile features - done
-- Detecting CXX compiler ABI info
-- Detecting CXX compiler ABI info - done
-- Check for working CXX compiler: /bin/c++ - skipped
-- Detecting CXX compile features
-- Detecting CXX compile features - done
-- Found ament_cmake: 1.3.4 (/opt/ros/humble/share/ament_cmake/cmake)
-- Found Python3: /bin/python3.11 (found version "3.11.6") found components: Interpreter 
-- Found rclcpp: 16.0.4 (/opt/ros/humble/share/rclcpp/cmake)
-- Found rosidl_generator_c: 3.1.4 (/opt/ros/humble/share/rosidl_generator_c/cmake)
-- Found rosidl_adapter: 3.1.4 (/opt/ros/humble/share/rosidl_adapter/cmake)
-- Found rosidl_generator_cpp: 3.1.4 (/opt/ros/humble/share/rosidl_generator_cpp/cmake)
-- Using all available rosidl_typesupport_c: rosidl_typesupport_fastrtps_c;rosidl_typesupport_introspection_c
-- Using all available rosidl_typesupport_cpp: rosidl_typesupport_fastrtps_cpp;rosidl_typesupport_introspection_cpp
-- Found rmw_implementation_cmake: 6.1.1 (/opt/ros/humble/share/rmw_implementation_cmake/cmake)
-- Found rmw_fastrtps_cpp: 6.2.2 (/opt/ros/humble/share/rmw_fastrtps_cpp/cmake)
-- Found OpenSSL: /usr/lib64/libcrypto.so (found version "3.0.12")  
-- Found FastRTPS: /opt/ros/humble/include  
-- Using RMW implementation 'rmw_fastrtps_cpp' as default
-- Performing Test CMAKE_HAVE_LIBC_PTHREAD
-- Performing Test CMAKE_HAVE_LIBC_PTHREAD - Success
-- Found Threads: TRUE  
-- Found OpenCV: /usr (found version "4.5.2") 
[0mCMake Deprecation Warning at CMakeLists.txt:58 (message):
   555opencv_calib3d;opencv_core;opencv_dnn;opencv_features2d;opencv_flann;opencv_highgui;opencv_imgcodecs;opencv_imgproc;opencv_ml;opencv_objdetect;opencv_photo;opencv_stitching;opencv_video;opencv_videoio555 

[0m
-- Found ament_lint_auto: 0.12.6 (/opt/ros/humble/share/ament_lint_auto/cmake)
-- Added test 'cppcheck' to perform static code analysis on C / C++ code
-- Configured cppcheck include dirs: $<BUILD_INTERFACE:/root/Desktop/QtrosAndOpenCV/hyzAndJoJo/src/camera_pack/include>
-- Configured cppcheck exclude dirs and/or files: 
-- Added test 'lint_cmake' to check CMake code style
-- Added test 'uncrustify' to check C / C++ code style
-- Configured uncrustify additional arguments: 
-- Added test 'xmllint' to check XML markup files
-- Configuring done (4.9s)
-- Generating done (0.1s)
-- Build files have been written to: /root/Desktop/QtrosAndOpenCV/hyzAndJoJo/build/camera_pack
[ 25%] [34m[1mAutomatic MOC and UIC for target camera_ros2_opencv4[0m
[ 25%] Built target camera_ros2_opencv4_autogen
[ 50%] [32mBuilding CXX object CMakeFiles/camera_ros2_opencv4.dir/src/camera_ros2_opencv4.cpp.o[0m
[ 75%] [32mBuilding CXX object CMakeFiles/camera_ros2_opencv4.dir/camera_ros2_opencv4_autogen/mocs_compilation.cpp.o[0m
[100%] [32m[1mLinking CXX executable camera_ros2_opencv4[0m
[100%] Built target camera_ros2_opencv4
-- Install configuration: ""
-- Installing: /root/Desktop/QtrosAndOpenCV/hyzAndJoJo/install/camera_pack/lib/camera_pack/camera_ros2_opencv4
-- Set runtime path of "/root/Desktop/QtrosAndOpenCV/hyzAndJoJo/install/camera_pack/lib/camera_pack/camera_ros2_opencv4" to ""
-- Installing: /root/Desktop/QtrosAndOpenCV/hyzAndJoJo/install/camera_pack/share/ament_index/resource_index/package_run_dependencies/camera_pack
-- Installing: /root/Desktop/QtrosAndOpenCV/hyzAndJoJo/install/camera_pack/share/ament_index/resource_index/parent_prefix_path/camera_pack
-- Installing: /root/Desktop/QtrosAndOpenCV/hyzAndJoJo/install/camera_pack/share/camera_pack/environment/ament_prefix_path.sh
-- Installing: /root/Desktop/QtrosAndOpenCV/hyzAndJoJo/install/camera_pack/share/camera_pack/environment/ament_prefix_path.dsv
-- Installing: /root/Desktop/QtrosAndOpenCV/hyzAndJoJo/install/camera_pack/share/camera_pack/environment/path.sh
-- Installing: /root/Desktop/QtrosAndOpenCV/hyzAndJoJo/install/camera_pack/share/camera_pack/environment/path.dsv
-- Installing: /root/Desktop/QtrosAndOpenCV/hyzAndJoJo/install/camera_pack/share/camera_pack/local_setup.bash
-- Installing: /root/Desktop/QtrosAndOpenCV/hyzAndJoJo/install/camera_pack/share/camera_pack/local_setup.sh
-- Installing: /root/Desktop/QtrosAndOpenCV/hyzAndJoJo/install/camera_pack/share/camera_pack/local_setup.zsh
-- Installing: /root/Desktop/QtrosAndOpenCV/hyzAndJoJo/install/camera_pack/share/camera_pack/local_setup.dsv
-- Installing: /root/Desktop/QtrosAndOpenCV/hyzAndJoJo/install/camera_pack/share/camera_pack/package.dsv
-- Installing: /root/Desktop/QtrosAndOpenCV/hyzAndJoJo/install/camera_pack/share/ament_index/resource_index/packages/camera_pack
-- Installing: /root/Desktop/QtrosAndOpenCV/hyzAndJoJo/install/camera_pack/share/camera_pack/cmake/camera_packConfig.cmake
-- Installing: /root/Desktop/QtrosAndOpenCV/hyzAndJoJo/install/camera_pack/share/camera_pack/cmake/camera_packConfig-version.cmake
-- Installing: /root/Desktop/QtrosAndOpenCV/hyzAndJoJo/install/camera_pack/share/camera_pack/package.xml
