[0.097s] Invoking command in '/root/Desktop/QtrosAndOpenCV/hyzAndJoJo/build/camera_pack': CMAKE_PREFIX_PATH=${CMAKE_PREFIX_PATH}:/opt/ros/humble _=/bin/env /bin/cmake /root/Desktop/QtrosAndOpenCV/hyzAndJoJo/src/camera_pack -DCMAKE_INSTALL_PREFIX=/root/Desktop/QtrosAndOpenCV/hyzAndJoJo/install/camera_pack
[0.261s] -- The C compiler identification is GNU 12.3.1
[0.445s] -- The CXX compiler identification is GNU 12.3.1
[0.484s] -- Detecting C compiler ABI info
[0.697s] -- Detecting C compiler ABI info - done
[0.733s] -- Check for working C compiler: /bin/cc - skipped
[0.733s] -- Detecting C compile features
[0.733s] -- Detecting C compile features - done
[0.780s] -- Detecting CXX compiler ABI info
[1.124s] -- Detecting CXX compiler ABI info - done
[1.150s] -- Check for working CXX compiler: /bin/c++ - skipped
[1.150s] -- Detecting CXX compile features
[1.150s] -- Detecting CXX compile features - done
[1.230s] -- Found ament_cmake: 1.3.4 (/opt/ros/humble/share/ament_cmake/cmake)
[2.737s] -- Found Python3: /bin/python3.11 (found version "3.11.6") found components: Interpreter 
[3.018s] -- Found rclcpp: 16.0.4 (/opt/ros/humble/share/rclcpp/cmake)
[3.165s] -- Found rosidl_generator_c: 3.1.4 (/opt/ros/humble/share/rosidl_generator_c/cmake)
[3.175s] -- Found rosidl_adapter: 3.1.4 (/opt/ros/humble/share/rosidl_adapter/cmake)
[3.191s] -- Found rosidl_generator_cpp: 3.1.4 (/opt/ros/humble/share/rosidl_generator_cpp/cmake)
[3.238s] -- Using all available rosidl_typesupport_c: rosidl_typesupport_fastrtps_c;rosidl_typesupport_introspection_c
[3.302s] -- Using all available rosidl_typesupport_cpp: rosidl_typesupport_fastrtps_cpp;rosidl_typesupport_introspection_cpp
[3.550s] -- Found rmw_implementation_cmake: 6.1.1 (/opt/ros/humble/share/rmw_implementation_cmake/cmake)
[3.590s] -- Found rmw_fastrtps_cpp: 6.2.2 (/opt/ros/humble/share/rmw_fastrtps_cpp/cmake)
[3.824s] -- Found OpenSSL: /usr/lib64/libcrypto.so (found version "3.0.12")  
[3.870s] -- Found FastRTPS: /opt/ros/humble/include  
[3.949s] -- Using RMW implementation 'rmw_fastrtps_cpp' as default
[3.989s] -- Performing Test CMAKE_HAVE_LIBC_PTHREAD
[4.194s] -- Performing Test CMAKE_HAVE_LIBC_PTHREAD - Success
[4.194s] -- Found Threads: TRUE  
[4.677s] -- Found OpenCV: /usr (found version "4.5.2") 
[4.686s] [0mCMake Deprecation Warning at CMakeLists.txt:58 (message):
[4.686s]    555opencv_calib3d;opencv_core;opencv_dnn;opencv_features2d;opencv_flann;opencv_highgui;opencv_imgcodecs;opencv_imgproc;opencv_ml;opencv_objdetect;opencv_photo;opencv_stitching;opencv_video;opencv_videoio555 
[4.686s] 
[4.686s] [0m
[4.703s] -- Found ament_lint_auto: 0.12.6 (/opt/ros/humble/share/ament_lint_auto/cmake)
[5.010s] -- Added test 'cppcheck' to perform static code analysis on C / C++ code
[5.010s] -- Configured cppcheck include dirs: $<BUILD_INTERFACE:/root/Desktop/QtrosAndOpenCV/hyzAndJoJo/src/camera_pack/include>
[5.010s] -- Configured cppcheck exclude dirs and/or files: 
[5.011s] -- Added test 'lint_cmake' to check CMake code style
[5.011s] -- Added test 'uncrustify' to check C / C++ code style
[5.011s] -- Configured uncrustify additional arguments: 
[5.011s] -- Added test 'xmllint' to check XML markup files
[5.011s] -- Configuring done (4.9s)
[5.242s] -- Generating done (0.1s)
[5.242s] -- Build files have been written to: /root/Desktop/QtrosAndOpenCV/hyzAndJoJo/build/camera_pack
[5.247s] Invoked command in '/root/Desktop/QtrosAndOpenCV/hyzAndJoJo/build/camera_pack' returned '0': CMAKE_PREFIX_PATH=${CMAKE_PREFIX_PATH}:/opt/ros/humble _=/bin/env /bin/cmake /root/Desktop/QtrosAndOpenCV/hyzAndJoJo/src/camera_pack -DCMAKE_INSTALL_PREFIX=/root/Desktop/QtrosAndOpenCV/hyzAndJoJo/install/camera_pack
[5.248s] Invoking command in '/root/Desktop/QtrosAndOpenCV/hyzAndJoJo/build/camera_pack': CMAKE_PREFIX_PATH=${CMAKE_PREFIX_PATH}:/opt/ros/humble _=/bin/env /bin/cmake --build /root/Desktop/QtrosAndOpenCV/hyzAndJoJo/build/camera_pack -- -j16 -l16
[5.431s] [ 25%] [34m[1mAutomatic MOC and UIC for target camera_ros2_opencv4[0m
[5.531s] [ 25%] Built target camera_ros2_opencv4_autogen
[5.579s] [ 50%] [32mBuilding CXX object CMakeFiles/camera_ros2_opencv4.dir/src/camera_ros2_opencv4.cpp.o[0m
[5.587s] [ 75%] [32mBuilding CXX object CMakeFiles/camera_ros2_opencv4.dir/camera_ros2_opencv4_autogen/mocs_compilation.cpp.o[0m
[10.488s] [100%] [32m[1mLinking CXX executable camera_ros2_opencv4[0m
[11.923s] [100%] Built target camera_ros2_opencv4
[11.940s] Invoked command in '/root/Desktop/QtrosAndOpenCV/hyzAndJoJo/build/camera_pack' returned '0': CMAKE_PREFIX_PATH=${CMAKE_PREFIX_PATH}:/opt/ros/humble _=/bin/env /bin/cmake --build /root/Desktop/QtrosAndOpenCV/hyzAndJoJo/build/camera_pack -- -j16 -l16
[12.031s] Invoking command in '/root/Desktop/QtrosAndOpenCV/hyzAndJoJo/build/camera_pack': CMAKE_PREFIX_PATH=${CMAKE_PREFIX_PATH}:/opt/ros/humble _=/bin/env /bin/cmake --install /root/Desktop/QtrosAndOpenCV/hyzAndJoJo/build/camera_pack
[12.050s] -- Install configuration: ""
[12.050s] -- Installing: /root/Desktop/QtrosAndOpenCV/hyzAndJoJo/install/camera_pack/lib/camera_pack/camera_ros2_opencv4
[12.051s] -- Set runtime path of "/root/Desktop/QtrosAndOpenCV/hyzAndJoJo/install/camera_pack/lib/camera_pack/camera_ros2_opencv4" to ""
[12.051s] -- Installing: /root/Desktop/QtrosAndOpenCV/hyzAndJoJo/install/camera_pack/share/ament_index/resource_index/package_run_dependencies/camera_pack
[12.051s] -- Installing: /root/Desktop/QtrosAndOpenCV/hyzAndJoJo/install/camera_pack/share/ament_index/resource_index/parent_prefix_path/camera_pack
[12.052s] -- Installing: /root/Desktop/QtrosAndOpenCV/hyzAndJoJo/install/camera_pack/share/camera_pack/environment/ament_prefix_path.sh
[12.053s] -- Installing: /root/Desktop/QtrosAndOpenCV/hyzAndJoJo/install/camera_pack/share/camera_pack/environment/ament_prefix_path.dsv
[12.053s] -- Installing: /root/Desktop/QtrosAndOpenCV/hyzAndJoJo/install/camera_pack/share/camera_pack/environment/path.sh
[12.053s] -- Installing: /root/Desktop/QtrosAndOpenCV/hyzAndJoJo/install/camera_pack/share/camera_pack/environment/path.dsv
[12.053s] -- Installing: /root/Desktop/QtrosAndOpenCV/hyzAndJoJo/install/camera_pack/share/camera_pack/local_setup.bash
[12.053s] -- Installing: /root/Desktop/QtrosAndOpenCV/hyzAndJoJo/install/camera_pack/share/camera_pack/local_setup.sh
[12.053s] -- Installing: /root/Desktop/QtrosAndOpenCV/hyzAndJoJo/install/camera_pack/share/camera_pack/local_setup.zsh
[12.054s] -- Installing: /root/Desktop/QtrosAndOpenCV/hyzAndJoJo/install/camera_pack/share/camera_pack/local_setup.dsv
[12.054s] -- Installing: /root/Desktop/QtrosAndOpenCV/hyzAndJoJo/install/camera_pack/share/camera_pack/package.dsv
[12.054s] -- Installing: /root/Desktop/QtrosAndOpenCV/hyzAndJoJo/install/camera_pack/share/ament_index/resource_index/packages/camera_pack
[12.054s] -- Installing: /root/Desktop/QtrosAndOpenCV/hyzAndJoJo/install/camera_pack/share/camera_pack/cmake/camera_packConfig.cmake
[12.054s] -- Installing: /root/Desktop/QtrosAndOpenCV/hyzAndJoJo/install/camera_pack/share/camera_pack/cmake/camera_packConfig-version.cmake
[12.054s] -- Installing: /root/Desktop/QtrosAndOpenCV/hyzAndJoJo/install/camera_pack/share/camera_pack/package.xml
[12.057s] Invoked command in '/root/Desktop/QtrosAndOpenCV/hyzAndJoJo/build/camera_pack' returned '0': CMAKE_PREFIX_PATH=${CMAKE_PREFIX_PATH}:/opt/ros/humble _=/bin/env /bin/cmake --install /root/Desktop/QtrosAndOpenCV/hyzAndJoJo/build/camera_pack
