[0.678s] DEBUG:colcon:Command line arguments: ['/usr/local/bin/colcon', 'build']
[0.678s] DEBUG:colcon:Parsed command line arguments: Namespace(log_base=None, log_level=None, verb_name='build', build_base='build', install_base='install', merge_install=False, symlink_install=False, test_result_base=None, continue_on_error=False, executor='parallel', parallel_workers=16, event_handlers=None, ignore_user_meta=False, metas=['./colcon.meta'], base_paths=['.'], packages_ignore=None, packages_ignore_regex=None, paths=None, packages_up_to=None, packages_up_to_regex=None, packages_above=None, packages_above_and_dependencies=None, packages_above_depth=None, packages_select_by_dep=None, packages_skip_by_dep=None, packages_skip_up_to=None, packages_select_build_failed=False, packages_skip_build_finished=False, packages_select_test_failures=False, packages_skip_test_passed=False, packages_select=None, packages_skip=None, packages_select_regex=None, packages_skip_regex=None, packages_start=None, packages_end=None, cmake_args=None, cmake_target=None, cmake_target_skip_unavailable=False, cmake_clean_cache=False, cmake_clean_first=False, cmake_force_configure=False, ament_cmake_args=None, catkin_cmake_args=None, catkin_skip_building_tests=False, verb_parser=<colcon_defaults.argument_parser.defaults.DefaultArgumentsDecorator object at 0x7feb15a87590>, verb_extension=<colcon_core.verb.build.BuildVerb object at 0x7feb159e6990>, main=<bound method BuildVerb.main of <colcon_core.verb.build.BuildVerb object at 0x7feb159e6990>>)
[0.806s] Level 1:colcon.colcon_core.package_discovery:discover_packages(colcon_meta) check parameters
[0.806s] Level 1:colcon.colcon_core.package_discovery:discover_packages(recursive) check parameters
[0.806s] Level 1:colcon.colcon_core.package_discovery:discover_packages(ignore) check parameters
[0.806s] Level 1:colcon.colcon_core.package_discovery:discover_packages(path) check parameters
[0.807s] Level 1:colcon.colcon_core.package_discovery:discover_packages(colcon_meta) discover
[0.807s] Level 1:colcon.colcon_core.package_discovery:discover_packages(recursive) discover
[0.807s] INFO:colcon.colcon_core.package_discovery:Crawling recursively for packages in '/root/Desktop/QtrosAndOpenCV/hyzAndJoJo'
[0.807s] Level 1:colcon.colcon_core.package_identification:_identify(.) by extensions ['ignore', 'ignore_ament_install']
[0.808s] Level 1:colcon.colcon_core.package_identification:_identify(.) by extension 'ignore'
[0.808s] Level 1:colcon.colcon_core.package_identification:_identify(.) by extension 'ignore_ament_install'
[0.808s] Level 1:colcon.colcon_core.package_identification:_identify(.) by extensions ['colcon_pkg']
[0.808s] Level 1:colcon.colcon_core.package_identification:_identify(.) by extension 'colcon_pkg'
[0.809s] Level 1:colcon.colcon_core.package_identification:_identify(.) by extensions ['colcon_meta']
[0.809s] Level 1:colcon.colcon_core.package_identification:_identify(.) by extension 'colcon_meta'
[0.809s] Level 1:colcon.colcon_core.package_identification:_identify(.) by extensions ['ros']
[0.809s] Level 1:colcon.colcon_core.package_identification:_identify(.) by extension 'ros'
[0.928s] Level 1:colcon.colcon_core.package_identification:_identify(.) by extensions ['cmake', 'python']
[0.929s] Level 1:colcon.colcon_core.package_identification:_identify(.) by extension 'cmake'
[0.929s] Level 1:colcon.colcon_core.package_identification:_identify(.) by extension 'python'
[0.929s] Level 1:colcon.colcon_core.package_identification:_identify(.) by extensions ['python_setup_py']
[0.929s] Level 1:colcon.colcon_core.package_identification:_identify(.) by extension 'python_setup_py'
[0.941s] Level 1:colcon.colcon_core.package_identification:_identify(build) by extensions ['ignore', 'ignore_ament_install']
[0.941s] Level 1:colcon.colcon_core.package_identification:_identify(build) by extension 'ignore'
[0.941s] Level 1:colcon.colcon_core.package_identification:_identify(build) ignored
[0.943s] Level 1:colcon.colcon_core.package_identification:_identify(install) by extensions ['ignore', 'ignore_ament_install']
[0.944s] Level 1:colcon.colcon_core.package_identification:_identify(install) by extension 'ignore'
[0.944s] Level 1:colcon.colcon_core.package_identification:_identify(install) ignored
[0.944s] Level 1:colcon.colcon_core.package_identification:_identify(log) by extensions ['ignore', 'ignore_ament_install']
[0.944s] Level 1:colcon.colcon_core.package_identification:_identify(log) by extension 'ignore'
[0.944s] Level 1:colcon.colcon_core.package_identification:_identify(log) ignored
[0.945s] Level 1:colcon.colcon_core.package_identification:_identify(src) by extensions ['ignore', 'ignore_ament_install']
[0.945s] Level 1:colcon.colcon_core.package_identification:_identify(src) by extension 'ignore'
[0.945s] Level 1:colcon.colcon_core.package_identification:_identify(src) by extension 'ignore_ament_install'
[0.945s] Level 1:colcon.colcon_core.package_identification:_identify(src) by extensions ['colcon_pkg']
[0.945s] Level 1:colcon.colcon_core.package_identification:_identify(src) by extension 'colcon_pkg'
[0.945s] Level 1:colcon.colcon_core.package_identification:_identify(src) by extensions ['colcon_meta']
[0.945s] Level 1:colcon.colcon_core.package_identification:_identify(src) by extension 'colcon_meta'
[0.945s] Level 1:colcon.colcon_core.package_identification:_identify(src) by extensions ['ros']
[0.946s] Level 1:colcon.colcon_core.package_identification:_identify(src) by extension 'ros'
[0.946s] Level 1:colcon.colcon_core.package_identification:_identify(src) by extensions ['cmake', 'python']
[0.946s] Level 1:colcon.colcon_core.package_identification:_identify(src) by extension 'cmake'
[0.946s] Level 1:colcon.colcon_core.package_identification:_identify(src) by extension 'python'
[0.946s] Level 1:colcon.colcon_core.package_identification:_identify(src) by extensions ['python_setup_py']
[0.946s] Level 1:colcon.colcon_core.package_identification:_identify(src) by extension 'python_setup_py'
[0.946s] Level 1:colcon.colcon_core.package_identification:_identify(src/camera_pack) by extensions ['ignore', 'ignore_ament_install']
[0.946s] Level 1:colcon.colcon_core.package_identification:_identify(src/camera_pack) by extension 'ignore'
[0.947s] Level 1:colcon.colcon_core.package_identification:_identify(src/camera_pack) by extension 'ignore_ament_install'
[0.947s] Level 1:colcon.colcon_core.package_identification:_identify(src/camera_pack) by extensions ['colcon_pkg']
[0.947s] Level 1:colcon.colcon_core.package_identification:_identify(src/camera_pack) by extension 'colcon_pkg'
[0.947s] Level 1:colcon.colcon_core.package_identification:_identify(src/camera_pack) by extensions ['colcon_meta']
[0.947s] Level 1:colcon.colcon_core.package_identification:_identify(src/camera_pack) by extension 'colcon_meta'
[0.947s] Level 1:colcon.colcon_core.package_identification:_identify(src/camera_pack) by extensions ['ros']
[0.947s] Level 1:colcon.colcon_core.package_identification:_identify(src/camera_pack) by extension 'ros'
[0.975s] DEBUG:colcon.colcon_core.package_identification:Package 'src/camera_pack' with type 'ros.ament_cmake' and name 'camera_pack'
[0.975s] Level 1:colcon.colcon_core.package_identification:_identify(src/opencv_node) by extensions ['ignore', 'ignore_ament_install']
[0.976s] Level 1:colcon.colcon_core.package_identification:_identify(src/opencv_node) by extension 'ignore'
[0.976s] Level 1:colcon.colcon_core.package_identification:_identify(src/opencv_node) by extension 'ignore_ament_install'
[0.976s] Level 1:colcon.colcon_core.package_identification:_identify(src/opencv_node) by extensions ['colcon_pkg']
[0.976s] Level 1:colcon.colcon_core.package_identification:_identify(src/opencv_node) by extension 'colcon_pkg'
[0.976s] Level 1:colcon.colcon_core.package_identification:_identify(src/opencv_node) by extensions ['colcon_meta']
[0.976s] Level 1:colcon.colcon_core.package_identification:_identify(src/opencv_node) by extension 'colcon_meta'
[0.976s] Level 1:colcon.colcon_core.package_identification:_identify(src/opencv_node) by extensions ['ros']
[0.976s] Level 1:colcon.colcon_core.package_identification:_identify(src/opencv_node) by extension 'ros'
[0.979s] DEBUG:colcon.colcon_core.package_identification:Package 'src/opencv_node' with type 'ros.ament_cmake' and name 'opencv_node'
[0.980s] Level 1:colcon.colcon_core.package_identification:_identify(src/rqt_display_node) by extensions ['ignore', 'ignore_ament_install']
[0.980s] Level 1:colcon.colcon_core.package_identification:_identify(src/rqt_display_node) by extension 'ignore'
[0.980s] Level 1:colcon.colcon_core.package_identification:_identify(src/rqt_display_node) by extension 'ignore_ament_install'
[0.982s] Level 1:colcon.colcon_core.package_identification:_identify(src/rqt_display_node) by extensions ['colcon_pkg']
[0.982s] Level 1:colcon.colcon_core.package_identification:_identify(src/rqt_display_node) by extension 'colcon_pkg'
[0.983s] Level 1:colcon.colcon_core.package_identification:_identify(src/rqt_display_node) by extensions ['colcon_meta']
[0.983s] Level 1:colcon.colcon_core.package_identification:_identify(src/rqt_display_node) by extension 'colcon_meta'
[0.983s] Level 1:colcon.colcon_core.package_identification:_identify(src/rqt_display_node) by extensions ['ros']
[0.983s] Level 1:colcon.colcon_core.package_identification:_identify(src/rqt_display_node) by extension 'ros'
[0.987s] DEBUG:colcon.colcon_core.package_identification:Package 'src/rqt_display_node' with type 'ros.ament_cmake' and name 'rqt_display_node'
[0.987s] Level 1:colcon.colcon_core.package_identification:_identify(src/usb_camera_node) by extensions ['ignore', 'ignore_ament_install']
[0.988s] Level 1:colcon.colcon_core.package_identification:_identify(src/usb_camera_node) by extension 'ignore'
[0.988s] Level 1:colcon.colcon_core.package_identification:_identify(src/usb_camera_node) by extension 'ignore_ament_install'
[0.988s] Level 1:colcon.colcon_core.package_identification:_identify(src/usb_camera_node) by extensions ['colcon_pkg']
[0.988s] Level 1:colcon.colcon_core.package_identification:_identify(src/usb_camera_node) by extension 'colcon_pkg'
[0.989s] Level 1:colcon.colcon_core.package_identification:_identify(src/usb_camera_node) by extensions ['colcon_meta']
[0.989s] Level 1:colcon.colcon_core.package_identification:_identify(src/usb_camera_node) by extension 'colcon_meta'
[0.989s] Level 1:colcon.colcon_core.package_identification:_identify(src/usb_camera_node) by extensions ['ros']
[0.989s] Level 1:colcon.colcon_core.package_identification:_identify(src/usb_camera_node) by extension 'ros'
[0.991s] DEBUG:colcon.colcon_core.package_identification:Package 'src/usb_camera_node' with type 'ros.ament_cmake' and name 'usb_camera_node'
[0.991s] Level 1:colcon.colcon_core.package_discovery:discover_packages(recursive) using defaults
[0.991s] Level 1:colcon.colcon_core.package_discovery:discover_packages(ignore) discover
[0.992s] Level 1:colcon.colcon_core.package_discovery:discover_packages(ignore) using defaults
[0.992s] Level 1:colcon.colcon_core.package_discovery:discover_packages(path) discover
[0.992s] Level 1:colcon.colcon_core.package_discovery:discover_packages(path) using defaults
[1.093s] Level 5:colcon.colcon_core.verb:set package 'camera_pack' build argument 'cmake_args' from command line to 'None'
[1.093s] Level 5:colcon.colcon_core.verb:set package 'camera_pack' build argument 'cmake_target' from command line to 'None'
[1.093s] Level 5:colcon.colcon_core.verb:set package 'camera_pack' build argument 'cmake_target_skip_unavailable' from command line to 'False'
[1.093s] Level 5:colcon.colcon_core.verb:set package 'camera_pack' build argument 'cmake_clean_cache' from command line to 'False'
[1.093s] Level 5:colcon.colcon_core.verb:set package 'camera_pack' build argument 'cmake_clean_first' from command line to 'False'
[1.093s] Level 5:colcon.colcon_core.verb:set package 'camera_pack' build argument 'cmake_force_configure' from command line to 'False'
[1.093s] Level 5:colcon.colcon_core.verb:set package 'camera_pack' build argument 'ament_cmake_args' from command line to 'None'
[1.093s] Level 5:colcon.colcon_core.verb:set package 'camera_pack' build argument 'catkin_cmake_args' from command line to 'None'
[1.093s] Level 5:colcon.colcon_core.verb:set package 'camera_pack' build argument 'catkin_skip_building_tests' from command line to 'False'
[1.093s] DEBUG:colcon.colcon_core.verb:Building package 'camera_pack' with the following arguments: {'ament_cmake_args': None, 'build_base': '/root/Desktop/QtrosAndOpenCV/hyzAndJoJo/build/camera_pack', 'catkin_cmake_args': None, 'catkin_skip_building_tests': False, 'cmake_args': None, 'cmake_clean_cache': False, 'cmake_clean_first': False, 'cmake_force_configure': False, 'cmake_target': None, 'cmake_target_skip_unavailable': False, 'install_base': '/root/Desktop/QtrosAndOpenCV/hyzAndJoJo/install/camera_pack', 'merge_install': False, 'path': '/root/Desktop/QtrosAndOpenCV/hyzAndJoJo/src/camera_pack', 'symlink_install': False, 'test_result_base': None}
[1.095s] Level 5:colcon.colcon_core.verb:set package 'opencv_node' build argument 'cmake_args' from command line to 'None'
[1.095s] Level 5:colcon.colcon_core.verb:set package 'opencv_node' build argument 'cmake_target' from command line to 'None'
[1.096s] Level 5:colcon.colcon_core.verb:set package 'opencv_node' build argument 'cmake_target_skip_unavailable' from command line to 'False'
[1.097s] Level 5:colcon.colcon_core.verb:set package 'opencv_node' build argument 'cmake_clean_cache' from command line to 'False'
[1.097s] Level 5:colcon.colcon_core.verb:set package 'opencv_node' build argument 'cmake_clean_first' from command line to 'False'
[1.097s] Level 5:colcon.colcon_core.verb:set package 'opencv_node' build argument 'cmake_force_configure' from command line to 'False'
[1.097s] Level 5:colcon.colcon_core.verb:set package 'opencv_node' build argument 'ament_cmake_args' from command line to 'None'
[1.097s] Level 5:colcon.colcon_core.verb:set package 'opencv_node' build argument 'catkin_cmake_args' from command line to 'None'
[1.097s] Level 5:colcon.colcon_core.verb:set package 'opencv_node' build argument 'catkin_skip_building_tests' from command line to 'False'
[1.097s] DEBUG:colcon.colcon_core.verb:Building package 'opencv_node' with the following arguments: {'ament_cmake_args': None, 'build_base': '/root/Desktop/QtrosAndOpenCV/hyzAndJoJo/build/opencv_node', 'catkin_cmake_args': None, 'catkin_skip_building_tests': False, 'cmake_args': None, 'cmake_clean_cache': False, 'cmake_clean_first': False, 'cmake_force_configure': False, 'cmake_target': None, 'cmake_target_skip_unavailable': False, 'install_base': '/root/Desktop/QtrosAndOpenCV/hyzAndJoJo/install/opencv_node', 'merge_install': False, 'path': '/root/Desktop/QtrosAndOpenCV/hyzAndJoJo/src/opencv_node', 'symlink_install': False, 'test_result_base': None}
[1.099s] Level 5:colcon.colcon_core.verb:set package 'rqt_display_node' build argument 'cmake_args' from command line to 'None'
[1.099s] Level 5:colcon.colcon_core.verb:set package 'rqt_display_node' build argument 'cmake_target' from command line to 'None'
[1.099s] Level 5:colcon.colcon_core.verb:set package 'rqt_display_node' build argument 'cmake_target_skip_unavailable' from command line to 'False'
[1.099s] Level 5:colcon.colcon_core.verb:set package 'rqt_display_node' build argument 'cmake_clean_cache' from command line to 'False'
[1.099s] Level 5:colcon.colcon_core.verb:set package 'rqt_display_node' build argument 'cmake_clean_first' from command line to 'False'
[1.099s] Level 5:colcon.colcon_core.verb:set package 'rqt_display_node' build argument 'cmake_force_configure' from command line to 'False'
[1.099s] Level 5:colcon.colcon_core.verb:set package 'rqt_display_node' build argument 'ament_cmake_args' from command line to 'None'
[1.100s] Level 5:colcon.colcon_core.verb:set package 'rqt_display_node' build argument 'catkin_cmake_args' from command line to 'None'
[1.100s] Level 5:colcon.colcon_core.verb:set package 'rqt_display_node' build argument 'catkin_skip_building_tests' from command line to 'False'
[1.100s] DEBUG:colcon.colcon_core.verb:Building package 'rqt_display_node' with the following arguments: {'ament_cmake_args': None, 'build_base': '/root/Desktop/QtrosAndOpenCV/hyzAndJoJo/build/rqt_display_node', 'catkin_cmake_args': None, 'catkin_skip_building_tests': False, 'cmake_args': None, 'cmake_clean_cache': False, 'cmake_clean_first': False, 'cmake_force_configure': False, 'cmake_target': None, 'cmake_target_skip_unavailable': False, 'install_base': '/root/Desktop/QtrosAndOpenCV/hyzAndJoJo/install/rqt_display_node', 'merge_install': False, 'path': '/root/Desktop/QtrosAndOpenCV/hyzAndJoJo/src/rqt_display_node', 'symlink_install': False, 'test_result_base': None}
[1.101s] Level 5:colcon.colcon_core.verb:set package 'usb_camera_node' build argument 'cmake_args' from command line to 'None'
[1.101s] Level 5:colcon.colcon_core.verb:set package 'usb_camera_node' build argument 'cmake_target' from command line to 'None'
[1.101s] Level 5:colcon.colcon_core.verb:set package 'usb_camera_node' build argument 'cmake_target_skip_unavailable' from command line to 'False'
[1.101s] Level 5:colcon.colcon_core.verb:set package 'usb_camera_node' build argument 'cmake_clean_cache' from command line to 'False'
[1.101s] Level 5:colcon.colcon_core.verb:set package 'usb_camera_node' build argument 'cmake_clean_first' from command line to 'False'
[1.101s] Level 5:colcon.colcon_core.verb:set package 'usb_camera_node' build argument 'cmake_force_configure' from command line to 'False'
[1.101s] Level 5:colcon.colcon_core.verb:set package 'usb_camera_node' build argument 'ament_cmake_args' from command line to 'None'
[1.101s] Level 5:colcon.colcon_core.verb:set package 'usb_camera_node' build argument 'catkin_cmake_args' from command line to 'None'
[1.102s] Level 5:colcon.colcon_core.verb:set package 'usb_camera_node' build argument 'catkin_skip_building_tests' from command line to 'False'
[1.102s] DEBUG:colcon.colcon_core.verb:Building package 'usb_camera_node' with the following arguments: {'ament_cmake_args': None, 'build_base': '/root/Desktop/QtrosAndOpenCV/hyzAndJoJo/build/usb_camera_node', 'catkin_cmake_args': None, 'catkin_skip_building_tests': False, 'cmake_args': None, 'cmake_clean_cache': False, 'cmake_clean_first': False, 'cmake_force_configure': False, 'cmake_target': None, 'cmake_target_skip_unavailable': False, 'install_base': '/root/Desktop/QtrosAndOpenCV/hyzAndJoJo/install/usb_camera_node', 'merge_install': False, 'path': '/root/Desktop/QtrosAndOpenCV/hyzAndJoJo/src/usb_camera_node', 'symlink_install': False, 'test_result_base': None}
[1.102s] INFO:colcon.colcon_core.executor:Executing jobs using 'parallel' executor
[1.106s] DEBUG:colcon.colcon_parallel_executor.executor.parallel:run_until_complete
[1.106s] INFO:colcon.colcon_ros.task.ament_cmake.build:Building ROS package in '/root/Desktop/QtrosAndOpenCV/hyzAndJoJo/src/camera_pack' with build type 'ament_cmake'
[1.107s] INFO:colcon.colcon_cmake.task.cmake.build:Building CMake package in '/root/Desktop/QtrosAndOpenCV/hyzAndJoJo/src/camera_pack'
[1.112s] INFO:colcon.colcon_core.plugin_system:Skipping extension 'colcon_core.shell.bat': Not used on non-Windows systems
[1.113s] INFO:colcon.colcon_core.shell:Skip shell extension 'powershell' for command environment: Not usable outside of PowerShell
[1.113s] DEBUG:colcon.colcon_core.shell:Skip shell extension 'dsv' for command environment
[1.140s] INFO:colcon.colcon_ros.task.ament_cmake.build:Building ROS package in '/root/Desktop/QtrosAndOpenCV/hyzAndJoJo/src/opencv_node' with build type 'ament_cmake'
[1.140s] INFO:colcon.colcon_cmake.task.cmake.build:Building CMake package in '/root/Desktop/QtrosAndOpenCV/hyzAndJoJo/src/opencv_node'
[1.140s] INFO:colcon.colcon_core.shell:Skip shell extension 'powershell' for command environment: Not usable outside of PowerShell
[1.140s] DEBUG:colcon.colcon_core.shell:Skip shell extension 'dsv' for command environment
[1.160s] INFO:colcon.colcon_ros.task.ament_cmake.build:Building ROS package in '/root/Desktop/QtrosAndOpenCV/hyzAndJoJo/src/rqt_display_node' with build type 'ament_cmake'
[1.162s] INFO:colcon.colcon_cmake.task.cmake.build:Building CMake package in '/root/Desktop/QtrosAndOpenCV/hyzAndJoJo/src/rqt_display_node'
[1.163s] INFO:colcon.colcon_core.shell:Skip shell extension 'powershell' for command environment: Not usable outside of PowerShell
[1.163s] DEBUG:colcon.colcon_core.shell:Skip shell extension 'dsv' for command environment
[1.219s] INFO:colcon.colcon_ros.task.ament_cmake.build:Building ROS package in '/root/Desktop/QtrosAndOpenCV/hyzAndJoJo/src/usb_camera_node' with build type 'ament_cmake'
[1.220s] INFO:colcon.colcon_cmake.task.cmake.build:Building CMake package in '/root/Desktop/QtrosAndOpenCV/hyzAndJoJo/src/usb_camera_node'
[1.220s] INFO:colcon.colcon_core.shell:Skip shell extension 'powershell' for command environment: Not usable outside of PowerShell
[1.220s] DEBUG:colcon.colcon_core.shell:Skip shell extension 'dsv' for command environment
[1.264s] DEBUG:colcon.colcon_core.event_handler.log_command:Invoking command in '/root/Desktop/QtrosAndOpenCV/hyzAndJoJo/build/camera_pack': CMAKE_PREFIX_PATH=${CMAKE_PREFIX_PATH}:/opt/ros/humble _=/bin/env /bin/cmake --build /root/Desktop/QtrosAndOpenCV/hyzAndJoJo/build/camera_pack -- -j16 -l16
[1.270s] DEBUG:colcon.colcon_core.event_handler.log_command:Invoking command in '/root/Desktop/QtrosAndOpenCV/hyzAndJoJo/build/opencv_node': CMAKE_PREFIX_PATH=${CMAKE_PREFIX_PATH}:/opt/ros/humble _=/bin/env /bin/cmake --build /root/Desktop/QtrosAndOpenCV/hyzAndJoJo/build/opencv_node -- -j16 -l16
[1.283s] DEBUG:colcon.colcon_core.event_handler.log_command:Invoking command in '/root/Desktop/QtrosAndOpenCV/hyzAndJoJo/build/rqt_display_node': CMAKE_PREFIX_PATH=${CMAKE_PREFIX_PATH}:/opt/ros/humble _=/bin/env /bin/cmake --build /root/Desktop/QtrosAndOpenCV/hyzAndJoJo/build/rqt_display_node -- -j16 -l16
[1.308s] DEBUG:colcon.colcon_core.event_handler.log_command:Invoking command in '/root/Desktop/QtrosAndOpenCV/hyzAndJoJo/build/usb_camera_node': CMAKE_PREFIX_PATH=${CMAKE_PREFIX_PATH}:/opt/ros/humble _=/bin/env /bin/cmake --build /root/Desktop/QtrosAndOpenCV/hyzAndJoJo/build/usb_camera_node -- -j16 -l16
[1.450s] DEBUG:colcon.colcon_core.event_handler.log_command:Invoked command in '/root/Desktop/QtrosAndOpenCV/hyzAndJoJo/build/usb_camera_node' returned '0': CMAKE_PREFIX_PATH=${CMAKE_PREFIX_PATH}:/opt/ros/humble _=/bin/env /bin/cmake --build /root/Desktop/QtrosAndOpenCV/hyzAndJoJo/build/usb_camera_node -- -j16 -l16
[1.572s] DEBUG:colcon.colcon_core.event_handler.log_command:Invoking command in '/root/Desktop/QtrosAndOpenCV/hyzAndJoJo/build/usb_camera_node': CMAKE_PREFIX_PATH=${CMAKE_PREFIX_PATH}:/opt/ros/humble _=/bin/env /bin/cmake --install /root/Desktop/QtrosAndOpenCV/hyzAndJoJo/build/usb_camera_node
[1.583s] DEBUG:colcon.colcon_core.event_handler.log_command:Invoked command in '/root/Desktop/QtrosAndOpenCV/hyzAndJoJo/build/camera_pack' returned '0': CMAKE_PREFIX_PATH=${CMAKE_PREFIX_PATH}:/opt/ros/humble _=/bin/env /bin/cmake --build /root/Desktop/QtrosAndOpenCV/hyzAndJoJo/build/camera_pack -- -j16 -l16
[1.595s] Level 1:colcon.colcon_core.environment:create_environment_scripts_only(usb_camera_node)
[1.597s] Level 1:colcon.colcon_core.environment:checking '/root/Desktop/QtrosAndOpenCV/hyzAndJoJo/install/usb_camera_node' for CMake module files
[1.598s] Level 1:colcon.colcon_core.environment:checking '/root/Desktop/QtrosAndOpenCV/hyzAndJoJo/install/usb_camera_node' for CMake config files
[1.598s] Level 1:colcon.colcon_core.shell:create_environment_hook('usb_camera_node', 'cmake_prefix_path')
[1.598s] INFO:colcon.colcon_core.shell:Creating environment hook '/root/Desktop/QtrosAndOpenCV/hyzAndJoJo/install/usb_camera_node/share/usb_camera_node/hook/cmake_prefix_path.ps1'
[1.603s] INFO:colcon.colcon_core.shell:Creating environment descriptor '/root/Desktop/QtrosAndOpenCV/hyzAndJoJo/install/usb_camera_node/share/usb_camera_node/hook/cmake_prefix_path.dsv'
[1.604s] INFO:colcon.colcon_core.shell:Creating environment hook '/root/Desktop/QtrosAndOpenCV/hyzAndJoJo/install/usb_camera_node/share/usb_camera_node/hook/cmake_prefix_path.sh'
[1.605s] DEBUG:colcon.colcon_core.event_handler.log_command:Invoked command in '/root/Desktop/QtrosAndOpenCV/hyzAndJoJo/build/usb_camera_node' returned '0': CMAKE_PREFIX_PATH=${CMAKE_PREFIX_PATH}:/opt/ros/humble _=/bin/env /bin/cmake --install /root/Desktop/QtrosAndOpenCV/hyzAndJoJo/build/usb_camera_node
[1.608s] Level 1:colcon.colcon_core.environment:checking '/root/Desktop/QtrosAndOpenCV/hyzAndJoJo/install/usb_camera_node/lib'
[1.608s] Level 1:colcon.colcon_core.environment:checking '/root/Desktop/QtrosAndOpenCV/hyzAndJoJo/install/usb_camera_node/bin'
[1.608s] Level 1:colcon.colcon_core.environment:checking '/root/Desktop/QtrosAndOpenCV/hyzAndJoJo/install/usb_camera_node/lib/pkgconfig/usb_camera_node.pc'
[1.611s] Level 1:colcon.colcon_core.environment:checking '/root/Desktop/QtrosAndOpenCV/hyzAndJoJo/install/usb_camera_node/lib/python3.11/site-packages'
[1.612s] Level 1:colcon.colcon_core.environment:checking '/root/Desktop/QtrosAndOpenCV/hyzAndJoJo/install/usb_camera_node/bin'
[1.613s] INFO:colcon.colcon_core.shell:Creating package script '/root/Desktop/QtrosAndOpenCV/hyzAndJoJo/install/usb_camera_node/share/usb_camera_node/package.ps1'
[1.614s] INFO:colcon.colcon_core.shell:Creating package descriptor '/root/Desktop/QtrosAndOpenCV/hyzAndJoJo/install/usb_camera_node/share/usb_camera_node/package.dsv'
[1.616s] INFO:colcon.colcon_core.shell:Creating package script '/root/Desktop/QtrosAndOpenCV/hyzAndJoJo/install/usb_camera_node/share/usb_camera_node/package.sh'
[1.618s] INFO:colcon.colcon_core.shell:Creating package script '/root/Desktop/QtrosAndOpenCV/hyzAndJoJo/install/usb_camera_node/share/usb_camera_node/package.bash'
[1.621s] INFO:colcon.colcon_core.shell:Creating package script '/root/Desktop/QtrosAndOpenCV/hyzAndJoJo/install/usb_camera_node/share/usb_camera_node/package.zsh'
[1.622s] Level 1:colcon.colcon_core.environment:create_file_with_runtime_dependencies(/root/Desktop/QtrosAndOpenCV/hyzAndJoJo/install/usb_camera_node/share/colcon-core/packages/usb_camera_node)
[1.658s] DEBUG:colcon.colcon_core.event_handler.log_command:Invoking command in '/root/Desktop/QtrosAndOpenCV/hyzAndJoJo/build/camera_pack': CMAKE_PREFIX_PATH=${CMAKE_PREFIX_PATH}:/opt/ros/humble _=/bin/env /bin/cmake --install /root/Desktop/QtrosAndOpenCV/hyzAndJoJo/build/camera_pack
[1.682s] Level 1:colcon.colcon_core.environment:create_environment_scripts_only(usb_camera_node)
[1.683s] Level 1:colcon.colcon_core.environment:checking '/root/Desktop/QtrosAndOpenCV/hyzAndJoJo/install/usb_camera_node' for CMake module files
[1.687s] Level 1:colcon.colcon_core.environment:checking '/root/Desktop/QtrosAndOpenCV/hyzAndJoJo/install/usb_camera_node' for CMake config files
[1.687s] Level 1:colcon.colcon_core.shell:create_environment_hook('usb_camera_node', 'cmake_prefix_path')
[1.688s] INFO:colcon.colcon_core.shell:Creating environment hook '/root/Desktop/QtrosAndOpenCV/hyzAndJoJo/install/usb_camera_node/share/usb_camera_node/hook/cmake_prefix_path.ps1'
[1.688s] INFO:colcon.colcon_core.shell:Creating environment descriptor '/root/Desktop/QtrosAndOpenCV/hyzAndJoJo/install/usb_camera_node/share/usb_camera_node/hook/cmake_prefix_path.dsv'
[1.688s] INFO:colcon.colcon_core.shell:Creating environment hook '/root/Desktop/QtrosAndOpenCV/hyzAndJoJo/install/usb_camera_node/share/usb_camera_node/hook/cmake_prefix_path.sh'
[1.689s] Level 1:colcon.colcon_core.environment:checking '/root/Desktop/QtrosAndOpenCV/hyzAndJoJo/install/usb_camera_node/lib'
[1.689s] Level 1:colcon.colcon_core.environment:checking '/root/Desktop/QtrosAndOpenCV/hyzAndJoJo/install/usb_camera_node/bin'
[1.690s] Level 1:colcon.colcon_core.environment:checking '/root/Desktop/QtrosAndOpenCV/hyzAndJoJo/install/usb_camera_node/lib/pkgconfig/usb_camera_node.pc'
[1.690s] Level 1:colcon.colcon_core.environment:checking '/root/Desktop/QtrosAndOpenCV/hyzAndJoJo/install/usb_camera_node/lib/python3.11/site-packages'
[1.691s] Level 1:colcon.colcon_core.environment:checking '/root/Desktop/QtrosAndOpenCV/hyzAndJoJo/install/usb_camera_node/bin'
[1.691s] INFO:colcon.colcon_core.shell:Creating package script '/root/Desktop/QtrosAndOpenCV/hyzAndJoJo/install/usb_camera_node/share/usb_camera_node/package.ps1'
[1.693s] INFO:colcon.colcon_core.shell:Creating package descriptor '/root/Desktop/QtrosAndOpenCV/hyzAndJoJo/install/usb_camera_node/share/usb_camera_node/package.dsv'
[1.694s] INFO:colcon.colcon_core.shell:Creating package script '/root/Desktop/QtrosAndOpenCV/hyzAndJoJo/install/usb_camera_node/share/usb_camera_node/package.sh'
[1.695s] INFO:colcon.colcon_core.shell:Creating package script '/root/Desktop/QtrosAndOpenCV/hyzAndJoJo/install/usb_camera_node/share/usb_camera_node/package.bash'
[1.696s] INFO:colcon.colcon_core.shell:Creating package script '/root/Desktop/QtrosAndOpenCV/hyzAndJoJo/install/usb_camera_node/share/usb_camera_node/package.zsh'
[1.697s] Level 1:colcon.colcon_core.environment:create_file_with_runtime_dependencies(/root/Desktop/QtrosAndOpenCV/hyzAndJoJo/install/usb_camera_node/share/colcon-core/packages/usb_camera_node)
[1.701s] Level 1:colcon.colcon_core.environment:create_environment_scripts_only(camera_pack)
[1.701s] Level 1:colcon.colcon_core.environment:checking '/root/Desktop/QtrosAndOpenCV/hyzAndJoJo/install/camera_pack' for CMake module files
[1.702s] Level 1:colcon.colcon_core.environment:checking '/root/Desktop/QtrosAndOpenCV/hyzAndJoJo/install/camera_pack' for CMake config files
[1.702s] Level 1:colcon.colcon_core.shell:create_environment_hook('camera_pack', 'cmake_prefix_path')
[1.702s] INFO:colcon.colcon_core.shell:Creating environment hook '/root/Desktop/QtrosAndOpenCV/hyzAndJoJo/install/camera_pack/share/camera_pack/hook/cmake_prefix_path.ps1'
[1.703s] INFO:colcon.colcon_core.shell:Creating environment descriptor '/root/Desktop/QtrosAndOpenCV/hyzAndJoJo/install/camera_pack/share/camera_pack/hook/cmake_prefix_path.dsv'
[1.705s] INFO:colcon.colcon_core.shell:Creating environment hook '/root/Desktop/QtrosAndOpenCV/hyzAndJoJo/install/camera_pack/share/camera_pack/hook/cmake_prefix_path.sh'
[1.704s] DEBUG:colcon.colcon_core.event_handler.log_command:Invoked command in '/root/Desktop/QtrosAndOpenCV/hyzAndJoJo/build/camera_pack' returned '0': CMAKE_PREFIX_PATH=${CMAKE_PREFIX_PATH}:/opt/ros/humble _=/bin/env /bin/cmake --install /root/Desktop/QtrosAndOpenCV/hyzAndJoJo/build/camera_pack
[1.705s] Level 1:colcon.colcon_core.environment:checking '/root/Desktop/QtrosAndOpenCV/hyzAndJoJo/install/camera_pack/lib'
[1.706s] Level 1:colcon.colcon_core.environment:checking '/root/Desktop/QtrosAndOpenCV/hyzAndJoJo/install/camera_pack/bin'
[1.706s] Level 1:colcon.colcon_core.environment:checking '/root/Desktop/QtrosAndOpenCV/hyzAndJoJo/install/camera_pack/lib/pkgconfig/camera_pack.pc'
[1.706s] Level 1:colcon.colcon_core.environment:checking '/root/Desktop/QtrosAndOpenCV/hyzAndJoJo/install/camera_pack/lib/python3.11/site-packages'
[1.706s] Level 1:colcon.colcon_core.environment:checking '/root/Desktop/QtrosAndOpenCV/hyzAndJoJo/install/camera_pack/bin'
[1.706s] INFO:colcon.colcon_core.shell:Creating package script '/root/Desktop/QtrosAndOpenCV/hyzAndJoJo/install/camera_pack/share/camera_pack/package.ps1'
[1.707s] INFO:colcon.colcon_core.shell:Creating package descriptor '/root/Desktop/QtrosAndOpenCV/hyzAndJoJo/install/camera_pack/share/camera_pack/package.dsv'
[1.708s] INFO:colcon.colcon_core.shell:Creating package script '/root/Desktop/QtrosAndOpenCV/hyzAndJoJo/install/camera_pack/share/camera_pack/package.sh'
[1.709s] INFO:colcon.colcon_core.shell:Creating package script '/root/Desktop/QtrosAndOpenCV/hyzAndJoJo/install/camera_pack/share/camera_pack/package.bash'
[1.709s] INFO:colcon.colcon_core.shell:Creating package script '/root/Desktop/QtrosAndOpenCV/hyzAndJoJo/install/camera_pack/share/camera_pack/package.zsh'
[1.710s] Level 1:colcon.colcon_core.environment:create_file_with_runtime_dependencies(/root/Desktop/QtrosAndOpenCV/hyzAndJoJo/install/camera_pack/share/colcon-core/packages/camera_pack)
[1.787s] Level 1:colcon.colcon_core.environment:create_environment_scripts_only(camera_pack)
[1.788s] Level 1:colcon.colcon_core.environment:checking '/root/Desktop/QtrosAndOpenCV/hyzAndJoJo/install/camera_pack' for CMake module files
[1.789s] Level 1:colcon.colcon_core.environment:checking '/root/Desktop/QtrosAndOpenCV/hyzAndJoJo/install/camera_pack' for CMake config files
[1.789s] Level 1:colcon.colcon_core.shell:create_environment_hook('camera_pack', 'cmake_prefix_path')
[1.789s] INFO:colcon.colcon_core.shell:Creating environment hook '/root/Desktop/QtrosAndOpenCV/hyzAndJoJo/install/camera_pack/share/camera_pack/hook/cmake_prefix_path.ps1'
[1.789s] INFO:colcon.colcon_core.shell:Creating environment descriptor '/root/Desktop/QtrosAndOpenCV/hyzAndJoJo/install/camera_pack/share/camera_pack/hook/cmake_prefix_path.dsv'
[1.790s] INFO:colcon.colcon_core.shell:Creating environment hook '/root/Desktop/QtrosAndOpenCV/hyzAndJoJo/install/camera_pack/share/camera_pack/hook/cmake_prefix_path.sh'
[1.790s] Level 1:colcon.colcon_core.environment:checking '/root/Desktop/QtrosAndOpenCV/hyzAndJoJo/install/camera_pack/lib'
[1.790s] Level 1:colcon.colcon_core.environment:checking '/root/Desktop/QtrosAndOpenCV/hyzAndJoJo/install/camera_pack/bin'
[1.790s] Level 1:colcon.colcon_core.environment:checking '/root/Desktop/QtrosAndOpenCV/hyzAndJoJo/install/camera_pack/lib/pkgconfig/camera_pack.pc'
[1.790s] Level 1:colcon.colcon_core.environment:checking '/root/Desktop/QtrosAndOpenCV/hyzAndJoJo/install/camera_pack/lib/python3.11/site-packages'
[1.791s] Level 1:colcon.colcon_core.environment:checking '/root/Desktop/QtrosAndOpenCV/hyzAndJoJo/install/camera_pack/bin'
[1.791s] INFO:colcon.colcon_core.shell:Creating package script '/root/Desktop/QtrosAndOpenCV/hyzAndJoJo/install/camera_pack/share/camera_pack/package.ps1'
[1.791s] INFO:colcon.colcon_core.shell:Creating package descriptor '/root/Desktop/QtrosAndOpenCV/hyzAndJoJo/install/camera_pack/share/camera_pack/package.dsv'
[1.791s] INFO:colcon.colcon_core.shell:Creating package script '/root/Desktop/QtrosAndOpenCV/hyzAndJoJo/install/camera_pack/share/camera_pack/package.sh'
[1.791s] INFO:colcon.colcon_core.shell:Creating package script '/root/Desktop/QtrosAndOpenCV/hyzAndJoJo/install/camera_pack/share/camera_pack/package.bash'
[1.792s] INFO:colcon.colcon_core.shell:Creating package script '/root/Desktop/QtrosAndOpenCV/hyzAndJoJo/install/camera_pack/share/camera_pack/package.zsh'
[1.792s] Level 1:colcon.colcon_core.environment:create_file_with_runtime_dependencies(/root/Desktop/QtrosAndOpenCV/hyzAndJoJo/install/camera_pack/share/colcon-core/packages/camera_pack)
[26.497s] DEBUG:colcon.colcon_core.event_handler.log_command:Invoked command in '/root/Desktop/QtrosAndOpenCV/hyzAndJoJo/build/opencv_node' returned '0': CMAKE_PREFIX_PATH=${CMAKE_PREFIX_PATH}:/opt/ros/humble _=/bin/env /bin/cmake --build /root/Desktop/QtrosAndOpenCV/hyzAndJoJo/build/opencv_node -- -j16 -l16
[26.601s] DEBUG:colcon.colcon_core.event_handler.log_command:Invoking command in '/root/Desktop/QtrosAndOpenCV/hyzAndJoJo/build/opencv_node': CMAKE_PREFIX_PATH=${CMAKE_PREFIX_PATH}:/opt/ros/humble _=/bin/env /bin/cmake --install /root/Desktop/QtrosAndOpenCV/hyzAndJoJo/build/opencv_node
[26.647s] Level 1:colcon.colcon_core.environment:create_environment_scripts_only(opencv_node)
[26.647s] Level 1:colcon.colcon_core.environment:checking '/root/Desktop/QtrosAndOpenCV/hyzAndJoJo/install/opencv_node' for CMake module files
[26.649s] Level 1:colcon.colcon_core.environment:checking '/root/Desktop/QtrosAndOpenCV/hyzAndJoJo/install/opencv_node' for CMake config files
[26.649s] Level 1:colcon.colcon_core.shell:create_environment_hook('opencv_node', 'cmake_prefix_path')
[26.651s] INFO:colcon.colcon_core.shell:Creating environment hook '/root/Desktop/QtrosAndOpenCV/hyzAndJoJo/install/opencv_node/share/opencv_node/hook/cmake_prefix_path.ps1'
[26.654s] INFO:colcon.colcon_core.shell:Creating environment descriptor '/root/Desktop/QtrosAndOpenCV/hyzAndJoJo/install/opencv_node/share/opencv_node/hook/cmake_prefix_path.dsv'
[26.655s] INFO:colcon.colcon_core.shell:Creating environment hook '/root/Desktop/QtrosAndOpenCV/hyzAndJoJo/install/opencv_node/share/opencv_node/hook/cmake_prefix_path.sh'
[26.656s] Level 1:colcon.colcon_core.environment:checking '/root/Desktop/QtrosAndOpenCV/hyzAndJoJo/install/opencv_node/lib'
[26.656s] Level 1:colcon.colcon_core.environment:checking '/root/Desktop/QtrosAndOpenCV/hyzAndJoJo/install/opencv_node/bin'
[26.656s] Level 1:colcon.colcon_core.environment:checking '/root/Desktop/QtrosAndOpenCV/hyzAndJoJo/install/opencv_node/lib/pkgconfig/opencv_node.pc'
[26.657s] Level 1:colcon.colcon_core.environment:checking '/root/Desktop/QtrosAndOpenCV/hyzAndJoJo/install/opencv_node/lib/python3.11/site-packages'
[26.657s] Level 1:colcon.colcon_core.environment:checking '/root/Desktop/QtrosAndOpenCV/hyzAndJoJo/install/opencv_node/bin'
[26.659s] INFO:colcon.colcon_core.shell:Creating package script '/root/Desktop/QtrosAndOpenCV/hyzAndJoJo/install/opencv_node/share/opencv_node/package.ps1'
[26.661s] DEBUG:colcon.colcon_core.event_handler.log_command:Invoked command in '/root/Desktop/QtrosAndOpenCV/hyzAndJoJo/build/opencv_node' returned '0': CMAKE_PREFIX_PATH=${CMAKE_PREFIX_PATH}:/opt/ros/humble _=/bin/env /bin/cmake --install /root/Desktop/QtrosAndOpenCV/hyzAndJoJo/build/opencv_node
[26.661s] INFO:colcon.colcon_core.shell:Creating package descriptor '/root/Desktop/QtrosAndOpenCV/hyzAndJoJo/install/opencv_node/share/opencv_node/package.dsv'
[26.662s] INFO:colcon.colcon_core.shell:Creating package script '/root/Desktop/QtrosAndOpenCV/hyzAndJoJo/install/opencv_node/share/opencv_node/package.sh'
[26.663s] INFO:colcon.colcon_core.shell:Creating package script '/root/Desktop/QtrosAndOpenCV/hyzAndJoJo/install/opencv_node/share/opencv_node/package.bash'
[26.665s] INFO:colcon.colcon_core.shell:Creating package script '/root/Desktop/QtrosAndOpenCV/hyzAndJoJo/install/opencv_node/share/opencv_node/package.zsh'
[26.665s] Level 1:colcon.colcon_core.environment:create_file_with_runtime_dependencies(/root/Desktop/QtrosAndOpenCV/hyzAndJoJo/install/opencv_node/share/colcon-core/packages/opencv_node)
[26.775s] Level 1:colcon.colcon_core.environment:create_environment_scripts_only(opencv_node)
[26.776s] Level 1:colcon.colcon_core.environment:checking '/root/Desktop/QtrosAndOpenCV/hyzAndJoJo/install/opencv_node' for CMake module files
[26.777s] Level 1:colcon.colcon_core.environment:checking '/root/Desktop/QtrosAndOpenCV/hyzAndJoJo/install/opencv_node' for CMake config files
[26.777s] Level 1:colcon.colcon_core.shell:create_environment_hook('opencv_node', 'cmake_prefix_path')
[26.778s] INFO:colcon.colcon_core.shell:Creating environment hook '/root/Desktop/QtrosAndOpenCV/hyzAndJoJo/install/opencv_node/share/opencv_node/hook/cmake_prefix_path.ps1'
[26.778s] INFO:colcon.colcon_core.shell:Creating environment descriptor '/root/Desktop/QtrosAndOpenCV/hyzAndJoJo/install/opencv_node/share/opencv_node/hook/cmake_prefix_path.dsv'
[26.779s] INFO:colcon.colcon_core.shell:Creating environment hook '/root/Desktop/QtrosAndOpenCV/hyzAndJoJo/install/opencv_node/share/opencv_node/hook/cmake_prefix_path.sh'
[26.780s] Level 1:colcon.colcon_core.environment:checking '/root/Desktop/QtrosAndOpenCV/hyzAndJoJo/install/opencv_node/lib'
[26.780s] Level 1:colcon.colcon_core.environment:checking '/root/Desktop/QtrosAndOpenCV/hyzAndJoJo/install/opencv_node/bin'
[26.780s] Level 1:colcon.colcon_core.environment:checking '/root/Desktop/QtrosAndOpenCV/hyzAndJoJo/install/opencv_node/lib/pkgconfig/opencv_node.pc'
[26.781s] Level 1:colcon.colcon_core.environment:checking '/root/Desktop/QtrosAndOpenCV/hyzAndJoJo/install/opencv_node/lib/python3.11/site-packages'
[26.781s] Level 1:colcon.colcon_core.environment:checking '/root/Desktop/QtrosAndOpenCV/hyzAndJoJo/install/opencv_node/bin'
[26.781s] INFO:colcon.colcon_core.shell:Creating package script '/root/Desktop/QtrosAndOpenCV/hyzAndJoJo/install/opencv_node/share/opencv_node/package.ps1'
[26.782s] INFO:colcon.colcon_core.shell:Creating package descriptor '/root/Desktop/QtrosAndOpenCV/hyzAndJoJo/install/opencv_node/share/opencv_node/package.dsv'
[26.783s] INFO:colcon.colcon_core.shell:Creating package script '/root/Desktop/QtrosAndOpenCV/hyzAndJoJo/install/opencv_node/share/opencv_node/package.sh'
[26.784s] INFO:colcon.colcon_core.shell:Creating package script '/root/Desktop/QtrosAndOpenCV/hyzAndJoJo/install/opencv_node/share/opencv_node/package.bash'
[26.784s] INFO:colcon.colcon_core.shell:Creating package script '/root/Desktop/QtrosAndOpenCV/hyzAndJoJo/install/opencv_node/share/opencv_node/package.zsh'
[26.785s] Level 1:colcon.colcon_core.environment:create_file_with_runtime_dependencies(/root/Desktop/QtrosAndOpenCV/hyzAndJoJo/install/opencv_node/share/colcon-core/packages/opencv_node)
[26.886s] DEBUG:colcon.colcon_core.event_handler.log_command:Invoked command in '/root/Desktop/QtrosAndOpenCV/hyzAndJoJo/build/rqt_display_node' returned '0': CMAKE_PREFIX_PATH=${CMAKE_PREFIX_PATH}:/opt/ros/humble _=/bin/env /bin/cmake --build /root/Desktop/QtrosAndOpenCV/hyzAndJoJo/build/rqt_display_node -- -j16 -l16
[26.973s] DEBUG:colcon.colcon_core.event_handler.log_command:Invoking command in '/root/Desktop/QtrosAndOpenCV/hyzAndJoJo/build/rqt_display_node': CMAKE_PREFIX_PATH=${CMAKE_PREFIX_PATH}:/opt/ros/humble _=/bin/env /bin/cmake --install /root/Desktop/QtrosAndOpenCV/hyzAndJoJo/build/rqt_display_node
[27.031s] Level 1:colcon.colcon_core.environment:create_environment_scripts_only(rqt_display_node)
[27.032s] Level 1:colcon.colcon_core.environment:checking '/root/Desktop/QtrosAndOpenCV/hyzAndJoJo/install/rqt_display_node' for CMake module files
[27.033s] DEBUG:colcon.colcon_core.event_handler.log_command:Invoked command in '/root/Desktop/QtrosAndOpenCV/hyzAndJoJo/build/rqt_display_node' returned '0': CMAKE_PREFIX_PATH=${CMAKE_PREFIX_PATH}:/opt/ros/humble _=/bin/env /bin/cmake --install /root/Desktop/QtrosAndOpenCV/hyzAndJoJo/build/rqt_display_node
[27.034s] Level 1:colcon.colcon_core.environment:checking '/root/Desktop/QtrosAndOpenCV/hyzAndJoJo/install/rqt_display_node' for CMake config files
[27.035s] Level 1:colcon.colcon_core.shell:create_environment_hook('rqt_display_node', 'cmake_prefix_path')
[27.035s] INFO:colcon.colcon_core.shell:Creating environment hook '/root/Desktop/QtrosAndOpenCV/hyzAndJoJo/install/rqt_display_node/share/rqt_display_node/hook/cmake_prefix_path.ps1'
[27.037s] INFO:colcon.colcon_core.shell:Creating environment descriptor '/root/Desktop/QtrosAndOpenCV/hyzAndJoJo/install/rqt_display_node/share/rqt_display_node/hook/cmake_prefix_path.dsv'
[27.037s] INFO:colcon.colcon_core.shell:Creating environment hook '/root/Desktop/QtrosAndOpenCV/hyzAndJoJo/install/rqt_display_node/share/rqt_display_node/hook/cmake_prefix_path.sh'
[27.039s] Level 1:colcon.colcon_core.environment:checking '/root/Desktop/QtrosAndOpenCV/hyzAndJoJo/install/rqt_display_node/lib'
[27.039s] Level 1:colcon.colcon_core.environment:checking '/root/Desktop/QtrosAndOpenCV/hyzAndJoJo/install/rqt_display_node/bin'
[27.039s] Level 1:colcon.colcon_core.environment:checking '/root/Desktop/QtrosAndOpenCV/hyzAndJoJo/install/rqt_display_node/lib/pkgconfig/rqt_display_node.pc'
[27.040s] Level 1:colcon.colcon_core.environment:checking '/root/Desktop/QtrosAndOpenCV/hyzAndJoJo/install/rqt_display_node/lib/python3.11/site-packages'
[27.040s] Level 1:colcon.colcon_core.environment:checking '/root/Desktop/QtrosAndOpenCV/hyzAndJoJo/install/rqt_display_node/bin'
[27.041s] INFO:colcon.colcon_core.shell:Creating package script '/root/Desktop/QtrosAndOpenCV/hyzAndJoJo/install/rqt_display_node/share/rqt_display_node/package.ps1'
[27.042s] INFO:colcon.colcon_core.shell:Creating package descriptor '/root/Desktop/QtrosAndOpenCV/hyzAndJoJo/install/rqt_display_node/share/rqt_display_node/package.dsv'
[27.043s] INFO:colcon.colcon_core.shell:Creating package script '/root/Desktop/QtrosAndOpenCV/hyzAndJoJo/install/rqt_display_node/share/rqt_display_node/package.sh'
[27.044s] INFO:colcon.colcon_core.shell:Creating package script '/root/Desktop/QtrosAndOpenCV/hyzAndJoJo/install/rqt_display_node/share/rqt_display_node/package.bash'
[27.045s] INFO:colcon.colcon_core.shell:Creating package script '/root/Desktop/QtrosAndOpenCV/hyzAndJoJo/install/rqt_display_node/share/rqt_display_node/package.zsh'
[27.045s] Level 1:colcon.colcon_core.environment:create_file_with_runtime_dependencies(/root/Desktop/QtrosAndOpenCV/hyzAndJoJo/install/rqt_display_node/share/colcon-core/packages/rqt_display_node)
[27.131s] Level 1:colcon.colcon_core.environment:create_environment_scripts_only(rqt_display_node)
[27.131s] Level 1:colcon.colcon_core.environment:checking '/root/Desktop/QtrosAndOpenCV/hyzAndJoJo/install/rqt_display_node' for CMake module files
[27.132s] Level 1:colcon.colcon_core.environment:checking '/root/Desktop/QtrosAndOpenCV/hyzAndJoJo/install/rqt_display_node' for CMake config files
[27.133s] Level 1:colcon.colcon_core.shell:create_environment_hook('rqt_display_node', 'cmake_prefix_path')
[27.133s] INFO:colcon.colcon_core.shell:Creating environment hook '/root/Desktop/QtrosAndOpenCV/hyzAndJoJo/install/rqt_display_node/share/rqt_display_node/hook/cmake_prefix_path.ps1'
[27.135s] INFO:colcon.colcon_core.shell:Creating environment descriptor '/root/Desktop/QtrosAndOpenCV/hyzAndJoJo/install/rqt_display_node/share/rqt_display_node/hook/cmake_prefix_path.dsv'
[27.135s] INFO:colcon.colcon_core.shell:Creating environment hook '/root/Desktop/QtrosAndOpenCV/hyzAndJoJo/install/rqt_display_node/share/rqt_display_node/hook/cmake_prefix_path.sh'
[27.137s] Level 1:colcon.colcon_core.environment:checking '/root/Desktop/QtrosAndOpenCV/hyzAndJoJo/install/rqt_display_node/lib'
[27.137s] Level 1:colcon.colcon_core.environment:checking '/root/Desktop/QtrosAndOpenCV/hyzAndJoJo/install/rqt_display_node/bin'
[27.137s] Level 1:colcon.colcon_core.environment:checking '/root/Desktop/QtrosAndOpenCV/hyzAndJoJo/install/rqt_display_node/lib/pkgconfig/rqt_display_node.pc'
[27.137s] Level 1:colcon.colcon_core.environment:checking '/root/Desktop/QtrosAndOpenCV/hyzAndJoJo/install/rqt_display_node/lib/python3.11/site-packages'
[27.138s] Level 1:colcon.colcon_core.environment:checking '/root/Desktop/QtrosAndOpenCV/hyzAndJoJo/install/rqt_display_node/bin'
[27.138s] INFO:colcon.colcon_core.shell:Creating package script '/root/Desktop/QtrosAndOpenCV/hyzAndJoJo/install/rqt_display_node/share/rqt_display_node/package.ps1'
[27.140s] INFO:colcon.colcon_core.shell:Creating package descriptor '/root/Desktop/QtrosAndOpenCV/hyzAndJoJo/install/rqt_display_node/share/rqt_display_node/package.dsv'
[27.141s] INFO:colcon.colcon_core.shell:Creating package script '/root/Desktop/QtrosAndOpenCV/hyzAndJoJo/install/rqt_display_node/share/rqt_display_node/package.sh'
[27.141s] INFO:colcon.colcon_core.shell:Creating package script '/root/Desktop/QtrosAndOpenCV/hyzAndJoJo/install/rqt_display_node/share/rqt_display_node/package.bash'
[27.142s] INFO:colcon.colcon_core.shell:Creating package script '/root/Desktop/QtrosAndOpenCV/hyzAndJoJo/install/rqt_display_node/share/rqt_display_node/package.zsh'
[27.143s] Level 1:colcon.colcon_core.environment:create_file_with_runtime_dependencies(/root/Desktop/QtrosAndOpenCV/hyzAndJoJo/install/rqt_display_node/share/colcon-core/packages/rqt_display_node)
[27.144s] DEBUG:colcon.colcon_parallel_executor.executor.parallel:closing loop
[27.144s] DEBUG:colcon.colcon_parallel_executor.executor.parallel:loop closed
[27.145s] DEBUG:colcon.colcon_parallel_executor.executor.parallel:run_until_complete finished with '0'
[27.145s] DEBUG:colcon.colcon_core.event_reactor:joining thread
[27.175s] INFO:colcon.colcon_core.plugin_system:Skipping extension 'colcon_notification.desktop_notification.terminal_notifier': Not used on non-Darwin systems
[27.175s] INFO:colcon.colcon_core.plugin_system:Skipping extension 'colcon_notification.desktop_notification.win32': Not used on non-Windows systems
[27.175s] INFO:colcon.colcon_notification.desktop_notification:Sending desktop notification using 'notify2'
[27.855s] DEBUG:colcon.colcon_core.event_reactor:joined thread
[27.855s] INFO:colcon.colcon_core.shell:Creating prefix script '/root/Desktop/QtrosAndOpenCV/hyzAndJoJo/install/local_setup.ps1'
[27.856s] INFO:colcon.colcon_core.shell:Creating prefix util module '/root/Desktop/QtrosAndOpenCV/hyzAndJoJo/install/_local_setup_util_ps1.py'
[27.861s] INFO:colcon.colcon_core.shell:Creating prefix chain script '/root/Desktop/QtrosAndOpenCV/hyzAndJoJo/install/setup.ps1'
[27.865s] INFO:colcon.colcon_core.shell:Creating prefix script '/root/Desktop/QtrosAndOpenCV/hyzAndJoJo/install/local_setup.sh'
[27.866s] INFO:colcon.colcon_core.shell:Creating prefix util module '/root/Desktop/QtrosAndOpenCV/hyzAndJoJo/install/_local_setup_util_sh.py'
[27.868s] INFO:colcon.colcon_core.shell:Creating prefix chain script '/root/Desktop/QtrosAndOpenCV/hyzAndJoJo/install/setup.sh'
[27.872s] INFO:colcon.colcon_core.shell:Creating prefix script '/root/Desktop/QtrosAndOpenCV/hyzAndJoJo/install/local_setup.bash'
[27.874s] INFO:colcon.colcon_core.shell:Creating prefix chain script '/root/Desktop/QtrosAndOpenCV/hyzAndJoJo/install/setup.bash'
[27.881s] INFO:colcon.colcon_core.shell:Creating prefix script '/root/Desktop/QtrosAndOpenCV/hyzAndJoJo/install/local_setup.zsh'
[27.882s] INFO:colcon.colcon_core.shell:Creating prefix chain script '/root/Desktop/QtrosAndOpenCV/hyzAndJoJo/install/setup.zsh'
