[0.060s] Invoking command in '/root/Desktop/QtrosAndOpenCV/hyzAndJoJo/build/opencv_node': CMAKE_PREFIX_PATH=${CMAKE_PREFIX_PATH}:/opt/ros/humble _=/bin/env /bin/cmake --build /root/Desktop/QtrosAndOpenCV/hyzAndJoJo/build/opencv_node -- -j16 -l16
[0.211s] [100%] Built target camera_pack
[0.234s] Invoked command in '/root/Desktop/QtrosAndOpenCV/hyzAndJoJo/build/opencv_node' returned '0': CMAKE_PREFIX_PATH=${CMAKE_PREFIX_PATH}:/opt/ros/humble _=/bin/env /bin/cmake --build /root/Desktop/QtrosAndOpenCV/hyzAndJoJo/build/opencv_node -- -j16 -l16
[0.375s] Invoking command in '/root/Desktop/QtrosAndOpenCV/hyzAndJoJo/build/opencv_node': CMAKE_PREFIX_PATH=${CMAKE_PREFIX_PATH}:/opt/ros/humble _=/bin/env /bin/cmake --install /root/Desktop/QtrosAndOpenCV/hyzAndJoJo/build/opencv_node
[0.407s] -- Install configuration: ""
[0.407s] -- Execute custom install script
[0.407s] -- Up-to-date symlink: /root/Desktop/QtrosAndOpenCV/hyzAndJoJo/install/opencv_node/lib/opencv_node/camera_pack
[0.407s] -- Up-to-date symlink: /root/Desktop/QtrosAndOpenCV/hyzAndJoJo/install/opencv_node/share/ament_index/resource_index/package_run_dependencies/opencv_node
[0.407s] -- Up-to-date symlink: /root/Desktop/QtrosAndOpenCV/hyzAndJoJo/install/opencv_node/share/ament_index/resource_index/parent_prefix_path/opencv_node
[0.407s] -- Up-to-date symlink: /root/Desktop/QtrosAndOpenCV/hyzAndJoJo/install/opencv_node/share/opencv_node/environment/ament_prefix_path.sh
[0.407s] -- Up-to-date symlink: /root/Desktop/QtrosAndOpenCV/hyzAndJoJo/install/opencv_node/share/opencv_node/environment/ament_prefix_path.dsv
[0.407s] -- Up-to-date symlink: /root/Desktop/QtrosAndOpenCV/hyzAndJoJo/install/opencv_node/share/opencv_node/environment/path.sh
[0.407s] -- Up-to-date symlink: /root/Desktop/QtrosAndOpenCV/hyzAndJoJo/install/opencv_node/share/opencv_node/environment/path.dsv
[0.407s] -- Up-to-date symlink: /root/Desktop/QtrosAndOpenCV/hyzAndJoJo/install/opencv_node/share/opencv_node/local_setup.bash
[0.407s] -- Up-to-date symlink: /root/Desktop/QtrosAndOpenCV/hyzAndJoJo/install/opencv_node/share/opencv_node/local_setup.sh
[0.407s] -- Up-to-date symlink: /root/Desktop/QtrosAndOpenCV/hyzAndJoJo/install/opencv_node/share/opencv_node/local_setup.zsh
[0.407s] -- Up-to-date symlink: /root/Desktop/QtrosAndOpenCV/hyzAndJoJo/install/opencv_node/share/opencv_node/local_setup.dsv
[0.407s] -- Symlinking: /root/Desktop/QtrosAndOpenCV/hyzAndJoJo/install/opencv_node/share/opencv_node/package.dsv
[0.428s] -- Up-to-date symlink: /root/Desktop/QtrosAndOpenCV/hyzAndJoJo/install/opencv_node/share/ament_index/resource_index/packages/opencv_node
[0.431s] -- Up-to-date symlink: /root/Desktop/QtrosAndOpenCV/hyzAndJoJo/install/opencv_node/share/opencv_node/cmake/opencv_nodeConfig.cmake
[0.431s] -- Up-to-date symlink: /root/Desktop/QtrosAndOpenCV/hyzAndJoJo/install/opencv_node/share/opencv_node/cmake/opencv_nodeConfig-version.cmake
[0.431s] -- Up-to-date symlink: /root/Desktop/QtrosAndOpenCV/hyzAndJoJo/install/opencv_node/share/opencv_node/package.xml
[0.439s] Invoked command in '/root/Desktop/QtrosAndOpenCV/hyzAndJoJo/build/opencv_node' returned '0': CMAKE_PREFIX_PATH=${CMAKE_PREFIX_PATH}:/opt/ros/humble _=/bin/env /bin/cmake --install /root/Desktop/QtrosAndOpenCV/hyzAndJoJo/build/opencv_node
