[0.077s] Invoking command in '/root/Desktop/QtrosAndOpenCV/hyzAndJoJo/build/opencv_node': CMAKE_PREFIX_PATH=${CMAKE_PREFIX_PATH}:/opt/ros/humble _=/bin/env /bin/cmake /root/Desktop/QtrosAndOpenCV/hyzAndJoJo/src/opencv_node -DCMAKE_INSTALL_PREFIX=/root/Desktop/QtrosAndOpenCV/hyzAndJoJo/install/opencv_node
[0.218s] -- The C compiler identification is GNU 12.3.1
[0.405s] -- The CXX compiler identification is GNU 12.3.1
[0.461s] -- Detecting C compiler ABI info
[0.745s] -- Detecting C compiler ABI info - done
[0.764s] -- Check for working C compiler: /bin/cc - skipped
[0.764s] -- Detecting C compile features
[0.766s] -- Detecting C compile features - done
[0.788s] -- Detecting CXX compiler ABI info
[1.087s] -- Detecting CXX compiler ABI info - done
[1.111s] -- Check for working CXX compiler: /bin/c++ - skipped
[1.112s] -- Detecting CXX compile features
[1.114s] -- Detecting CXX compile features - done
[1.131s] -- Found ament_cmake: 1.3.4 (/opt/ros/humble/share/ament_cmake/cmake)
[2.643s] -- Found Python3: /bin/python3.11 (found version "3.11.6") found components: Interpreter 
[2.931s] -- Found rclcpp: 16.0.4 (/opt/ros/humble/share/rclcpp/cmake)
[3.059s] -- Found rosidl_generator_c: 3.1.4 (/opt/ros/humble/share/rosidl_generator_c/cmake)
[3.084s] -- Found rosidl_adapter: 3.1.4 (/opt/ros/humble/share/rosidl_adapter/cmake)
[3.105s] -- Found rosidl_generator_cpp: 3.1.4 (/opt/ros/humble/share/rosidl_generator_cpp/cmake)
[3.149s] -- Using all available rosidl_typesupport_c: rosidl_typesupport_fastrtps_c;rosidl_typesupport_introspection_c
[3.213s] -- Using all available rosidl_typesupport_cpp: rosidl_typesupport_fastrtps_cpp;rosidl_typesupport_introspection_cpp
[3.411s] -- Found rmw_implementation_cmake: 6.1.1 (/opt/ros/humble/share/rmw_implementation_cmake/cmake)
[3.441s] -- Found rmw_fastrtps_cpp: 6.2.2 (/opt/ros/humble/share/rmw_fastrtps_cpp/cmake)
[3.730s] -- Found OpenSSL: /usr/lib64/libcrypto.so (found version "3.0.12")  
[3.788s] -- Found FastRTPS: /opt/ros/humble/include  
[3.860s] -- Using RMW implementation 'rmw_fastrtps_cpp' as default
[3.894s] -- Performing Test CMAKE_HAVE_LIBC_PTHREAD
[4.146s] -- Performing Test CMAKE_HAVE_LIBC_PTHREAD - Success
[4.148s] -- Found Threads: TRUE  
[4.643s] -- Found sensor_msgs: 4.2.3 (/opt/ros/humble/share/sensor_msgs/cmake)
[4.986s] -- Found cv_bridge: 3.2.1 (/opt/ros/humble/share/cv_bridge/cmake)
[5.014s] -- Found OpenCV: /usr (found version "4.5.2") 
[5.027s] -- Found ament_lint_auto: 0.12.6 (/opt/ros/humble/share/ament_lint_auto/cmake)
[5.342s] -- Added test 'cppcheck' to perform static code analysis on C / C++ code
[5.343s] -- Configured cppcheck include dirs: /root/Desktop/QtrosAndOpenCV/hyzAndJoJo/src/opencv_node/include;$<BUILD_INTERFACE:/root/Desktop/QtrosAndOpenCV/hyzAndJoJo/src/opencv_node/include>
[5.343s] -- Configured cppcheck exclude dirs and/or files: 
[5.350s] -- Added test 'lint_cmake' to check CMake code style
[5.350s] -- Added test 'uncrustify' to check C / C++ code style
[5.350s] -- Configured uncrustify additional arguments: 
[5.350s] -- Added test 'xmllint' to check XML markup files
[5.358s] -- Configuring done (5.3s)
[5.380s] -- Generating done (0.0s)
[5.385s] -- Build files have been written to: /root/Desktop/QtrosAndOpenCV/hyzAndJoJo/build/opencv_node
[5.409s] Invoked command in '/root/Desktop/QtrosAndOpenCV/hyzAndJoJo/build/opencv_node' returned '0': CMAKE_PREFIX_PATH=${CMAKE_PREFIX_PATH}:/opt/ros/humble _=/bin/env /bin/cmake /root/Desktop/QtrosAndOpenCV/hyzAndJoJo/src/opencv_node -DCMAKE_INSTALL_PREFIX=/root/Desktop/QtrosAndOpenCV/hyzAndJoJo/install/opencv_node
[5.410s] Invoking command in '/root/Desktop/QtrosAndOpenCV/hyzAndJoJo/build/opencv_node': CMAKE_PREFIX_PATH=${CMAKE_PREFIX_PATH}:/opt/ros/humble _=/bin/env /bin/cmake --build /root/Desktop/QtrosAndOpenCV/hyzAndJoJo/build/opencv_node -- -j16 -l16
[5.526s] [ 50%] [32mBuilding CXX object CMakeFiles/camera_pack.dir/src/opencv_node.cpp.o[0m
[29.328s] [100%] [32m[1mLinking CXX executable camera_pack[0m
[30.289s] [100%] Built target camera_pack
[30.314s] Invoked command in '/root/Desktop/QtrosAndOpenCV/hyzAndJoJo/build/opencv_node' returned '0': CMAKE_PREFIX_PATH=${CMAKE_PREFIX_PATH}:/opt/ros/humble _=/bin/env /bin/cmake --build /root/Desktop/QtrosAndOpenCV/hyzAndJoJo/build/opencv_node -- -j16 -l16
[30.433s] Invoking command in '/root/Desktop/QtrosAndOpenCV/hyzAndJoJo/build/opencv_node': CMAKE_PREFIX_PATH=${CMAKE_PREFIX_PATH}:/opt/ros/humble _=/bin/env /bin/cmake --install /root/Desktop/QtrosAndOpenCV/hyzAndJoJo/build/opencv_node
[30.442s] -- Install configuration: ""
[30.442s] -- Installing: /root/Desktop/QtrosAndOpenCV/hyzAndJoJo/install/opencv_node/lib/opencv_node/camera_pack
[30.446s] -- Set runtime path of "/root/Desktop/QtrosAndOpenCV/hyzAndJoJo/install/opencv_node/lib/opencv_node/camera_pack" to ""
[30.447s] -- Installing: /root/Desktop/QtrosAndOpenCV/hyzAndJoJo/install/opencv_node/share/ament_index/resource_index/package_run_dependencies/opencv_node
[30.448s] -- Installing: /root/Desktop/QtrosAndOpenCV/hyzAndJoJo/install/opencv_node/share/ament_index/resource_index/parent_prefix_path/opencv_node
[30.448s] -- Installing: /root/Desktop/QtrosAndOpenCV/hyzAndJoJo/install/opencv_node/share/opencv_node/environment/ament_prefix_path.sh
[30.449s] -- Installing: /root/Desktop/QtrosAndOpenCV/hyzAndJoJo/install/opencv_node/share/opencv_node/environment/ament_prefix_path.dsv
[30.449s] -- Installing: /root/Desktop/QtrosAndOpenCV/hyzAndJoJo/install/opencv_node/share/opencv_node/environment/path.sh
[30.449s] -- Installing: /root/Desktop/QtrosAndOpenCV/hyzAndJoJo/install/opencv_node/share/opencv_node/environment/path.dsv
[30.449s] -- Installing: /root/Desktop/QtrosAndOpenCV/hyzAndJoJo/install/opencv_node/share/opencv_node/local_setup.bash
[30.449s] -- Installing: /root/Desktop/QtrosAndOpenCV/hyzAndJoJo/install/opencv_node/share/opencv_node/local_setup.sh
[30.449s] -- Installing: /root/Desktop/QtrosAndOpenCV/hyzAndJoJo/install/opencv_node/share/opencv_node/local_setup.zsh
[30.450s] -- Installing: /root/Desktop/QtrosAndOpenCV/hyzAndJoJo/install/opencv_node/share/opencv_node/local_setup.dsv
[30.450s] -- Installing: /root/Desktop/QtrosAndOpenCV/hyzAndJoJo/install/opencv_node/share/opencv_node/package.dsv
[30.450s] -- Installing: /root/Desktop/QtrosAndOpenCV/hyzAndJoJo/install/opencv_node/share/ament_index/resource_index/packages/opencv_node
[30.450s] -- Installing: /root/Desktop/QtrosAndOpenCV/hyzAndJoJo/install/opencv_node/share/opencv_node/cmake/opencv_nodeConfig.cmake
[30.450s] -- Installing: /root/Desktop/QtrosAndOpenCV/hyzAndJoJo/install/opencv_node/share/opencv_node/cmake/opencv_nodeConfig-version.cmake
[30.451s] -- Installing: /root/Desktop/QtrosAndOpenCV/hyzAndJoJo/install/opencv_node/share/opencv_node/package.xml
[30.455s] Invoked command in '/root/Desktop/QtrosAndOpenCV/hyzAndJoJo/build/opencv_node' returned '0': CMAKE_PREFIX_PATH=${CMAKE_PREFIX_PATH}:/opt/ros/humble _=/bin/env /bin/cmake --install /root/Desktop/QtrosAndOpenCV/hyzAndJoJo/build/opencv_node
