-- The C compiler identification is GNU 12.3.1
-- The CXX compiler identification is GNU 12.3.1
-- Detecting C compiler ABI info
-- Detecting C compiler ABI info - done
-- Check for working C compiler: /bin/cc - skipped
-- Detecting C compile features
-- Detecting C compile features - done
-- Detecting CXX compiler ABI info
-- Detecting CXX compiler ABI info - done
-- Check for working CXX compiler: /bin/c++ - skipped
-- Detecting CXX compile features
-- Detecting CXX compile features - done
-- Found PkgConfig: /bin/pkg-config (found version "1.9.5") 
-- Found ament_cmake: 1.3.4 (/opt/ros/humble/share/ament_cmake/cmake)
-- Found Python3: /bin/python3.11 (found version "3.11.6") found components: Interpreter 
-- Found rclcpp: 16.0.4 (/opt/ros/humble/share/rclcpp/cmake)
-- Found rosidl_generator_c: 3.1.4 (/opt/ros/humble/share/rosidl_generator_c/cmake)
-- Found rosidl_adapter: 3.1.4 (/opt/ros/humble/share/rosidl_adapter/cmake)
-- Found rosidl_generator_cpp: 3.1.4 (/opt/ros/humble/share/rosidl_generator_cpp/cmake)
-- Using all available rosidl_typesupport_c: rosidl_typesupport_fastrtps_c;rosidl_typesupport_introspection_c
-- Using all available rosidl_typesupport_cpp: rosidl_typesupport_fastrtps_cpp;rosidl_typesupport_introspection_cpp
-- Found rmw_implementation_cmake: 6.1.1 (/opt/ros/humble/share/rmw_implementation_cmake/cmake)
-- Found rmw_fastrtps_cpp: 6.2.2 (/opt/ros/humble/share/rmw_fastrtps_cpp/cmake)
-- Found OpenSSL: /usr/lib64/libcrypto.so (found version "3.0.12")  
-- Found FastRTPS: /opt/ros/humble/include  
-- Using RMW implementation 'rmw_fastrtps_cpp' as default
-- Performing Test CMAKE_HAVE_LIBC_PTHREAD
-- Performing Test CMAKE_HAVE_LIBC_PTHREAD - Success
-- Found Threads: TRUE  
-- Found sensor_msgs: 4.2.3 (/opt/ros/humble/share/sensor_msgs/cmake)
-- Found usb_cam: 0.8.1 (/home/jojo/usb_cam_ros2/install/usb_cam/share/usb_cam/cmake)
-- Checking for module 'libavutil'
--   Found libavutil, version 58.29.100
-- Checking for module 'libavcodec'
--   Found libavcodec, version 60.31.102
-- Checking for module 'libavformat'
--   Found libavformat, version 60.16.100
-- Checking for module 'libswscale'
--   Found libswscale, version 7.5.100
-- Found ament_lint_auto: 0.12.6 (/opt/ros/humble/share/ament_lint_auto/cmake)
-- Added test 'cppcheck' to perform static code analysis on C / C++ code
-- Configured cppcheck include dirs: $<BUILD_INTERFACE:/root/Desktop/QtrosAndOpenCV/hyzAndJoJo/src/usb_camera_node/include>
-- Configured cppcheck exclude dirs and/or files: 
-- Added test 'flake8' to check Python code syntax and style conventions
-- Added test 'lint_cmake' to check CMake code style
-- Added test 'pep257' to check Python code against some of the docstring style conventions in PEP 257
-- Added test 'uncrustify' to check C / C++ code style
-- Configured uncrustify additional arguments: 
-- Added test 'xmllint' to check XML markup files
-- Configuring done (6.6s)
-- Generating done (0.0s)
-- Build files have been written to: /root/Desktop/QtrosAndOpenCV/hyzAndJoJo/build/usb_camera_node
[ 50%] [32mBuilding CXX object CMakeFiles/camera_pack.dir/src/usb_camera_node.cpp.o[0m
[100%] [32m[1mLinking CXX executable camera_pack[0m
[100%] Built target camera_pack
-- Install configuration: ""
-- Installing: /root/Desktop/QtrosAndOpenCV/hyzAndJoJo/install/usb_camera_node/lib/usb_camera_node/camera_pack
-- Set runtime path of "/root/Desktop/QtrosAndOpenCV/hyzAndJoJo/install/usb_camera_node/lib/usb_camera_node/camera_pack" to ""
-- Installing: /root/Desktop/QtrosAndOpenCV/hyzAndJoJo/install/usb_camera_node/share/ament_index/resource_index/package_run_dependencies/usb_camera_node
-- Installing: /root/Desktop/QtrosAndOpenCV/hyzAndJoJo/install/usb_camera_node/share/ament_index/resource_index/parent_prefix_path/usb_camera_node
-- Installing: /root/Desktop/QtrosAndOpenCV/hyzAndJoJo/install/usb_camera_node/share/usb_camera_node/environment/ament_prefix_path.sh
-- Installing: /root/Desktop/QtrosAndOpenCV/hyzAndJoJo/install/usb_camera_node/share/usb_camera_node/environment/ament_prefix_path.dsv
-- Installing: /root/Desktop/QtrosAndOpenCV/hyzAndJoJo/install/usb_camera_node/share/usb_camera_node/environment/path.sh
-- Installing: /root/Desktop/QtrosAndOpenCV/hyzAndJoJo/install/usb_camera_node/share/usb_camera_node/environment/path.dsv
-- Installing: /root/Desktop/QtrosAndOpenCV/hyzAndJoJo/install/usb_camera_node/share/usb_camera_node/local_setup.bash
-- Installing: /root/Desktop/QtrosAndOpenCV/hyzAndJoJo/install/usb_camera_node/share/usb_camera_node/local_setup.sh
-- Installing: /root/Desktop/QtrosAndOpenCV/hyzAndJoJo/install/usb_camera_node/share/usb_camera_node/local_setup.zsh
-- Installing: /root/Desktop/QtrosAndOpenCV/hyzAndJoJo/install/usb_camera_node/share/usb_camera_node/local_setup.dsv
-- Installing: /root/Desktop/QtrosAndOpenCV/hyzAndJoJo/install/usb_camera_node/share/usb_camera_node/package.dsv
-- Installing: /root/Desktop/QtrosAndOpenCV/hyzAndJoJo/install/usb_camera_node/share/ament_index/resource_index/packages/usb_camera_node
-- Installing: /root/Desktop/QtrosAndOpenCV/hyzAndJoJo/install/usb_camera_node/share/usb_camera_node/cmake/usb_camera_nodeConfig.cmake
-- Installing: /root/Desktop/QtrosAndOpenCV/hyzAndJoJo/install/usb_camera_node/share/usb_camera_node/cmake/usb_camera_nodeConfig-version.cmake
-- Installing: /root/Desktop/QtrosAndOpenCV/hyzAndJoJo/install/usb_camera_node/share/usb_camera_node/package.xml
