[0.043s] Invoking command in '/root/Desktop/QtrosAndOpenCV/hyzAndJoJo/build/usb_camera_node': CMAKE_PREFIX_PATH=${CMAKE_PREFIX_PATH}:/opt/ros/humble _=/bin/env /bin/cmake /root/Desktop/QtrosAndOpenCV/hyzAndJoJo/src/usb_camera_node -DCMAKE_INSTALL_PREFIX=/root/Desktop/QtrosAndOpenCV/hyzAndJoJo/install/usb_camera_node
[0.217s] -- The C compiler identification is GNU 12.3.1
[0.390s] -- The CXX compiler identification is GNU 12.3.1
[0.431s] -- Detecting C compiler ABI info
[0.708s] -- Detecting C compiler ABI info - done
[0.729s] -- Check for working C compiler: /bin/cc - skipped
[0.729s] -- Detecting C compile features
[0.730s] -- Detecting C compile features - done
[0.766s] -- Detecting CXX compiler ABI info
[1.038s] -- Detecting CXX compiler ABI info - done
[1.057s] -- Check for working CXX compiler: /bin/c++ - skipped
[1.057s] -- Detecting CXX compile features
[1.058s] -- Detecting CXX compile features - done
[1.073s] -- Found PkgConfig: /bin/pkg-config (found version "1.9.5") 
[1.079s] -- Found ament_cmake: 1.3.4 (/opt/ros/humble/share/ament_cmake/cmake)
[2.585s] -- Found Python3: /bin/python3.11 (found version "3.11.6") found components: Interpreter 
[2.876s] -- Found rclcpp: 16.0.4 (/opt/ros/humble/share/rclcpp/cmake)
[3.004s] -- Found rosidl_generator_c: 3.1.4 (/opt/ros/humble/share/rosidl_generator_c/cmake)
[3.021s] -- Found rosidl_adapter: 3.1.4 (/opt/ros/humble/share/rosidl_adapter/cmake)
[3.050s] -- Found rosidl_generator_cpp: 3.1.4 (/opt/ros/humble/share/rosidl_generator_cpp/cmake)
[3.093s] -- Using all available rosidl_typesupport_c: rosidl_typesupport_fastrtps_c;rosidl_typesupport_introspection_c
[3.158s] -- Using all available rosidl_typesupport_cpp: rosidl_typesupport_fastrtps_cpp;rosidl_typesupport_introspection_cpp
[3.385s] -- Found rmw_implementation_cmake: 6.1.1 (/opt/ros/humble/share/rmw_implementation_cmake/cmake)
[3.405s] -- Found rmw_fastrtps_cpp: 6.2.2 (/opt/ros/humble/share/rmw_fastrtps_cpp/cmake)
[3.695s] -- Found OpenSSL: /usr/lib64/libcrypto.so (found version "3.0.12")  
[3.752s] -- Found FastRTPS: /opt/ros/humble/include  
[3.836s] -- Using RMW implementation 'rmw_fastrtps_cpp' as default
[3.915s] -- Performing Test CMAKE_HAVE_LIBC_PTHREAD
[4.172s] -- Performing Test CMAKE_HAVE_LIBC_PTHREAD - Success
[4.172s] -- Found Threads: TRUE  
[4.663s] -- Found sensor_msgs: 4.2.3 (/opt/ros/humble/share/sensor_msgs/cmake)
[4.992s] -- Found usb_cam: 0.8.1 (/home/jojo/usb_cam_ros2/install/usb_cam/share/usb_cam/cmake)
[5.677s] -- Checking for module 'libavutil'
[5.707s] --   Found libavutil, version 58.29.100
[5.795s] -- Checking for module 'libavcodec'
[5.847s] --   Found libavcodec, version 60.31.102
[5.962s] -- Checking for module 'libavformat'
[5.983s] --   Found libavformat, version 60.16.100
[6.035s] -- Checking for module 'libswscale'
[6.056s] --   Found libswscale, version 7.5.100
[6.346s] -- Found ament_lint_auto: 0.12.6 (/opt/ros/humble/share/ament_lint_auto/cmake)
[6.670s] -- Added test 'cppcheck' to perform static code analysis on C / C++ code
[6.671s] -- Configured cppcheck include dirs: $<BUILD_INTERFACE:/root/Desktop/QtrosAndOpenCV/hyzAndJoJo/src/usb_camera_node/include>
[6.672s] -- Configured cppcheck exclude dirs and/or files: 
[6.672s] -- Added test 'flake8' to check Python code syntax and style conventions
[6.672s] -- Added test 'lint_cmake' to check CMake code style
[6.672s] -- Added test 'pep257' to check Python code against some of the docstring style conventions in PEP 257
[6.672s] -- Added test 'uncrustify' to check C / C++ code style
[6.672s] -- Configured uncrustify additional arguments: 
[6.678s] -- Added test 'xmllint' to check XML markup files
[6.679s] -- Configuring done (6.6s)
[6.732s] -- Generating done (0.0s)
[6.737s] -- Build files have been written to: /root/Desktop/QtrosAndOpenCV/hyzAndJoJo/build/usb_camera_node
[6.773s] Invoked command in '/root/Desktop/QtrosAndOpenCV/hyzAndJoJo/build/usb_camera_node' returned '0': CMAKE_PREFIX_PATH=${CMAKE_PREFIX_PATH}:/opt/ros/humble _=/bin/env /bin/cmake /root/Desktop/QtrosAndOpenCV/hyzAndJoJo/src/usb_camera_node -DCMAKE_INSTALL_PREFIX=/root/Desktop/QtrosAndOpenCV/hyzAndJoJo/install/usb_camera_node
[6.774s] Invoking command in '/root/Desktop/QtrosAndOpenCV/hyzAndJoJo/build/usb_camera_node': CMAKE_PREFIX_PATH=${CMAKE_PREFIX_PATH}:/opt/ros/humble _=/bin/env /bin/cmake --build /root/Desktop/QtrosAndOpenCV/hyzAndJoJo/build/usb_camera_node -- -j16 -l16
[6.889s] [ 50%] [32mBuilding CXX object CMakeFiles/camera_pack.dir/src/usb_camera_node.cpp.o[0m
[21.218s] [100%] [32m[1mLinking CXX executable camera_pack[0m
[22.530s] [100%] Built target camera_pack
[22.542s] Invoked command in '/root/Desktop/QtrosAndOpenCV/hyzAndJoJo/build/usb_camera_node' returned '0': CMAKE_PREFIX_PATH=${CMAKE_PREFIX_PATH}:/opt/ros/humble _=/bin/env /bin/cmake --build /root/Desktop/QtrosAndOpenCV/hyzAndJoJo/build/usb_camera_node -- -j16 -l16
[22.604s] Invoking command in '/root/Desktop/QtrosAndOpenCV/hyzAndJoJo/build/usb_camera_node': CMAKE_PREFIX_PATH=${CMAKE_PREFIX_PATH}:/opt/ros/humble _=/bin/env /bin/cmake --install /root/Desktop/QtrosAndOpenCV/hyzAndJoJo/build/usb_camera_node
[22.611s] -- Install configuration: ""
[22.611s] -- Installing: /root/Desktop/QtrosAndOpenCV/hyzAndJoJo/install/usb_camera_node/lib/usb_camera_node/camera_pack
[22.612s] -- Set runtime path of "/root/Desktop/QtrosAndOpenCV/hyzAndJoJo/install/usb_camera_node/lib/usb_camera_node/camera_pack" to ""
[22.614s] -- Installing: /root/Desktop/QtrosAndOpenCV/hyzAndJoJo/install/usb_camera_node/share/ament_index/resource_index/package_run_dependencies/usb_camera_node
[22.614s] -- Installing: /root/Desktop/QtrosAndOpenCV/hyzAndJoJo/install/usb_camera_node/share/ament_index/resource_index/parent_prefix_path/usb_camera_node
[22.615s] -- Installing: /root/Desktop/QtrosAndOpenCV/hyzAndJoJo/install/usb_camera_node/share/usb_camera_node/environment/ament_prefix_path.sh
[22.615s] -- Installing: /root/Desktop/QtrosAndOpenCV/hyzAndJoJo/install/usb_camera_node/share/usb_camera_node/environment/ament_prefix_path.dsv
[22.615s] -- Installing: /root/Desktop/QtrosAndOpenCV/hyzAndJoJo/install/usb_camera_node/share/usb_camera_node/environment/path.sh
[22.616s] -- Installing: /root/Desktop/QtrosAndOpenCV/hyzAndJoJo/install/usb_camera_node/share/usb_camera_node/environment/path.dsv
[22.616s] -- Installing: /root/Desktop/QtrosAndOpenCV/hyzAndJoJo/install/usb_camera_node/share/usb_camera_node/local_setup.bash
[22.616s] -- Installing: /root/Desktop/QtrosAndOpenCV/hyzAndJoJo/install/usb_camera_node/share/usb_camera_node/local_setup.sh
[22.617s] -- Installing: /root/Desktop/QtrosAndOpenCV/hyzAndJoJo/install/usb_camera_node/share/usb_camera_node/local_setup.zsh
[22.617s] -- Installing: /root/Desktop/QtrosAndOpenCV/hyzAndJoJo/install/usb_camera_node/share/usb_camera_node/local_setup.dsv
[22.617s] -- Installing: /root/Desktop/QtrosAndOpenCV/hyzAndJoJo/install/usb_camera_node/share/usb_camera_node/package.dsv
[22.617s] -- Installing: /root/Desktop/QtrosAndOpenCV/hyzAndJoJo/install/usb_camera_node/share/ament_index/resource_index/packages/usb_camera_node
[22.617s] -- Installing: /root/Desktop/QtrosAndOpenCV/hyzAndJoJo/install/usb_camera_node/share/usb_camera_node/cmake/usb_camera_nodeConfig.cmake
[22.617s] -- Installing: /root/Desktop/QtrosAndOpenCV/hyzAndJoJo/install/usb_camera_node/share/usb_camera_node/cmake/usb_camera_nodeConfig-version.cmake
[22.617s] -- Installing: /root/Desktop/QtrosAndOpenCV/hyzAndJoJo/install/usb_camera_node/share/usb_camera_node/package.xml
[22.625s] Invoked command in '/root/Desktop/QtrosAndOpenCV/hyzAndJoJo/build/usb_camera_node' returned '0': CMAKE_PREFIX_PATH=${CMAKE_PREFIX_PATH}:/opt/ros/humble _=/bin/env /bin/cmake --install /root/Desktop/QtrosAndOpenCV/hyzAndJoJo/build/usb_camera_node
