[0.083s] Invoking command in '/root/Desktop/QtrosAndOpenCV/hyzAndJoJo/build/rqt_display_node': CMAKE_PREFIX_PATH=${CMAKE_PREFIX_PATH}:/opt/ros/humble _=/bin/env /bin/cmake /root/Desktop/QtrosAndOpenCV/hyzAndJoJo/src/rqt_display_node -DAMENT_CMAKE_SYMLINK_INSTALL=1 -DCMAKE_INSTALL_PREFIX=/root/Desktop/QtrosAndOpenCV/hyzAndJoJo/install/rqt_display_node
[0.189s] -- Found ament_cmake: 1.3.4 (/opt/ros/humble/share/ament_cmake/cmake)
[0.817s] -- Override CMake install command with custom implementation using symlinks instead of copying resources
[0.844s] -- Found rclcpp: 16.0.4 (/opt/ros/humble/share/rclcpp/cmake)
[0.937s] -- Found rosidl_generator_c: 3.1.4 (/opt/ros/humble/share/rosidl_generator_c/cmake)
[0.954s] -- Found rosidl_adapter: 3.1.4 (/opt/ros/humble/share/rosidl_adapter/cmake)
[0.974s] -- Found rosidl_generator_cpp: 3.1.4 (/opt/ros/humble/share/rosidl_generator_cpp/cmake)
[1.018s] -- Using all available rosidl_typesupport_c: rosidl_typesupport_fastrtps_c;rosidl_typesupport_introspection_c
[1.074s] -- Using all available rosidl_typesupport_cpp: rosidl_typesupport_fastrtps_cpp;rosidl_typesupport_introspection_cpp
[1.310s] -- Found rmw_implementation_cmake: 6.1.1 (/opt/ros/humble/share/rmw_implementation_cmake/cmake)
[1.314s] -- Found rmw_fastrtps_cpp: 6.2.2 (/opt/ros/humble/share/rmw_fastrtps_cpp/cmake)
[1.573s] -- Using RMW implementation 'rmw_fastrtps_cpp' as default
[2.053s] -- Found sensor_msgs: 4.2.3 (/opt/ros/humble/share/sensor_msgs/cmake)
[2.514s] -- Found cv_bridge: 3.2.1 (/opt/ros/humble/share/cv_bridge/cmake)
[2.537s] -- Found rqt_gui_cpp: 1.1.5 (/opt/ros/humble/share/rqt_gui_cpp/cmake)
[2.584s] -- Found ament_lint_auto: 0.12.6 (/opt/ros/humble/share/ament_lint_auto/cmake)
[2.973s] -- Added test 'cppcheck' to perform static code analysis on C / C++ code
[2.978s] -- Configured cppcheck include dirs: /root/Desktop/QtrosAndOpenCV/hyzAndJoJo/src/rqt_display_node/include;$<BUILD_INTERFACE:/root/Desktop/QtrosAndOpenCV/hyzAndJoJo/src/rqt_display_node/include>
[2.978s] -- Configured cppcheck exclude dirs and/or files: 
[2.978s] -- Added test 'lint_cmake' to check CMake code style
[2.981s] -- Added test 'uncrustify' to check C / C++ code style
[2.981s] -- Configured uncrustify additional arguments: 
[2.982s] -- Added test 'xmllint' to check XML markup files
[2.983s] -- Configuring done (2.9s)
[3.131s] -- Generating done (0.1s)
[3.143s] -- Build files have been written to: /root/Desktop/QtrosAndOpenCV/hyzAndJoJo/build/rqt_display_node
[3.203s] Invoked command in '/root/Desktop/QtrosAndOpenCV/hyzAndJoJo/build/rqt_display_node' returned '0': CMAKE_PREFIX_PATH=${CMAKE_PREFIX_PATH}:/opt/ros/humble _=/bin/env /bin/cmake /root/Desktop/QtrosAndOpenCV/hyzAndJoJo/src/rqt_display_node -DAMENT_CMAKE_SYMLINK_INSTALL=1 -DCMAKE_INSTALL_PREFIX=/root/Desktop/QtrosAndOpenCV/hyzAndJoJo/install/rqt_display_node
[3.204s] Invoking command in '/root/Desktop/QtrosAndOpenCV/hyzAndJoJo/build/rqt_display_node': CMAKE_PREFIX_PATH=${CMAKE_PREFIX_PATH}:/opt/ros/humble _=/bin/env /bin/cmake --build /root/Desktop/QtrosAndOpenCV/hyzAndJoJo/build/rqt_display_node -- -j16 -l16
[3.421s] [ 50%] [32mBuilding CXX object CMakeFiles/camera_pack.dir/src/rqt_display_node.cpp.o[0m
[32.437s] [100%] [32m[1mLinking CXX executable camera_pack[0m
[33.884s] [100%] Built target camera_pack
[33.908s] Invoked command in '/root/Desktop/QtrosAndOpenCV/hyzAndJoJo/build/rqt_display_node' returned '0': CMAKE_PREFIX_PATH=${CMAKE_PREFIX_PATH}:/opt/ros/humble _=/bin/env /bin/cmake --build /root/Desktop/QtrosAndOpenCV/hyzAndJoJo/build/rqt_display_node -- -j16 -l16
[33.989s] Invoking command in '/root/Desktop/QtrosAndOpenCV/hyzAndJoJo/build/rqt_display_node': CMAKE_PREFIX_PATH=${CMAKE_PREFIX_PATH}:/opt/ros/humble _=/bin/env /bin/cmake --install /root/Desktop/QtrosAndOpenCV/hyzAndJoJo/build/rqt_display_node
[33.996s] -- Install configuration: ""
[33.997s] -- Execute custom install script
[33.998s] -- Symlinking: /root/Desktop/QtrosAndOpenCV/hyzAndJoJo/install/rqt_display_node/lib/rqt_display_node/camera_pack
[34.018s] -- Symlinking: /root/Desktop/QtrosAndOpenCV/hyzAndJoJo/install/rqt_display_node/share/ament_index/resource_index/package_run_dependencies/rqt_display_node
[34.039s] -- Symlinking: /root/Desktop/QtrosAndOpenCV/hyzAndJoJo/install/rqt_display_node/share/ament_index/resource_index/parent_prefix_path/rqt_display_node
[34.053s] -- Symlinking: /root/Desktop/QtrosAndOpenCV/hyzAndJoJo/install/rqt_display_node/share/rqt_display_node/environment/ament_prefix_path.sh
[34.067s] -- Symlinking: /root/Desktop/QtrosAndOpenCV/hyzAndJoJo/install/rqt_display_node/share/rqt_display_node/environment/ament_prefix_path.dsv
[34.083s] -- Symlinking: /root/Desktop/QtrosAndOpenCV/hyzAndJoJo/install/rqt_display_node/share/rqt_display_node/environment/path.sh
[34.100s] -- Symlinking: /root/Desktop/QtrosAndOpenCV/hyzAndJoJo/install/rqt_display_node/share/rqt_display_node/environment/path.dsv
[34.119s] -- Symlinking: /root/Desktop/QtrosAndOpenCV/hyzAndJoJo/install/rqt_display_node/share/rqt_display_node/local_setup.bash
[34.138s] -- Symlinking: /root/Desktop/QtrosAndOpenCV/hyzAndJoJo/install/rqt_display_node/share/rqt_display_node/local_setup.sh
[34.155s] -- Symlinking: /root/Desktop/QtrosAndOpenCV/hyzAndJoJo/install/rqt_display_node/share/rqt_display_node/local_setup.zsh
[34.173s] -- Symlinking: /root/Desktop/QtrosAndOpenCV/hyzAndJoJo/install/rqt_display_node/share/rqt_display_node/local_setup.dsv
[34.189s] -- Symlinking: /root/Desktop/QtrosAndOpenCV/hyzAndJoJo/install/rqt_display_node/share/rqt_display_node/package.dsv
[34.212s] -- Symlinking: /root/Desktop/QtrosAndOpenCV/hyzAndJoJo/install/rqt_display_node/share/ament_index/resource_index/packages/rqt_display_node
[34.236s] -- Symlinking: /root/Desktop/QtrosAndOpenCV/hyzAndJoJo/install/rqt_display_node/share/rqt_display_node/cmake/rqt_display_nodeConfig.cmake
[34.259s] -- Symlinking: /root/Desktop/QtrosAndOpenCV/hyzAndJoJo/install/rqt_display_node/share/rqt_display_node/cmake/rqt_display_nodeConfig-version.cmake
[34.276s] -- Symlinking: /root/Desktop/QtrosAndOpenCV/hyzAndJoJo/install/rqt_display_node/share/rqt_display_node/package.xml
[34.297s] Invoked command in '/root/Desktop/QtrosAndOpenCV/hyzAndJoJo/build/rqt_display_node' returned '0': CMAKE_PREFIX_PATH=${CMAKE_PREFIX_PATH}:/opt/ros/humble _=/bin/env /bin/cmake --install /root/Desktop/QtrosAndOpenCV/hyzAndJoJo/build/rqt_display_node
