[ 50%] [32mBuilding CXX object CMakeFiles/camera_pack.dir/src/rqt_display_node.cpp.o[0m
[100%] [32m[1mLinking CXX executable camera_pack[0m
[100%] Built target camera_pack
-- Install configuration: ""
-- Installing: /root/Desktop/QtrosAndOpenCV/hyzAndJoJo/install/rqt_display_node/lib/rqt_display_node/camera_pack
-- Set runtime path of "/root/Desktop/QtrosAndOpenCV/hyzAndJoJo/install/rqt_display_node/lib/rqt_display_node/camera_pack" to ""
-- Up-to-date: /root/Desktop/QtrosAndOpenCV/hyzAndJoJo/install/rqt_display_node/share/ament_index/resource_index/package_run_dependencies/rqt_display_node
-- Up-to-date: /root/Desktop/QtrosAndOpenCV/hyzAndJoJo/install/rqt_display_node/share/ament_index/resource_index/parent_prefix_path/rqt_display_node
-- Up-to-date: /root/Desktop/QtrosAndOpenCV/hyzAndJoJo/install/rqt_display_node/share/rqt_display_node/environment/ament_prefix_path.sh
-- Up-to-date: /root/Desktop/QtrosAndOpenCV/hyzAndJoJo/install/rqt_display_node/share/rqt_display_node/environment/ament_prefix_path.dsv
-- Up-to-date: /root/Desktop/QtrosAndOpenCV/hyzAndJoJo/install/rqt_display_node/share/rqt_display_node/environment/path.sh
-- Up-to-date: /root/Desktop/QtrosAndOpenCV/hyzAndJoJo/install/rqt_display_node/share/rqt_display_node/environment/path.dsv
-- Up-to-date: /root/Desktop/QtrosAndOpenCV/hyzAndJoJo/install/rqt_display_node/share/rqt_display_node/local_setup.bash
-- Up-to-date: /root/Desktop/QtrosAndOpenCV/hyzAndJoJo/install/rqt_display_node/share/rqt_display_node/local_setup.sh
-- Up-to-date: /root/Desktop/QtrosAndOpenCV/hyzAndJoJo/install/rqt_display_node/share/rqt_display_node/local_setup.zsh
-- Up-to-date: /root/Desktop/QtrosAndOpenCV/hyzAndJoJo/install/rqt_display_node/share/rqt_display_node/local_setup.dsv
-- Installing: /root/Desktop/QtrosAndOpenCV/hyzAndJoJo/install/rqt_display_node/share/rqt_display_node/package.dsv
-- Up-to-date: /root/Desktop/QtrosAndOpenCV/hyzAndJoJo/install/rqt_display_node/share/ament_index/resource_index/packages/rqt_display_node
-- Up-to-date: /root/Desktop/QtrosAndOpenCV/hyzAndJoJo/install/rqt_display_node/share/rqt_display_node/cmake/rqt_display_nodeConfig.cmake
-- Up-to-date: /root/Desktop/QtrosAndOpenCV/hyzAndJoJo/install/rqt_display_node/share/rqt_display_node/cmake/rqt_display_nodeConfig-version.cmake
-- Up-to-date: /root/Desktop/QtrosAndOpenCV/hyzAndJoJo/install/rqt_display_node/share/rqt_display_node/package.xml
