[0.530s] DEBUG:colcon:Command line arguments: ['/usr/local/bin/colcon', 'build']
[0.530s] DEBUG:colcon:Parsed command line arguments: Namespace(log_base=None, log_level=None, verb_name='build', build_base='build', install_base='install', merge_install=False, symlink_install=False, test_result_base=None, continue_on_error=False, executor='parallel', parallel_workers=16, event_handlers=None, ignore_user_meta=False, metas=['./colcon.meta'], base_paths=['.'], packages_ignore=None, packages_ignore_regex=None, paths=None, packages_up_to=None, packages_up_to_regex=None, packages_above=None, packages_above_and_dependencies=None, packages_above_depth=None, packages_select_by_dep=None, packages_skip_by_dep=None, packages_skip_up_to=None, packages_select_build_failed=False, packages_skip_build_finished=False, packages_select_test_failures=False, packages_skip_test_passed=False, packages_select=None, packages_skip=None, packages_select_regex=None, packages_skip_regex=None, packages_start=None, packages_end=None, cmake_args=None, cmake_target=None, cmake_target_skip_unavailable=False, cmake_clean_cache=False, cmake_clean_first=False, cmake_force_configure=False, ament_cmake_args=None, catkin_cmake_args=None, catkin_skip_building_tests=False, verb_parser=<colcon_defaults.argument_parser.defaults.DefaultArgumentsDecorator object at 0x7f0edafaf490>, verb_extension=<colcon_core.verb.build.BuildVerb object at 0x7f0edaf0ea90>, main=<bound method BuildVerb.main of <colcon_core.verb.build.BuildVerb object at 0x7f0edaf0ea90>>)
[0.672s] Level 1:colcon.colcon_core.package_discovery:discover_packages(colcon_meta) check parameters
[0.672s] Level 1:colcon.colcon_core.package_discovery:discover_packages(recursive) check parameters
[0.672s] Level 1:colcon.colcon_core.package_discovery:discover_packages(ignore) check parameters
[0.673s] Level 1:colcon.colcon_core.package_discovery:discover_packages(path) check parameters
[0.673s] Level 1:colcon.colcon_core.package_discovery:discover_packages(colcon_meta) discover
[0.673s] Level 1:colcon.colcon_core.package_discovery:discover_packages(recursive) discover
[0.673s] INFO:colcon.colcon_core.package_discovery:Crawling recursively for packages in '/root/Desktop/QtrosAndOpenCV/hyzAndJoJo'
[0.673s] Level 1:colcon.colcon_core.package_identification:_identify(.) by extensions ['ignore', 'ignore_ament_install']
[0.673s] Level 1:colcon.colcon_core.package_identification:_identify(.) by extension 'ignore'
[0.674s] Level 1:colcon.colcon_core.package_identification:_identify(.) by extension 'ignore_ament_install'
[0.674s] Level 1:colcon.colcon_core.package_identification:_identify(.) by extensions ['colcon_pkg']
[0.674s] Level 1:colcon.colcon_core.package_identification:_identify(.) by extension 'colcon_pkg'
[0.674s] Level 1:colcon.colcon_core.package_identification:_identify(.) by extensions ['colcon_meta']
[0.674s] Level 1:colcon.colcon_core.package_identification:_identify(.) by extension 'colcon_meta'
[0.674s] Level 1:colcon.colcon_core.package_identification:_identify(.) by extensions ['ros']
[0.674s] Level 1:colcon.colcon_core.package_identification:_identify(.) by extension 'ros'
[0.854s] Level 1:colcon.colcon_core.package_identification:_identify(.) by extensions ['cmake', 'python']
[0.854s] Level 1:colcon.colcon_core.package_identification:_identify(.) by extension 'cmake'
[0.855s] Level 1:colcon.colcon_core.package_identification:_identify(.) by extension 'python'
[0.855s] Level 1:colcon.colcon_core.package_identification:_identify(.) by extensions ['python_setup_py']
[0.855s] Level 1:colcon.colcon_core.package_identification:_identify(.) by extension 'python_setup_py'
[0.856s] Level 1:colcon.colcon_core.package_identification:_identify(build) by extensions ['ignore', 'ignore_ament_install']
[0.856s] Level 1:colcon.colcon_core.package_identification:_identify(build) by extension 'ignore'
[0.856s] Level 1:colcon.colcon_core.package_identification:_identify(build) ignored
[0.857s] Level 1:colcon.colcon_core.package_identification:_identify(install) by extensions ['ignore', 'ignore_ament_install']
[0.857s] Level 1:colcon.colcon_core.package_identification:_identify(install) by extension 'ignore'
[0.857s] Level 1:colcon.colcon_core.package_identification:_identify(install) ignored
[0.857s] Level 1:colcon.colcon_core.package_identification:_identify(log) by extensions ['ignore', 'ignore_ament_install']
[0.857s] Level 1:colcon.colcon_core.package_identification:_identify(log) by extension 'ignore'
[0.858s] Level 1:colcon.colcon_core.package_identification:_identify(log) ignored
[0.858s] Level 1:colcon.colcon_core.package_identification:_identify(src) by extensions ['ignore', 'ignore_ament_install']
[0.858s] Level 1:colcon.colcon_core.package_identification:_identify(src) by extension 'ignore'
[0.858s] Level 1:colcon.colcon_core.package_identification:_identify(src) by extension 'ignore_ament_install'
[0.858s] Level 1:colcon.colcon_core.package_identification:_identify(src) by extensions ['colcon_pkg']
[0.858s] Level 1:colcon.colcon_core.package_identification:_identify(src) by extension 'colcon_pkg'
[0.858s] Level 1:colcon.colcon_core.package_identification:_identify(src) by extensions ['colcon_meta']
[0.858s] Level 1:colcon.colcon_core.package_identification:_identify(src) by extension 'colcon_meta'
[0.859s] Level 1:colcon.colcon_core.package_identification:_identify(src) by extensions ['ros']
[0.859s] Level 1:colcon.colcon_core.package_identification:_identify(src) by extension 'ros'
[0.859s] Level 1:colcon.colcon_core.package_identification:_identify(src) by extensions ['cmake', 'python']
[0.864s] Level 1:colcon.colcon_core.package_identification:_identify(src) by extension 'cmake'
[0.864s] Level 1:colcon.colcon_core.package_identification:_identify(src) by extension 'python'
[0.864s] Level 1:colcon.colcon_core.package_identification:_identify(src) by extensions ['python_setup_py']
[0.864s] Level 1:colcon.colcon_core.package_identification:_identify(src) by extension 'python_setup_py'
[0.865s] Level 1:colcon.colcon_core.package_identification:_identify(src/camera_pack) by extensions ['ignore', 'ignore_ament_install']
[0.865s] Level 1:colcon.colcon_core.package_identification:_identify(src/camera_pack) by extension 'ignore'
[0.865s] Level 1:colcon.colcon_core.package_identification:_identify(src/camera_pack) by extension 'ignore_ament_install'
[0.865s] Level 1:colcon.colcon_core.package_identification:_identify(src/camera_pack) by extensions ['colcon_pkg']
[0.865s] Level 1:colcon.colcon_core.package_identification:_identify(src/camera_pack) by extension 'colcon_pkg'
[0.865s] Level 1:colcon.colcon_core.package_identification:_identify(src/camera_pack) by extensions ['colcon_meta']
[0.865s] Level 1:colcon.colcon_core.package_identification:_identify(src/camera_pack) by extension 'colcon_meta'
[0.866s] Level 1:colcon.colcon_core.package_identification:_identify(src/camera_pack) by extensions ['ros']
[0.866s] Level 1:colcon.colcon_core.package_identification:_identify(src/camera_pack) by extension 'ros'
[0.872s] DEBUG:colcon.colcon_core.package_identification:Package 'src/camera_pack' with type 'ros.ament_cmake' and name 'camera_pack'
[0.872s] Level 1:colcon.colcon_core.package_identification:_identify(src/opencv_node) by extensions ['ignore', 'ignore_ament_install']
[0.873s] Level 1:colcon.colcon_core.package_identification:_identify(src/opencv_node) by extension 'ignore'
[0.873s] Level 1:colcon.colcon_core.package_identification:_identify(src/opencv_node) by extension 'ignore_ament_install'
[0.873s] Level 1:colcon.colcon_core.package_identification:_identify(src/opencv_node) by extensions ['colcon_pkg']
[0.873s] Level 1:colcon.colcon_core.package_identification:_identify(src/opencv_node) by extension 'colcon_pkg'
[0.873s] Level 1:colcon.colcon_core.package_identification:_identify(src/opencv_node) by extensions ['colcon_meta']
[0.873s] Level 1:colcon.colcon_core.package_identification:_identify(src/opencv_node) by extension 'colcon_meta'
[0.873s] Level 1:colcon.colcon_core.package_identification:_identify(src/opencv_node) by extensions ['ros']
[0.873s] Level 1:colcon.colcon_core.package_identification:_identify(src/opencv_node) by extension 'ros'
[0.892s] DEBUG:colcon.colcon_core.package_identification:Package 'src/opencv_node' with type 'ros.ament_cmake' and name 'opencv_node'
[0.892s] Level 1:colcon.colcon_core.package_identification:_identify(src/rqt_display_node) by extensions ['ignore', 'ignore_ament_install']
[0.893s] Level 1:colcon.colcon_core.package_identification:_identify(src/rqt_display_node) by extension 'ignore'
[0.893s] Level 1:colcon.colcon_core.package_identification:_identify(src/rqt_display_node) by extension 'ignore_ament_install'
[0.893s] Level 1:colcon.colcon_core.package_identification:_identify(src/rqt_display_node) by extensions ['colcon_pkg']
[0.893s] Level 1:colcon.colcon_core.package_identification:_identify(src/rqt_display_node) by extension 'colcon_pkg'
[0.894s] Level 1:colcon.colcon_core.package_identification:_identify(src/rqt_display_node) by extensions ['colcon_meta']
[0.894s] Level 1:colcon.colcon_core.package_identification:_identify(src/rqt_display_node) by extension 'colcon_meta'
[0.895s] Level 1:colcon.colcon_core.package_identification:_identify(src/rqt_display_node) by extensions ['ros']
[0.895s] Level 1:colcon.colcon_core.package_identification:_identify(src/rqt_display_node) by extension 'ros'
[0.899s] DEBUG:colcon.colcon_core.package_identification:Package 'src/rqt_display_node' with type 'ros.ament_cmake' and name 'rqt_display_node'
[0.899s] Level 1:colcon.colcon_core.package_identification:_identify(src/usb_camera_node) by extensions ['ignore', 'ignore_ament_install']
[0.899s] Level 1:colcon.colcon_core.package_identification:_identify(src/usb_camera_node) by extension 'ignore'
[0.899s] Level 1:colcon.colcon_core.package_identification:_identify(src/usb_camera_node) by extension 'ignore_ament_install'
[0.900s] Level 1:colcon.colcon_core.package_identification:_identify(src/usb_camera_node) by extensions ['colcon_pkg']
[0.900s] Level 1:colcon.colcon_core.package_identification:_identify(src/usb_camera_node) by extension 'colcon_pkg'
[0.900s] Level 1:colcon.colcon_core.package_identification:_identify(src/usb_camera_node) by extensions ['colcon_meta']
[0.900s] Level 1:colcon.colcon_core.package_identification:_identify(src/usb_camera_node) by extension 'colcon_meta'
[0.900s] Level 1:colcon.colcon_core.package_identification:_identify(src/usb_camera_node) by extensions ['ros']
[0.900s] Level 1:colcon.colcon_core.package_identification:_identify(src/usb_camera_node) by extension 'ros'
[0.902s] DEBUG:colcon.colcon_core.package_identification:Package 'src/usb_camera_node' with type 'ros.ament_cmake' and name 'usb_camera_node'
[0.902s] Level 1:colcon.colcon_core.package_discovery:discover_packages(recursive) using defaults
[0.902s] Level 1:colcon.colcon_core.package_discovery:discover_packages(ignore) discover
[0.902s] Level 1:colcon.colcon_core.package_discovery:discover_packages(ignore) using defaults
[0.902s] Level 1:colcon.colcon_core.package_discovery:discover_packages(path) discover
[0.902s] Level 1:colcon.colcon_core.package_discovery:discover_packages(path) using defaults
[0.991s] Level 5:colcon.colcon_core.verb:set package 'camera_pack' build argument 'cmake_args' from command line to 'None'
[0.991s] Level 5:colcon.colcon_core.verb:set package 'camera_pack' build argument 'cmake_target' from command line to 'None'
[0.991s] Level 5:colcon.colcon_core.verb:set package 'camera_pack' build argument 'cmake_target_skip_unavailable' from command line to 'False'
[0.991s] Level 5:colcon.colcon_core.verb:set package 'camera_pack' build argument 'cmake_clean_cache' from command line to 'False'
[0.991s] Level 5:colcon.colcon_core.verb:set package 'camera_pack' build argument 'cmake_clean_first' from command line to 'False'
[0.991s] Level 5:colcon.colcon_core.verb:set package 'camera_pack' build argument 'cmake_force_configure' from command line to 'False'
[0.991s] Level 5:colcon.colcon_core.verb:set package 'camera_pack' build argument 'ament_cmake_args' from command line to 'None'
[0.991s] Level 5:colcon.colcon_core.verb:set package 'camera_pack' build argument 'catkin_cmake_args' from command line to 'None'
[0.991s] Level 5:colcon.colcon_core.verb:set package 'camera_pack' build argument 'catkin_skip_building_tests' from command line to 'False'
[0.991s] DEBUG:colcon.colcon_core.verb:Building package 'camera_pack' with the following arguments: {'ament_cmake_args': None, 'build_base': '/root/Desktop/QtrosAndOpenCV/hyzAndJoJo/build/camera_pack', 'catkin_cmake_args': None, 'catkin_skip_building_tests': False, 'cmake_args': None, 'cmake_clean_cache': False, 'cmake_clean_first': False, 'cmake_force_configure': False, 'cmake_target': None, 'cmake_target_skip_unavailable': False, 'install_base': '/root/Desktop/QtrosAndOpenCV/hyzAndJoJo/install/camera_pack', 'merge_install': False, 'path': '/root/Desktop/QtrosAndOpenCV/hyzAndJoJo/src/camera_pack', 'symlink_install': False, 'test_result_base': None}
[0.992s] Level 5:colcon.colcon_core.verb:set package 'opencv_node' build argument 'cmake_args' from command line to 'None'
[0.992s] Level 5:colcon.colcon_core.verb:set package 'opencv_node' build argument 'cmake_target' from command line to 'None'
[0.992s] Level 5:colcon.colcon_core.verb:set package 'opencv_node' build argument 'cmake_target_skip_unavailable' from command line to 'False'
[0.992s] Level 5:colcon.colcon_core.verb:set package 'opencv_node' build argument 'cmake_clean_cache' from command line to 'False'
[0.992s] Level 5:colcon.colcon_core.verb:set package 'opencv_node' build argument 'cmake_clean_first' from command line to 'False'
[0.992s] Level 5:colcon.colcon_core.verb:set package 'opencv_node' build argument 'cmake_force_configure' from command line to 'False'
[0.992s] Level 5:colcon.colcon_core.verb:set package 'opencv_node' build argument 'ament_cmake_args' from command line to 'None'
[0.992s] Level 5:colcon.colcon_core.verb:set package 'opencv_node' build argument 'catkin_cmake_args' from command line to 'None'
[0.992s] Level 5:colcon.colcon_core.verb:set package 'opencv_node' build argument 'catkin_skip_building_tests' from command line to 'False'
[0.993s] DEBUG:colcon.colcon_core.verb:Building package 'opencv_node' with the following arguments: {'ament_cmake_args': None, 'build_base': '/root/Desktop/QtrosAndOpenCV/hyzAndJoJo/build/opencv_node', 'catkin_cmake_args': None, 'catkin_skip_building_tests': False, 'cmake_args': None, 'cmake_clean_cache': False, 'cmake_clean_first': False, 'cmake_force_configure': False, 'cmake_target': None, 'cmake_target_skip_unavailable': False, 'install_base': '/root/Desktop/QtrosAndOpenCV/hyzAndJoJo/install/opencv_node', 'merge_install': False, 'path': '/root/Desktop/QtrosAndOpenCV/hyzAndJoJo/src/opencv_node', 'symlink_install': False, 'test_result_base': None}
[0.993s] Level 5:colcon.colcon_core.verb:set package 'rqt_display_node' build argument 'cmake_args' from command line to 'None'
[0.993s] Level 5:colcon.colcon_core.verb:set package 'rqt_display_node' build argument 'cmake_target' from command line to 'None'
[0.993s] Level 5:colcon.colcon_core.verb:set package 'rqt_display_node' build argument 'cmake_target_skip_unavailable' from command line to 'False'
[0.993s] Level 5:colcon.colcon_core.verb:set package 'rqt_display_node' build argument 'cmake_clean_cache' from command line to 'False'
[0.993s] Level 5:colcon.colcon_core.verb:set package 'rqt_display_node' build argument 'cmake_clean_first' from command line to 'False'
[0.993s] Level 5:colcon.colcon_core.verb:set package 'rqt_display_node' build argument 'cmake_force_configure' from command line to 'False'
[0.993s] Level 5:colcon.colcon_core.verb:set package 'rqt_display_node' build argument 'ament_cmake_args' from command line to 'None'
[0.993s] Level 5:colcon.colcon_core.verb:set package 'rqt_display_node' build argument 'catkin_cmake_args' from command line to 'None'
[0.993s] Level 5:colcon.colcon_core.verb:set package 'rqt_display_node' build argument 'catkin_skip_building_tests' from command line to 'False'
[0.993s] DEBUG:colcon.colcon_core.verb:Building package 'rqt_display_node' with the following arguments: {'ament_cmake_args': None, 'build_base': '/root/Desktop/QtrosAndOpenCV/hyzAndJoJo/build/rqt_display_node', 'catkin_cmake_args': None, 'catkin_skip_building_tests': False, 'cmake_args': None, 'cmake_clean_cache': False, 'cmake_clean_first': False, 'cmake_force_configure': False, 'cmake_target': None, 'cmake_target_skip_unavailable': False, 'install_base': '/root/Desktop/QtrosAndOpenCV/hyzAndJoJo/install/rqt_display_node', 'merge_install': False, 'path': '/root/Desktop/QtrosAndOpenCV/hyzAndJoJo/src/rqt_display_node', 'symlink_install': False, 'test_result_base': None}
[0.994s] Level 5:colcon.colcon_core.verb:set package 'usb_camera_node' build argument 'cmake_args' from command line to 'None'
[0.994s] Level 5:colcon.colcon_core.verb:set package 'usb_camera_node' build argument 'cmake_target' from command line to 'None'
[0.994s] Level 5:colcon.colcon_core.verb:set package 'usb_camera_node' build argument 'cmake_target_skip_unavailable' from command line to 'False'
[0.994s] Level 5:colcon.colcon_core.verb:set package 'usb_camera_node' build argument 'cmake_clean_cache' from command line to 'False'
[0.994s] Level 5:colcon.colcon_core.verb:set package 'usb_camera_node' build argument 'cmake_clean_first' from command line to 'False'
[0.994s] Level 5:colcon.colcon_core.verb:set package 'usb_camera_node' build argument 'cmake_force_configure' from command line to 'False'
[0.994s] Level 5:colcon.colcon_core.verb:set package 'usb_camera_node' build argument 'ament_cmake_args' from command line to 'None'
[0.994s] Level 5:colcon.colcon_core.verb:set package 'usb_camera_node' build argument 'catkin_cmake_args' from command line to 'None'
[0.994s] Level 5:colcon.colcon_core.verb:set package 'usb_camera_node' build argument 'catkin_skip_building_tests' from command line to 'False'
[0.994s] DEBUG:colcon.colcon_core.verb:Building package 'usb_camera_node' with the following arguments: {'ament_cmake_args': None, 'build_base': '/root/Desktop/QtrosAndOpenCV/hyzAndJoJo/build/usb_camera_node', 'catkin_cmake_args': None, 'catkin_skip_building_tests': False, 'cmake_args': None, 'cmake_clean_cache': False, 'cmake_clean_first': False, 'cmake_force_configure': False, 'cmake_target': None, 'cmake_target_skip_unavailable': False, 'install_base': '/root/Desktop/QtrosAndOpenCV/hyzAndJoJo/install/usb_camera_node', 'merge_install': False, 'path': '/root/Desktop/QtrosAndOpenCV/hyzAndJoJo/src/usb_camera_node', 'symlink_install': False, 'test_result_base': None}
[0.994s] INFO:colcon.colcon_core.executor:Executing jobs using 'parallel' executor
[0.997s] DEBUG:colcon.colcon_parallel_executor.executor.parallel:run_until_complete
[0.998s] INFO:colcon.colcon_ros.task.ament_cmake.build:Building ROS package in '/root/Desktop/QtrosAndOpenCV/hyzAndJoJo/src/camera_pack' with build type 'ament_cmake'
[0.998s] INFO:colcon.colcon_cmake.task.cmake.build:Building CMake package in '/root/Desktop/QtrosAndOpenCV/hyzAndJoJo/src/camera_pack'
[1.002s] INFO:colcon.colcon_core.plugin_system:Skipping extension 'colcon_core.shell.bat': Not used on non-Windows systems
[1.003s] INFO:colcon.colcon_core.shell:Skip shell extension 'powershell' for command environment: Not usable outside of PowerShell
[1.004s] DEBUG:colcon.colcon_core.shell:Skip shell extension 'dsv' for command environment
[1.033s] INFO:colcon.colcon_ros.task.ament_cmake.build:Building ROS package in '/root/Desktop/QtrosAndOpenCV/hyzAndJoJo/src/opencv_node' with build type 'ament_cmake'
[1.033s] INFO:colcon.colcon_cmake.task.cmake.build:Building CMake package in '/root/Desktop/QtrosAndOpenCV/hyzAndJoJo/src/opencv_node'
[1.034s] INFO:colcon.colcon_core.shell:Skip shell extension 'powershell' for command environment: Not usable outside of PowerShell
[1.035s] DEBUG:colcon.colcon_core.shell:Skip shell extension 'dsv' for command environment
[1.060s] INFO:colcon.colcon_ros.task.ament_cmake.build:Building ROS package in '/root/Desktop/QtrosAndOpenCV/hyzAndJoJo/src/rqt_display_node' with build type 'ament_cmake'
[1.061s] INFO:colcon.colcon_cmake.task.cmake.build:Building CMake package in '/root/Desktop/QtrosAndOpenCV/hyzAndJoJo/src/rqt_display_node'
[1.061s] INFO:colcon.colcon_core.shell:Skip shell extension 'powershell' for command environment: Not usable outside of PowerShell
[1.061s] DEBUG:colcon.colcon_core.shell:Skip shell extension 'dsv' for command environment
[1.072s] INFO:colcon.colcon_ros.task.ament_cmake.build:Building ROS package in '/root/Desktop/QtrosAndOpenCV/hyzAndJoJo/src/usb_camera_node' with build type 'ament_cmake'
[1.072s] INFO:colcon.colcon_cmake.task.cmake.build:Building CMake package in '/root/Desktop/QtrosAndOpenCV/hyzAndJoJo/src/usb_camera_node'
[1.072s] INFO:colcon.colcon_core.shell:Skip shell extension 'powershell' for command environment: Not usable outside of PowerShell
[1.072s] DEBUG:colcon.colcon_core.shell:Skip shell extension 'dsv' for command environment
[1.098s] DEBUG:colcon.colcon_core.event_handler.log_command:Invoking command in '/root/Desktop/QtrosAndOpenCV/hyzAndJoJo/build/camera_pack': CMAKE_PREFIX_PATH=${CMAKE_PREFIX_PATH}:/opt/ros/humble _=/bin/env /bin/cmake --build /root/Desktop/QtrosAndOpenCV/hyzAndJoJo/build/camera_pack -- -j16 -l16
[1.114s] DEBUG:colcon.colcon_core.event_handler.log_command:Invoking command in '/root/Desktop/QtrosAndOpenCV/hyzAndJoJo/build/opencv_node': CMAKE_PREFIX_PATH=${CMAKE_PREFIX_PATH}:/opt/ros/humble _=/bin/env /bin/cmake --build /root/Desktop/QtrosAndOpenCV/hyzAndJoJo/build/opencv_node -- -j16 -l16
[1.143s] DEBUG:colcon.colcon_core.event_handler.log_command:Invoking command in '/root/Desktop/QtrosAndOpenCV/hyzAndJoJo/build/rqt_display_node': CMAKE_PREFIX_PATH=${CMAKE_PREFIX_PATH}:/opt/ros/humble _=/bin/env /bin/cmake --build /root/Desktop/QtrosAndOpenCV/hyzAndJoJo/build/rqt_display_node -- -j16 -l16
[1.161s] DEBUG:colcon.colcon_core.event_handler.log_command:Invoking command in '/root/Desktop/QtrosAndOpenCV/hyzAndJoJo/build/usb_camera_node': CMAKE_PREFIX_PATH=${CMAKE_PREFIX_PATH}:/opt/ros/humble _=/bin/env /bin/cmake --build /root/Desktop/QtrosAndOpenCV/hyzAndJoJo/build/usb_camera_node -- -j16 -l16
[1.336s] DEBUG:colcon.colcon_core.event_handler.log_command:Invoked command in '/root/Desktop/QtrosAndOpenCV/hyzAndJoJo/build/usb_camera_node' returned '0': CMAKE_PREFIX_PATH=${CMAKE_PREFIX_PATH}:/opt/ros/humble _=/bin/env /bin/cmake --build /root/Desktop/QtrosAndOpenCV/hyzAndJoJo/build/usb_camera_node -- -j16 -l16
[1.401s] DEBUG:colcon.colcon_core.event_handler.log_command:Invoking command in '/root/Desktop/QtrosAndOpenCV/hyzAndJoJo/build/usb_camera_node': CMAKE_PREFIX_PATH=${CMAKE_PREFIX_PATH}:/opt/ros/humble _=/bin/env /bin/cmake --install /root/Desktop/QtrosAndOpenCV/hyzAndJoJo/build/usb_camera_node
[1.409s] DEBUG:colcon.colcon_core.event_handler.log_command:Invoked command in '/root/Desktop/QtrosAndOpenCV/hyzAndJoJo/build/camera_pack' returned '0': CMAKE_PREFIX_PATH=${CMAKE_PREFIX_PATH}:/opt/ros/humble _=/bin/env /bin/cmake --build /root/Desktop/QtrosAndOpenCV/hyzAndJoJo/build/camera_pack -- -j16 -l16
[1.426s] Level 1:colcon.colcon_core.environment:create_environment_scripts_only(usb_camera_node)
[1.432s] DEBUG:colcon.colcon_core.event_handler.log_command:Invoked command in '/root/Desktop/QtrosAndOpenCV/hyzAndJoJo/build/usb_camera_node' returned '0': CMAKE_PREFIX_PATH=${CMAKE_PREFIX_PATH}:/opt/ros/humble _=/bin/env /bin/cmake --install /root/Desktop/QtrosAndOpenCV/hyzAndJoJo/build/usb_camera_node
[1.434s] Level 1:colcon.colcon_core.environment:checking '/root/Desktop/QtrosAndOpenCV/hyzAndJoJo/install/usb_camera_node' for CMake module files
[1.434s] Level 1:colcon.colcon_core.environment:checking '/root/Desktop/QtrosAndOpenCV/hyzAndJoJo/install/usb_camera_node' for CMake config files
[1.434s] Level 1:colcon.colcon_core.shell:create_environment_hook('usb_camera_node', 'cmake_prefix_path')
[1.435s] INFO:colcon.colcon_core.shell:Creating environment hook '/root/Desktop/QtrosAndOpenCV/hyzAndJoJo/install/usb_camera_node/share/usb_camera_node/hook/cmake_prefix_path.ps1'
[1.436s] INFO:colcon.colcon_core.shell:Creating environment descriptor '/root/Desktop/QtrosAndOpenCV/hyzAndJoJo/install/usb_camera_node/share/usb_camera_node/hook/cmake_prefix_path.dsv'
[1.437s] INFO:colcon.colcon_core.shell:Creating environment hook '/root/Desktop/QtrosAndOpenCV/hyzAndJoJo/install/usb_camera_node/share/usb_camera_node/hook/cmake_prefix_path.sh'
[1.440s] Level 1:colcon.colcon_core.environment:checking '/root/Desktop/QtrosAndOpenCV/hyzAndJoJo/install/usb_camera_node/lib'
[1.441s] Level 1:colcon.colcon_core.environment:checking '/root/Desktop/QtrosAndOpenCV/hyzAndJoJo/install/usb_camera_node/bin'
[1.441s] Level 1:colcon.colcon_core.environment:checking '/root/Desktop/QtrosAndOpenCV/hyzAndJoJo/install/usb_camera_node/lib/pkgconfig/usb_camera_node.pc'
[1.445s] Level 1:colcon.colcon_core.environment:checking '/root/Desktop/QtrosAndOpenCV/hyzAndJoJo/install/usb_camera_node/lib/python3.11/site-packages'
[1.446s] Level 1:colcon.colcon_core.environment:checking '/root/Desktop/QtrosAndOpenCV/hyzAndJoJo/install/usb_camera_node/bin'
[1.446s] INFO:colcon.colcon_core.shell:Creating package script '/root/Desktop/QtrosAndOpenCV/hyzAndJoJo/install/usb_camera_node/share/usb_camera_node/package.ps1'
[1.448s] INFO:colcon.colcon_core.shell:Creating package descriptor '/root/Desktop/QtrosAndOpenCV/hyzAndJoJo/install/usb_camera_node/share/usb_camera_node/package.dsv'
[1.450s] INFO:colcon.colcon_core.shell:Creating package script '/root/Desktop/QtrosAndOpenCV/hyzAndJoJo/install/usb_camera_node/share/usb_camera_node/package.sh'
[1.452s] INFO:colcon.colcon_core.shell:Creating package script '/root/Desktop/QtrosAndOpenCV/hyzAndJoJo/install/usb_camera_node/share/usb_camera_node/package.bash'
[1.454s] INFO:colcon.colcon_core.shell:Creating package script '/root/Desktop/QtrosAndOpenCV/hyzAndJoJo/install/usb_camera_node/share/usb_camera_node/package.zsh'
[1.457s] Level 1:colcon.colcon_core.environment:create_file_with_runtime_dependencies(/root/Desktop/QtrosAndOpenCV/hyzAndJoJo/install/usb_camera_node/share/colcon-core/packages/usb_camera_node)
[1.474s] DEBUG:colcon.colcon_core.event_handler.log_command:Invoking command in '/root/Desktop/QtrosAndOpenCV/hyzAndJoJo/build/camera_pack': CMAKE_PREFIX_PATH=${CMAKE_PREFIX_PATH}:/opt/ros/humble _=/bin/env /bin/cmake --install /root/Desktop/QtrosAndOpenCV/hyzAndJoJo/build/camera_pack
[1.505s] Level 1:colcon.colcon_core.environment:create_environment_scripts_only(camera_pack)
[1.506s] Level 1:colcon.colcon_core.environment:checking '/root/Desktop/QtrosAndOpenCV/hyzAndJoJo/install/camera_pack' for CMake module files
[1.507s] DEBUG:colcon.colcon_core.event_handler.log_command:Invoked command in '/root/Desktop/QtrosAndOpenCV/hyzAndJoJo/build/camera_pack' returned '0': CMAKE_PREFIX_PATH=${CMAKE_PREFIX_PATH}:/opt/ros/humble _=/bin/env /bin/cmake --install /root/Desktop/QtrosAndOpenCV/hyzAndJoJo/build/camera_pack
[1.508s] Level 1:colcon.colcon_core.environment:checking '/root/Desktop/QtrosAndOpenCV/hyzAndJoJo/install/camera_pack' for CMake config files
[1.509s] Level 1:colcon.colcon_core.shell:create_environment_hook('camera_pack', 'cmake_prefix_path')
[1.509s] INFO:colcon.colcon_core.shell:Creating environment hook '/root/Desktop/QtrosAndOpenCV/hyzAndJoJo/install/camera_pack/share/camera_pack/hook/cmake_prefix_path.ps1'
[1.510s] INFO:colcon.colcon_core.shell:Creating environment descriptor '/root/Desktop/QtrosAndOpenCV/hyzAndJoJo/install/camera_pack/share/camera_pack/hook/cmake_prefix_path.dsv'
[1.511s] INFO:colcon.colcon_core.shell:Creating environment hook '/root/Desktop/QtrosAndOpenCV/hyzAndJoJo/install/camera_pack/share/camera_pack/hook/cmake_prefix_path.sh'
[1.512s] Level 1:colcon.colcon_core.environment:checking '/root/Desktop/QtrosAndOpenCV/hyzAndJoJo/install/camera_pack/lib'
[1.512s] Level 1:colcon.colcon_core.environment:checking '/root/Desktop/QtrosAndOpenCV/hyzAndJoJo/install/camera_pack/bin'
[1.513s] Level 1:colcon.colcon_core.environment:checking '/root/Desktop/QtrosAndOpenCV/hyzAndJoJo/install/camera_pack/lib/pkgconfig/camera_pack.pc'
[1.513s] Level 1:colcon.colcon_core.environment:checking '/root/Desktop/QtrosAndOpenCV/hyzAndJoJo/install/camera_pack/lib/python3.11/site-packages'
[1.514s] Level 1:colcon.colcon_core.environment:checking '/root/Desktop/QtrosAndOpenCV/hyzAndJoJo/install/camera_pack/bin'
[1.514s] INFO:colcon.colcon_core.shell:Creating package script '/root/Desktop/QtrosAndOpenCV/hyzAndJoJo/install/camera_pack/share/camera_pack/package.ps1'
[1.515s] INFO:colcon.colcon_core.shell:Creating package descriptor '/root/Desktop/QtrosAndOpenCV/hyzAndJoJo/install/camera_pack/share/camera_pack/package.dsv'
[1.516s] INFO:colcon.colcon_core.shell:Creating package script '/root/Desktop/QtrosAndOpenCV/hyzAndJoJo/install/camera_pack/share/camera_pack/package.sh'
[1.517s] INFO:colcon.colcon_core.shell:Creating package script '/root/Desktop/QtrosAndOpenCV/hyzAndJoJo/install/camera_pack/share/camera_pack/package.bash'
[1.518s] INFO:colcon.colcon_core.shell:Creating package script '/root/Desktop/QtrosAndOpenCV/hyzAndJoJo/install/camera_pack/share/camera_pack/package.zsh'
[1.519s] Level 1:colcon.colcon_core.environment:create_file_with_runtime_dependencies(/root/Desktop/QtrosAndOpenCV/hyzAndJoJo/install/camera_pack/share/colcon-core/packages/camera_pack)
[1.538s] Level 1:colcon.colcon_core.environment:create_environment_scripts_only(usb_camera_node)
[1.539s] Level 1:colcon.colcon_core.environment:checking '/root/Desktop/QtrosAndOpenCV/hyzAndJoJo/install/usb_camera_node' for CMake module files
[1.540s] Level 1:colcon.colcon_core.environment:checking '/root/Desktop/QtrosAndOpenCV/hyzAndJoJo/install/usb_camera_node' for CMake config files
[1.541s] Level 1:colcon.colcon_core.shell:create_environment_hook('usb_camera_node', 'cmake_prefix_path')
[1.541s] INFO:colcon.colcon_core.shell:Creating environment hook '/root/Desktop/QtrosAndOpenCV/hyzAndJoJo/install/usb_camera_node/share/usb_camera_node/hook/cmake_prefix_path.ps1'
[1.542s] INFO:colcon.colcon_core.shell:Creating environment descriptor '/root/Desktop/QtrosAndOpenCV/hyzAndJoJo/install/usb_camera_node/share/usb_camera_node/hook/cmake_prefix_path.dsv'
[1.543s] INFO:colcon.colcon_core.shell:Creating environment hook '/root/Desktop/QtrosAndOpenCV/hyzAndJoJo/install/usb_camera_node/share/usb_camera_node/hook/cmake_prefix_path.sh'
[1.544s] Level 1:colcon.colcon_core.environment:checking '/root/Desktop/QtrosAndOpenCV/hyzAndJoJo/install/usb_camera_node/lib'
[1.544s] Level 1:colcon.colcon_core.environment:checking '/root/Desktop/QtrosAndOpenCV/hyzAndJoJo/install/usb_camera_node/bin'
[1.544s] Level 1:colcon.colcon_core.environment:checking '/root/Desktop/QtrosAndOpenCV/hyzAndJoJo/install/usb_camera_node/lib/pkgconfig/usb_camera_node.pc'
[1.545s] Level 1:colcon.colcon_core.environment:checking '/root/Desktop/QtrosAndOpenCV/hyzAndJoJo/install/usb_camera_node/lib/python3.11/site-packages'
[1.545s] Level 1:colcon.colcon_core.environment:checking '/root/Desktop/QtrosAndOpenCV/hyzAndJoJo/install/usb_camera_node/bin'
[1.546s] INFO:colcon.colcon_core.shell:Creating package script '/root/Desktop/QtrosAndOpenCV/hyzAndJoJo/install/usb_camera_node/share/usb_camera_node/package.ps1'
[1.547s] INFO:colcon.colcon_core.shell:Creating package descriptor '/root/Desktop/QtrosAndOpenCV/hyzAndJoJo/install/usb_camera_node/share/usb_camera_node/package.dsv'
[1.548s] INFO:colcon.colcon_core.shell:Creating package script '/root/Desktop/QtrosAndOpenCV/hyzAndJoJo/install/usb_camera_node/share/usb_camera_node/package.sh'
[1.549s] INFO:colcon.colcon_core.shell:Creating package script '/root/Desktop/QtrosAndOpenCV/hyzAndJoJo/install/usb_camera_node/share/usb_camera_node/package.bash'
[1.550s] INFO:colcon.colcon_core.shell:Creating package script '/root/Desktop/QtrosAndOpenCV/hyzAndJoJo/install/usb_camera_node/share/usb_camera_node/package.zsh'
[1.551s] Level 1:colcon.colcon_core.environment:create_file_with_runtime_dependencies(/root/Desktop/QtrosAndOpenCV/hyzAndJoJo/install/usb_camera_node/share/colcon-core/packages/usb_camera_node)
[1.616s] Level 1:colcon.colcon_core.environment:create_environment_scripts_only(camera_pack)
[1.616s] Level 1:colcon.colcon_core.environment:checking '/root/Desktop/QtrosAndOpenCV/hyzAndJoJo/install/camera_pack' for CMake module files
[1.618s] Level 1:colcon.colcon_core.environment:checking '/root/Desktop/QtrosAndOpenCV/hyzAndJoJo/install/camera_pack' for CMake config files
[1.618s] Level 1:colcon.colcon_core.shell:create_environment_hook('camera_pack', 'cmake_prefix_path')
[1.618s] INFO:colcon.colcon_core.shell:Creating environment hook '/root/Desktop/QtrosAndOpenCV/hyzAndJoJo/install/camera_pack/share/camera_pack/hook/cmake_prefix_path.ps1'
[1.619s] INFO:colcon.colcon_core.shell:Creating environment descriptor '/root/Desktop/QtrosAndOpenCV/hyzAndJoJo/install/camera_pack/share/camera_pack/hook/cmake_prefix_path.dsv'
[1.620s] INFO:colcon.colcon_core.shell:Creating environment hook '/root/Desktop/QtrosAndOpenCV/hyzAndJoJo/install/camera_pack/share/camera_pack/hook/cmake_prefix_path.sh'
[1.622s] Level 1:colcon.colcon_core.environment:checking '/root/Desktop/QtrosAndOpenCV/hyzAndJoJo/install/camera_pack/lib'
[1.622s] Level 1:colcon.colcon_core.environment:checking '/root/Desktop/QtrosAndOpenCV/hyzAndJoJo/install/camera_pack/bin'
[1.622s] Level 1:colcon.colcon_core.environment:checking '/root/Desktop/QtrosAndOpenCV/hyzAndJoJo/install/camera_pack/lib/pkgconfig/camera_pack.pc'
[1.623s] Level 1:colcon.colcon_core.environment:checking '/root/Desktop/QtrosAndOpenCV/hyzAndJoJo/install/camera_pack/lib/python3.11/site-packages'
[1.623s] Level 1:colcon.colcon_core.environment:checking '/root/Desktop/QtrosAndOpenCV/hyzAndJoJo/install/camera_pack/bin'
[1.624s] INFO:colcon.colcon_core.shell:Creating package script '/root/Desktop/QtrosAndOpenCV/hyzAndJoJo/install/camera_pack/share/camera_pack/package.ps1'
[1.625s] INFO:colcon.colcon_core.shell:Creating package descriptor '/root/Desktop/QtrosAndOpenCV/hyzAndJoJo/install/camera_pack/share/camera_pack/package.dsv'
[1.626s] INFO:colcon.colcon_core.shell:Creating package script '/root/Desktop/QtrosAndOpenCV/hyzAndJoJo/install/camera_pack/share/camera_pack/package.sh'
[1.627s] INFO:colcon.colcon_core.shell:Creating package script '/root/Desktop/QtrosAndOpenCV/hyzAndJoJo/install/camera_pack/share/camera_pack/package.bash'
[1.628s] INFO:colcon.colcon_core.shell:Creating package script '/root/Desktop/QtrosAndOpenCV/hyzAndJoJo/install/camera_pack/share/camera_pack/package.zsh'
[1.628s] Level 1:colcon.colcon_core.environment:create_file_with_runtime_dependencies(/root/Desktop/QtrosAndOpenCV/hyzAndJoJo/install/camera_pack/share/colcon-core/packages/camera_pack)
[27.020s] DEBUG:colcon.colcon_core.event_handler.log_command:Invoked command in '/root/Desktop/QtrosAndOpenCV/hyzAndJoJo/build/opencv_node' returned '0': CMAKE_PREFIX_PATH=${CMAKE_PREFIX_PATH}:/opt/ros/humble _=/bin/env /bin/cmake --build /root/Desktop/QtrosAndOpenCV/hyzAndJoJo/build/opencv_node -- -j16 -l16
[27.143s] DEBUG:colcon.colcon_core.event_handler.log_command:Invoking command in '/root/Desktop/QtrosAndOpenCV/hyzAndJoJo/build/opencv_node': CMAKE_PREFIX_PATH=${CMAKE_PREFIX_PATH}:/opt/ros/humble _=/bin/env /bin/cmake --install /root/Desktop/QtrosAndOpenCV/hyzAndJoJo/build/opencv_node
[27.171s] Level 1:colcon.colcon_core.environment:create_environment_scripts_only(opencv_node)
[27.171s] Level 1:colcon.colcon_core.environment:checking '/root/Desktop/QtrosAndOpenCV/hyzAndJoJo/install/opencv_node' for CMake module files
[27.172s] DEBUG:colcon.colcon_core.event_handler.log_command:Invoked command in '/root/Desktop/QtrosAndOpenCV/hyzAndJoJo/build/opencv_node' returned '0': CMAKE_PREFIX_PATH=${CMAKE_PREFIX_PATH}:/opt/ros/humble _=/bin/env /bin/cmake --install /root/Desktop/QtrosAndOpenCV/hyzAndJoJo/build/opencv_node
[27.173s] Level 1:colcon.colcon_core.environment:checking '/root/Desktop/QtrosAndOpenCV/hyzAndJoJo/install/opencv_node' for CMake config files
[27.173s] Level 1:colcon.colcon_core.shell:create_environment_hook('opencv_node', 'cmake_prefix_path')
[27.174s] INFO:colcon.colcon_core.shell:Creating environment hook '/root/Desktop/QtrosAndOpenCV/hyzAndJoJo/install/opencv_node/share/opencv_node/hook/cmake_prefix_path.ps1'
[27.175s] INFO:colcon.colcon_core.shell:Creating environment descriptor '/root/Desktop/QtrosAndOpenCV/hyzAndJoJo/install/opencv_node/share/opencv_node/hook/cmake_prefix_path.dsv'
[27.175s] INFO:colcon.colcon_core.shell:Creating environment hook '/root/Desktop/QtrosAndOpenCV/hyzAndJoJo/install/opencv_node/share/opencv_node/hook/cmake_prefix_path.sh'
[27.176s] Level 1:colcon.colcon_core.environment:checking '/root/Desktop/QtrosAndOpenCV/hyzAndJoJo/install/opencv_node/lib'
[27.177s] Level 1:colcon.colcon_core.environment:checking '/root/Desktop/QtrosAndOpenCV/hyzAndJoJo/install/opencv_node/bin'
[27.177s] Level 1:colcon.colcon_core.environment:checking '/root/Desktop/QtrosAndOpenCV/hyzAndJoJo/install/opencv_node/lib/pkgconfig/opencv_node.pc'
[27.177s] Level 1:colcon.colcon_core.environment:checking '/root/Desktop/QtrosAndOpenCV/hyzAndJoJo/install/opencv_node/lib/python3.11/site-packages'
[27.178s] Level 1:colcon.colcon_core.environment:checking '/root/Desktop/QtrosAndOpenCV/hyzAndJoJo/install/opencv_node/bin'
[27.179s] INFO:colcon.colcon_core.shell:Creating package script '/root/Desktop/QtrosAndOpenCV/hyzAndJoJo/install/opencv_node/share/opencv_node/package.ps1'
[27.180s] INFO:colcon.colcon_core.shell:Creating package descriptor '/root/Desktop/QtrosAndOpenCV/hyzAndJoJo/install/opencv_node/share/opencv_node/package.dsv'
[27.180s] INFO:colcon.colcon_core.shell:Creating package script '/root/Desktop/QtrosAndOpenCV/hyzAndJoJo/install/opencv_node/share/opencv_node/package.sh'
[27.181s] INFO:colcon.colcon_core.shell:Creating package script '/root/Desktop/QtrosAndOpenCV/hyzAndJoJo/install/opencv_node/share/opencv_node/package.bash'
[27.182s] INFO:colcon.colcon_core.shell:Creating package script '/root/Desktop/QtrosAndOpenCV/hyzAndJoJo/install/opencv_node/share/opencv_node/package.zsh'
[27.182s] Level 1:colcon.colcon_core.environment:create_file_with_runtime_dependencies(/root/Desktop/QtrosAndOpenCV/hyzAndJoJo/install/opencv_node/share/colcon-core/packages/opencv_node)
[27.284s] Level 1:colcon.colcon_core.environment:create_environment_scripts_only(opencv_node)
[27.284s] Level 1:colcon.colcon_core.environment:checking '/root/Desktop/QtrosAndOpenCV/hyzAndJoJo/install/opencv_node' for CMake module files
[27.286s] Level 1:colcon.colcon_core.environment:checking '/root/Desktop/QtrosAndOpenCV/hyzAndJoJo/install/opencv_node' for CMake config files
[27.286s] Level 1:colcon.colcon_core.shell:create_environment_hook('opencv_node', 'cmake_prefix_path')
[27.287s] INFO:colcon.colcon_core.shell:Creating environment hook '/root/Desktop/QtrosAndOpenCV/hyzAndJoJo/install/opencv_node/share/opencv_node/hook/cmake_prefix_path.ps1'
[27.288s] INFO:colcon.colcon_core.shell:Creating environment descriptor '/root/Desktop/QtrosAndOpenCV/hyzAndJoJo/install/opencv_node/share/opencv_node/hook/cmake_prefix_path.dsv'
[27.289s] INFO:colcon.colcon_core.shell:Creating environment hook '/root/Desktop/QtrosAndOpenCV/hyzAndJoJo/install/opencv_node/share/opencv_node/hook/cmake_prefix_path.sh'
[27.290s] Level 1:colcon.colcon_core.environment:checking '/root/Desktop/QtrosAndOpenCV/hyzAndJoJo/install/opencv_node/lib'
[27.290s] Level 1:colcon.colcon_core.environment:checking '/root/Desktop/QtrosAndOpenCV/hyzAndJoJo/install/opencv_node/bin'
[27.290s] Level 1:colcon.colcon_core.environment:checking '/root/Desktop/QtrosAndOpenCV/hyzAndJoJo/install/opencv_node/lib/pkgconfig/opencv_node.pc'
[27.291s] Level 1:colcon.colcon_core.environment:checking '/root/Desktop/QtrosAndOpenCV/hyzAndJoJo/install/opencv_node/lib/python3.11/site-packages'
[27.291s] Level 1:colcon.colcon_core.environment:checking '/root/Desktop/QtrosAndOpenCV/hyzAndJoJo/install/opencv_node/bin'
[27.292s] INFO:colcon.colcon_core.shell:Creating package script '/root/Desktop/QtrosAndOpenCV/hyzAndJoJo/install/opencv_node/share/opencv_node/package.ps1'
[27.293s] INFO:colcon.colcon_core.shell:Creating package descriptor '/root/Desktop/QtrosAndOpenCV/hyzAndJoJo/install/opencv_node/share/opencv_node/package.dsv'
[27.295s] INFO:colcon.colcon_core.shell:Creating package script '/root/Desktop/QtrosAndOpenCV/hyzAndJoJo/install/opencv_node/share/opencv_node/package.sh'
[27.296s] INFO:colcon.colcon_core.shell:Creating package script '/root/Desktop/QtrosAndOpenCV/hyzAndJoJo/install/opencv_node/share/opencv_node/package.bash'
[27.298s] INFO:colcon.colcon_core.shell:Creating package script '/root/Desktop/QtrosAndOpenCV/hyzAndJoJo/install/opencv_node/share/opencv_node/package.zsh'
[27.299s] Level 1:colcon.colcon_core.environment:create_file_with_runtime_dependencies(/root/Desktop/QtrosAndOpenCV/hyzAndJoJo/install/opencv_node/share/colcon-core/packages/opencv_node)
[27.713s] DEBUG:colcon.colcon_core.event_handler.log_command:Invoked command in '/root/Desktop/QtrosAndOpenCV/hyzAndJoJo/build/rqt_display_node' returned '0': CMAKE_PREFIX_PATH=${CMAKE_PREFIX_PATH}:/opt/ros/humble _=/bin/env /bin/cmake --build /root/Desktop/QtrosAndOpenCV/hyzAndJoJo/build/rqt_display_node -- -j16 -l16
[27.763s] DEBUG:colcon.colcon_core.event_handler.log_command:Invoking command in '/root/Desktop/QtrosAndOpenCV/hyzAndJoJo/build/rqt_display_node': CMAKE_PREFIX_PATH=${CMAKE_PREFIX_PATH}:/opt/ros/humble _=/bin/env /bin/cmake --install /root/Desktop/QtrosAndOpenCV/hyzAndJoJo/build/rqt_display_node
[27.797s] Level 1:colcon.colcon_core.environment:create_environment_scripts_only(rqt_display_node)
[27.798s] Level 1:colcon.colcon_core.environment:checking '/root/Desktop/QtrosAndOpenCV/hyzAndJoJo/install/rqt_display_node' for CMake module files
[27.799s] Level 1:colcon.colcon_core.environment:checking '/root/Desktop/QtrosAndOpenCV/hyzAndJoJo/install/rqt_display_node' for CMake config files
[27.800s] Level 1:colcon.colcon_core.shell:create_environment_hook('rqt_display_node', 'cmake_prefix_path')
[27.800s] INFO:colcon.colcon_core.shell:Creating environment hook '/root/Desktop/QtrosAndOpenCV/hyzAndJoJo/install/rqt_display_node/share/rqt_display_node/hook/cmake_prefix_path.ps1'
[27.801s] INFO:colcon.colcon_core.shell:Creating environment descriptor '/root/Desktop/QtrosAndOpenCV/hyzAndJoJo/install/rqt_display_node/share/rqt_display_node/hook/cmake_prefix_path.dsv'
[27.802s] INFO:colcon.colcon_core.shell:Creating environment hook '/root/Desktop/QtrosAndOpenCV/hyzAndJoJo/install/rqt_display_node/share/rqt_display_node/hook/cmake_prefix_path.sh'
[27.808s] Level 1:colcon.colcon_core.environment:checking '/root/Desktop/QtrosAndOpenCV/hyzAndJoJo/install/rqt_display_node/lib'
[27.809s] Level 1:colcon.colcon_core.environment:checking '/root/Desktop/QtrosAndOpenCV/hyzAndJoJo/install/rqt_display_node/bin'
[27.810s] Level 1:colcon.colcon_core.environment:checking '/root/Desktop/QtrosAndOpenCV/hyzAndJoJo/install/rqt_display_node/lib/pkgconfig/rqt_display_node.pc'
[27.812s] Level 1:colcon.colcon_core.environment:checking '/root/Desktop/QtrosAndOpenCV/hyzAndJoJo/install/rqt_display_node/lib/python3.11/site-packages'
[27.814s] Level 1:colcon.colcon_core.environment:checking '/root/Desktop/QtrosAndOpenCV/hyzAndJoJo/install/rqt_display_node/bin'
[27.815s] INFO:colcon.colcon_core.shell:Creating package script '/root/Desktop/QtrosAndOpenCV/hyzAndJoJo/install/rqt_display_node/share/rqt_display_node/package.ps1'
[27.818s] INFO:colcon.colcon_core.shell:Creating package descriptor '/root/Desktop/QtrosAndOpenCV/hyzAndJoJo/install/rqt_display_node/share/rqt_display_node/package.dsv'
[27.846s] DEBUG:colcon.colcon_core.event_handler.log_command:Invoked command in '/root/Desktop/QtrosAndOpenCV/hyzAndJoJo/build/rqt_display_node' returned '0': CMAKE_PREFIX_PATH=${CMAKE_PREFIX_PATH}:/opt/ros/humble _=/bin/env /bin/cmake --install /root/Desktop/QtrosAndOpenCV/hyzAndJoJo/build/rqt_display_node
[27.848s] INFO:colcon.colcon_core.shell:Creating package script '/root/Desktop/QtrosAndOpenCV/hyzAndJoJo/install/rqt_display_node/share/rqt_display_node/package.sh'
[27.849s] INFO:colcon.colcon_core.shell:Creating package script '/root/Desktop/QtrosAndOpenCV/hyzAndJoJo/install/rqt_display_node/share/rqt_display_node/package.bash'
[27.849s] INFO:colcon.colcon_core.shell:Creating package script '/root/Desktop/QtrosAndOpenCV/hyzAndJoJo/install/rqt_display_node/share/rqt_display_node/package.zsh'
[27.850s] Level 1:colcon.colcon_core.environment:create_file_with_runtime_dependencies(/root/Desktop/QtrosAndOpenCV/hyzAndJoJo/install/rqt_display_node/share/colcon-core/packages/rqt_display_node)
[27.923s] Level 1:colcon.colcon_core.environment:create_environment_scripts_only(rqt_display_node)
[27.924s] Level 1:colcon.colcon_core.environment:checking '/root/Desktop/QtrosAndOpenCV/hyzAndJoJo/install/rqt_display_node' for CMake module files
[27.924s] Level 1:colcon.colcon_core.environment:checking '/root/Desktop/QtrosAndOpenCV/hyzAndJoJo/install/rqt_display_node' for CMake config files
[27.924s] Level 1:colcon.colcon_core.shell:create_environment_hook('rqt_display_node', 'cmake_prefix_path')
[27.924s] INFO:colcon.colcon_core.shell:Creating environment hook '/root/Desktop/QtrosAndOpenCV/hyzAndJoJo/install/rqt_display_node/share/rqt_display_node/hook/cmake_prefix_path.ps1'
[27.925s] INFO:colcon.colcon_core.shell:Creating environment descriptor '/root/Desktop/QtrosAndOpenCV/hyzAndJoJo/install/rqt_display_node/share/rqt_display_node/hook/cmake_prefix_path.dsv'
[27.925s] INFO:colcon.colcon_core.shell:Creating environment hook '/root/Desktop/QtrosAndOpenCV/hyzAndJoJo/install/rqt_display_node/share/rqt_display_node/hook/cmake_prefix_path.sh'
[27.926s] Level 1:colcon.colcon_core.environment:checking '/root/Desktop/QtrosAndOpenCV/hyzAndJoJo/install/rqt_display_node/lib'
[27.926s] Level 1:colcon.colcon_core.environment:checking '/root/Desktop/QtrosAndOpenCV/hyzAndJoJo/install/rqt_display_node/bin'
[27.926s] Level 1:colcon.colcon_core.environment:checking '/root/Desktop/QtrosAndOpenCV/hyzAndJoJo/install/rqt_display_node/lib/pkgconfig/rqt_display_node.pc'
[27.927s] Level 1:colcon.colcon_core.environment:checking '/root/Desktop/QtrosAndOpenCV/hyzAndJoJo/install/rqt_display_node/lib/python3.11/site-packages'
[27.927s] Level 1:colcon.colcon_core.environment:checking '/root/Desktop/QtrosAndOpenCV/hyzAndJoJo/install/rqt_display_node/bin'
[27.927s] INFO:colcon.colcon_core.shell:Creating package script '/root/Desktop/QtrosAndOpenCV/hyzAndJoJo/install/rqt_display_node/share/rqt_display_node/package.ps1'
[27.928s] INFO:colcon.colcon_core.shell:Creating package descriptor '/root/Desktop/QtrosAndOpenCV/hyzAndJoJo/install/rqt_display_node/share/rqt_display_node/package.dsv'
[27.929s] INFO:colcon.colcon_core.shell:Creating package script '/root/Desktop/QtrosAndOpenCV/hyzAndJoJo/install/rqt_display_node/share/rqt_display_node/package.sh'
[27.929s] INFO:colcon.colcon_core.shell:Creating package script '/root/Desktop/QtrosAndOpenCV/hyzAndJoJo/install/rqt_display_node/share/rqt_display_node/package.bash'
[27.930s] INFO:colcon.colcon_core.shell:Creating package script '/root/Desktop/QtrosAndOpenCV/hyzAndJoJo/install/rqt_display_node/share/rqt_display_node/package.zsh'
[27.930s] Level 1:colcon.colcon_core.environment:create_file_with_runtime_dependencies(/root/Desktop/QtrosAndOpenCV/hyzAndJoJo/install/rqt_display_node/share/colcon-core/packages/rqt_display_node)
[27.931s] DEBUG:colcon.colcon_parallel_executor.executor.parallel:closing loop
[27.932s] DEBUG:colcon.colcon_parallel_executor.executor.parallel:loop closed
[27.933s] DEBUG:colcon.colcon_parallel_executor.executor.parallel:run_until_complete finished with '0'
[27.933s] DEBUG:colcon.colcon_core.event_reactor:joining thread
[27.947s] INFO:colcon.colcon_core.plugin_system:Skipping extension 'colcon_notification.desktop_notification.terminal_notifier': Not used on non-Darwin systems
[27.947s] INFO:colcon.colcon_core.plugin_system:Skipping extension 'colcon_notification.desktop_notification.win32': Not used on non-Windows systems
[27.947s] INFO:colcon.colcon_notification.desktop_notification:Sending desktop notification using 'notify2'
[28.573s] DEBUG:colcon.colcon_core.event_reactor:joined thread
[28.574s] INFO:colcon.colcon_core.shell:Creating prefix script '/root/Desktop/QtrosAndOpenCV/hyzAndJoJo/install/local_setup.ps1'
[28.575s] INFO:colcon.colcon_core.shell:Creating prefix util module '/root/Desktop/QtrosAndOpenCV/hyzAndJoJo/install/_local_setup_util_ps1.py'
[28.576s] INFO:colcon.colcon_core.shell:Creating prefix chain script '/root/Desktop/QtrosAndOpenCV/hyzAndJoJo/install/setup.ps1'
[28.579s] INFO:colcon.colcon_core.shell:Creating prefix script '/root/Desktop/QtrosAndOpenCV/hyzAndJoJo/install/local_setup.sh'
[28.580s] INFO:colcon.colcon_core.shell:Creating prefix util module '/root/Desktop/QtrosAndOpenCV/hyzAndJoJo/install/_local_setup_util_sh.py'
[28.580s] INFO:colcon.colcon_core.shell:Creating prefix chain script '/root/Desktop/QtrosAndOpenCV/hyzAndJoJo/install/setup.sh'
[28.583s] INFO:colcon.colcon_core.shell:Creating prefix script '/root/Desktop/QtrosAndOpenCV/hyzAndJoJo/install/local_setup.bash'
[28.583s] INFO:colcon.colcon_core.shell:Creating prefix chain script '/root/Desktop/QtrosAndOpenCV/hyzAndJoJo/install/setup.bash'
[28.585s] INFO:colcon.colcon_core.shell:Creating prefix script '/root/Desktop/QtrosAndOpenCV/hyzAndJoJo/install/local_setup.zsh'
[28.586s] INFO:colcon.colcon_core.shell:Creating prefix chain script '/root/Desktop/QtrosAndOpenCV/hyzAndJoJo/install/setup.zsh'
