[0.083s] Invoking command in '/root/Desktop/QtrosAndOpenCV/hyzAndJoJo/build/rqt_display_node': CMAKE_PREFIX_PATH=${CMAKE_PREFIX_PATH}:/opt/ros/humble _=/bin/env /bin/cmake --build /root/Desktop/QtrosAndOpenCV/hyzAndJoJo/build/rqt_display_node -- -j16 -l16
[0.221s] [100%] Built target camera_pack
[0.283s] Invoked command in '/root/Desktop/QtrosAndOpenCV/hyzAndJoJo/build/rqt_display_node' returned '0': CMAKE_PREFIX_PATH=${CMAKE_PREFIX_PATH}:/opt/ros/humble _=/bin/env /bin/cmake --build /root/Desktop/QtrosAndOpenCV/hyzAndJoJo/build/rqt_display_node -- -j16 -l16
[0.432s] Invoking command in '/root/Desktop/QtrosAndOpenCV/hyzAndJoJo/build/rqt_display_node': CMAKE_PREFIX_PATH=${CMAKE_PREFIX_PATH}:/opt/ros/humble _=/bin/env /bin/cmake --install /root/Desktop/QtrosAndOpenCV/hyzAndJoJo/build/rqt_display_node
[0.448s] -- Install configuration: ""
[0.451s] -- Up-to-date: /root/Desktop/QtrosAndOpenCV/hyzAndJoJo/install/rqt_display_node/lib/rqt_display_node/camera_pack
[0.451s] -- Up-to-date: /root/Desktop/QtrosAndOpenCV/hyzAndJoJo/install/rqt_display_node/share/ament_index/resource_index/package_run_dependencies/rqt_display_node
[0.452s] -- Up-to-date: /root/Desktop/QtrosAndOpenCV/hyzAndJoJo/install/rqt_display_node/share/ament_index/resource_index/parent_prefix_path/rqt_display_node
[0.452s] -- Up-to-date: /root/Desktop/QtrosAndOpenCV/hyzAndJoJo/install/rqt_display_node/share/rqt_display_node/environment/ament_prefix_path.sh
[0.452s] -- Up-to-date: /root/Desktop/QtrosAndOpenCV/hyzAndJoJo/install/rqt_display_node/share/rqt_display_node/environment/ament_prefix_path.dsv
[0.452s] -- Up-to-date: /root/Desktop/QtrosAndOpenCV/hyzAndJoJo/install/rqt_display_node/share/rqt_display_node/environment/path.sh
[0.452s] -- Up-to-date: /root/Desktop/QtrosAndOpenCV/hyzAndJoJo/install/rqt_display_node/share/rqt_display_node/environment/path.dsv
[0.453s] -- Up-to-date: /root/Desktop/QtrosAndOpenCV/hyzAndJoJo/install/rqt_display_node/share/rqt_display_node/local_setup.bash
[0.454s] -- Up-to-date: /root/Desktop/QtrosAndOpenCV/hyzAndJoJo/install/rqt_display_node/share/rqt_display_node/local_setup.sh
[0.454s] -- Up-to-date: /root/Desktop/QtrosAndOpenCV/hyzAndJoJo/install/rqt_display_node/share/rqt_display_node/local_setup.zsh
[0.454s] -- Up-to-date: /root/Desktop/QtrosAndOpenCV/hyzAndJoJo/install/rqt_display_node/share/rqt_display_node/local_setup.dsv
[0.455s] -- Installing: /root/Desktop/QtrosAndOpenCV/hyzAndJoJo/install/rqt_display_node/share/rqt_display_node/package.dsv
[0.456s] -- Up-to-date: /root/Desktop/QtrosAndOpenCV/hyzAndJoJo/install/rqt_display_node/share/ament_index/resource_index/packages/rqt_display_node
[0.457s] -- Up-to-date: /root/Desktop/QtrosAndOpenCV/hyzAndJoJo/install/rqt_display_node/share/rqt_display_node/cmake/rqt_display_nodeConfig.cmake
[0.460s] -- Up-to-date: /root/Desktop/QtrosAndOpenCV/hyzAndJoJo/install/rqt_display_node/share/rqt_display_node/cmake/rqt_display_nodeConfig-version.cmake
[0.460s] -- Up-to-date: /root/Desktop/QtrosAndOpenCV/hyzAndJoJo/install/rqt_display_node/share/rqt_display_node/package.xml
[0.465s] Invoked command in '/root/Desktop/QtrosAndOpenCV/hyzAndJoJo/build/rqt_display_node' returned '0': CMAKE_PREFIX_PATH=${CMAKE_PREFIX_PATH}:/opt/ros/humble _=/bin/env /bin/cmake --install /root/Desktop/QtrosAndOpenCV/hyzAndJoJo/build/rqt_display_node
