[ 50%] [32mBuilding CXX object CMakeFiles/camera_pack.dir/src/opencv_node.cpp.o[0m
[100%] [32m[1mLinking CXX executable camera_pack[0m
[100%] Built target camera_pack
-- Install configuration: ""
-- Execute custom install script
-- Symlinking: /root/Desktop/QtrosAndOpenCV/hyzAndJoJo/install/opencv_node/lib/opencv_node/camera_pack
-- Symlinking: /root/Desktop/QtrosAndOpenCV/hyzAndJoJo/install/opencv_node/share/ament_index/resource_index/package_run_dependencies/opencv_node
-- Symlinking: /root/Desktop/QtrosAndOpenCV/hyzAndJoJo/install/opencv_node/share/ament_index/resource_index/parent_prefix_path/opencv_node
-- Symlinking: /root/Desktop/QtrosAndOpenCV/hyzAndJoJo/install/opencv_node/share/opencv_node/environment/ament_prefix_path.sh
-- Symlinking: /root/Desktop/QtrosAndOpenCV/hyzAndJoJo/install/opencv_node/share/opencv_node/environment/ament_prefix_path.dsv
-- Symlinking: /root/Desktop/QtrosAndOpenCV/hyzAndJoJo/install/opencv_node/share/opencv_node/environment/path.sh
-- Symlinking: /root/Desktop/QtrosAndOpenCV/hyzAndJoJo/install/opencv_node/share/opencv_node/environment/path.dsv
-- Symlinking: /root/Desktop/QtrosAndOpenCV/hyzAndJoJo/install/opencv_node/share/opencv_node/local_setup.bash
-- Symlinking: /root/Desktop/QtrosAndOpenCV/hyzAndJoJo/install/opencv_node/share/opencv_node/local_setup.sh
-- Symlinking: /root/Desktop/QtrosAndOpenCV/hyzAndJoJo/install/opencv_node/share/opencv_node/local_setup.zsh
-- Symlinking: /root/Desktop/QtrosAndOpenCV/hyzAndJoJo/install/opencv_node/share/opencv_node/local_setup.dsv
-- Symlinking: /root/Desktop/QtrosAndOpenCV/hyzAndJoJo/install/opencv_node/share/opencv_node/package.dsv
-- Symlinking: /root/Desktop/QtrosAndOpenCV/hyzAndJoJo/install/opencv_node/share/ament_index/resource_index/packages/opencv_node
-- Symlinking: /root/Desktop/QtrosAndOpenCV/hyzAndJoJo/install/opencv_node/share/opencv_node/cmake/opencv_nodeConfig.cmake
-- Symlinking: /root/Desktop/QtrosAndOpenCV/hyzAndJoJo/install/opencv_node/share/opencv_node/cmake/opencv_nodeConfig-version.cmake
-- Symlinking: /root/Desktop/QtrosAndOpenCV/hyzAndJoJo/install/opencv_node/share/opencv_node/package.xml
