[0.057s] Invoking command in '/root/Desktop/QtrosAndOpenCV/hyzAndJoJo/build/opencv_node': CMAKE_PREFIX_PATH=${CMAKE_PREFIX_PATH}:/opt/ros/humble _=/bin/env /bin/cmake /root/Desktop/QtrosAndOpenCV/hyzAndJoJo/src/opencv_node -DAMENT_CMAKE_SYMLINK_INSTALL=1 -DCMAKE_INSTALL_PREFIX=/root/Desktop/QtrosAndOpenCV/hyzAndJoJo/install/opencv_node
[0.097s] -- Found ament_cmake: 1.3.4 (/opt/ros/humble/share/ament_cmake/cmake)
[0.984s] -- Override CMake install command with custom implementation using symlinks instead of copying resources
[1.016s] -- Found rclcpp: 16.0.4 (/opt/ros/humble/share/rclcpp/cmake)
[1.099s] -- Found rosidl_generator_c: 3.1.4 (/opt/ros/humble/share/rosidl_generator_c/cmake)
[1.155s] -- Found rosidl_adapter: 3.1.4 (/opt/ros/humble/share/rosidl_adapter/cmake)
[1.158s] -- Found rosidl_generator_cpp: 3.1.4 (/opt/ros/humble/share/rosidl_generator_cpp/cmake)
[1.224s] -- Using all available rosidl_typesupport_c: rosidl_typesupport_fastrtps_c;rosidl_typesupport_introspection_c
[1.296s] -- Using all available rosidl_typesupport_cpp: rosidl_typesupport_fastrtps_cpp;rosidl_typesupport_introspection_cpp
[1.524s] -- Found rmw_implementation_cmake: 6.1.1 (/opt/ros/humble/share/rmw_implementation_cmake/cmake)
[1.524s] -- Found rmw_fastrtps_cpp: 6.2.2 (/opt/ros/humble/share/rmw_fastrtps_cpp/cmake)
[1.885s] -- Using RMW implementation 'rmw_fastrtps_cpp' as default
[2.445s] -- Found sensor_msgs: 4.2.3 (/opt/ros/humble/share/sensor_msgs/cmake)
[2.852s] -- Found cv_bridge: 3.2.1 (/opt/ros/humble/share/cv_bridge/cmake)
[2.887s] -- Found ament_lint_auto: 0.12.6 (/opt/ros/humble/share/ament_lint_auto/cmake)
[3.252s] -- Added test 'cppcheck' to perform static code analysis on C / C++ code
[3.253s] -- Configured cppcheck include dirs: /root/Desktop/QtrosAndOpenCV/hyzAndJoJo/src/opencv_node/include;$<BUILD_INTERFACE:/root/Desktop/QtrosAndOpenCV/hyzAndJoJo/src/opencv_node/include>
[3.253s] -- Configured cppcheck exclude dirs and/or files: 
[3.257s] -- Added test 'lint_cmake' to check CMake code style
[3.277s] -- Added test 'uncrustify' to check C / C++ code style
[3.277s] -- Configured uncrustify additional arguments: 
[3.277s] -- Added test 'xmllint' to check XML markup files
[3.302s] -- Configuring done (3.2s)
[3.326s] -- Generating done (0.0s)
[3.329s] -- Build files have been written to: /root/Desktop/QtrosAndOpenCV/hyzAndJoJo/build/opencv_node
[3.341s] Invoked command in '/root/Desktop/QtrosAndOpenCV/hyzAndJoJo/build/opencv_node' returned '0': CMAKE_PREFIX_PATH=${CMAKE_PREFIX_PATH}:/opt/ros/humble _=/bin/env /bin/cmake /root/Desktop/QtrosAndOpenCV/hyzAndJoJo/src/opencv_node -DAMENT_CMAKE_SYMLINK_INSTALL=1 -DCMAKE_INSTALL_PREFIX=/root/Desktop/QtrosAndOpenCV/hyzAndJoJo/install/opencv_node
[3.346s] Invoking command in '/root/Desktop/QtrosAndOpenCV/hyzAndJoJo/build/opencv_node': CMAKE_PREFIX_PATH=${CMAKE_PREFIX_PATH}:/opt/ros/humble _=/bin/env /bin/cmake --build /root/Desktop/QtrosAndOpenCV/hyzAndJoJo/build/opencv_node -- -j16 -l16
[3.446s] [ 50%] [32mBuilding CXX object CMakeFiles/camera_pack.dir/src/opencv_node.cpp.o[0m
[12.732s] [01m[K/root/Desktop/QtrosAndOpenCV/hyzAndJoJo/src/opencv_node/src/opencv_node.cpp:[m[K 在成员函数‘[01m[Kvoid OpenCVNode::image_callback(sensor_msgs::msg::Image_<std::allocator<void> >::SharedPtr)[m[K’中:
[12.733s] [01m[K/root/Desktop/QtrosAndOpenCV/hyzAndJoJo/src/opencv_node/src/opencv_node.cpp:43:9:[m[K [01;31m[K错误：[m[K‘[01m[KCLCPP_DEBUG[m[K’ was not declared in this scope; did you mean ‘[01m[KRCLCPP_DEBUG[m[K’?
[12.733s]    43 |         [01;31m[KCLCPP_DEBUG[m[K(this->get_logger(), "GGGG %d GGGG",cv_ptr->image.channels());
[12.733s]       |         [01;31m[K^~~~~~~~~~~[m[K
[12.733s]       |         [32m[KRCLCPP_DEBUG[m[K
[12.733s] [01m[K/root/Desktop/QtrosAndOpenCV/hyzAndJoJo/src/opencv_node/src/opencv_node.cpp:54:79:[m[K [01;31m[K错误：[m[Kexpected primary-expression before ‘[01m[K([m[K’ token
[12.734s]    54 |             sensor_msgs::msg::Image::SharedPtr output_msg = cv_bridge::CvImage[01;31m[K([m[Kstd_msgs::msg::Header(),
[12.734s]       |                                                                               [01;31m[K^[m[K
[12.734s] [01m[K/root/Desktop/QtrosAndOpenCV/hyzAndJoJo/src/opencv_node/src/opencv_node.cpp:55:110:[m[K [01;31m[K错误：[m[Kexpected unqualified-id before ‘[01m[K,[m[K’ token
[12.734s]    55 |                                                                                sensor_msgs::image_encodings::[01;31m[K,[m[Kprocessed_image).toImageMsg();
[12.734s]       |                                                                                                              [01;31m[K^[m[K
[12.759s] [01m[K/root/Desktop/QtrosAndOpenCV/hyzAndJoJo/src/opencv_node/src/opencv_node.cpp:66:36:[m[K [01;31m[K错误：[m[K‘[01m[Koutput_msg[m[K’在此作用域中尚未声明
[12.759s]    66 |         image_publisher_->publish(*[01;31m[Koutput_msg[m[K);
[12.760s]       |                                    [01;31m[K^~~~~~~~~~[m[K
[21.268s] gmake[2]: *** [CMakeFiles/camera_pack.dir/build.make:76：CMakeFiles/camera_pack.dir/src/opencv_node.cpp.o] 错误 1
[21.270s] gmake[1]: *** [CMakeFiles/Makefile2:137：CMakeFiles/camera_pack.dir/all] 错误 2
[21.273s] gmake: *** [Makefile:146：all] 错误 2
[21.278s] Invoked command in '/root/Desktop/QtrosAndOpenCV/hyzAndJoJo/build/opencv_node' returned '2': CMAKE_PREFIX_PATH=${CMAKE_PREFIX_PATH}:/opt/ros/humble _=/bin/env /bin/cmake --build /root/Desktop/QtrosAndOpenCV/hyzAndJoJo/build/opencv_node -- -j16 -l16
