[0.269s] DEBUG:colcon:Command line arguments: ['/usr/local/bin/colcon', 'build']
[0.269s] DEBUG:colcon:Parsed command line arguments: Namespace(log_base=None, log_level=None, verb_name='build', build_base='build', install_base='install', merge_install=False, symlink_install=False, test_result_base=None, continue_on_error=False, executor='parallel', parallel_workers=16, event_handlers=None, ignore_user_meta=False, metas=['./colcon.meta'], base_paths=['.'], packages_ignore=None, packages_ignore_regex=None, paths=None, packages_up_to=None, packages_up_to_regex=None, packages_above=None, packages_above_and_dependencies=None, packages_above_depth=None, packages_select_by_dep=None, packages_skip_by_dep=None, packages_skip_up_to=None, packages_select_build_failed=False, packages_skip_build_finished=False, packages_select_test_failures=False, packages_skip_test_passed=False, packages_select=None, packages_skip=None, packages_select_regex=None, packages_skip_regex=None, packages_start=None, packages_end=None, cmake_args=None, cmake_target=None, cmake_target_skip_unavailable=False, cmake_clean_cache=False, cmake_clean_first=False, cmake_force_configure=False, ament_cmake_args=None, catkin_cmake_args=None, catkin_skip_building_tests=False, verb_parser=<colcon_defaults.argument_parser.defaults.DefaultArgumentsDecorator object at 0x7fe7bc393150>, verb_extension=<colcon_core.verb.build.BuildVerb object at 0x7fe7bc2f2610>, main=<bound method BuildVerb.main of <colcon_core.verb.build.BuildVerb object at 0x7fe7bc2f2610>>)
[0.339s] Level 1:colcon.colcon_core.package_discovery:discover_packages(colcon_meta) check parameters
[0.339s] Level 1:colcon.colcon_core.package_discovery:discover_packages(recursive) check parameters
[0.339s] Level 1:colcon.colcon_core.package_discovery:discover_packages(ignore) check parameters
[0.339s] Level 1:colcon.colcon_core.package_discovery:discover_packages(path) check parameters
[0.339s] Level 1:colcon.colcon_core.package_discovery:discover_packages(colcon_meta) discover
[0.339s] Level 1:colcon.colcon_core.package_discovery:discover_packages(recursive) discover
[0.339s] INFO:colcon.colcon_core.package_discovery:Crawling recursively for packages in '/root/Desktop/QtrosAndOpenCV/hyzAndJoJo'
[0.339s] Level 1:colcon.colcon_core.package_identification:_identify(.) by extensions ['ignore', 'ignore_ament_install']
[0.339s] Level 1:colcon.colcon_core.package_identification:_identify(.) by extension 'ignore'
[0.339s] Level 1:colcon.colcon_core.package_identification:_identify(.) by extension 'ignore_ament_install'
[0.339s] Level 1:colcon.colcon_core.package_identification:_identify(.) by extensions ['colcon_pkg']
[0.339s] Level 1:colcon.colcon_core.package_identification:_identify(.) by extension 'colcon_pkg'
[0.339s] Level 1:colcon.colcon_core.package_identification:_identify(.) by extensions ['colcon_meta']
[0.339s] Level 1:colcon.colcon_core.package_identification:_identify(.) by extension 'colcon_meta'
[0.339s] Level 1:colcon.colcon_core.package_identification:_identify(.) by extensions ['ros']
[0.340s] Level 1:colcon.colcon_core.package_identification:_identify(.) by extension 'ros'
[0.389s] Level 1:colcon.colcon_core.package_identification:_identify(.) by extensions ['cmake', 'python']
[0.389s] Level 1:colcon.colcon_core.package_identification:_identify(.) by extension 'cmake'
[0.389s] Level 1:colcon.colcon_core.package_identification:_identify(.) by extension 'python'
[0.389s] Level 1:colcon.colcon_core.package_identification:_identify(.) by extensions ['python_setup_py']
[0.389s] Level 1:colcon.colcon_core.package_identification:_identify(.) by extension 'python_setup_py'
[0.389s] Level 1:colcon.colcon_core.package_identification:_identify(build) by extensions ['ignore', 'ignore_ament_install']
[0.390s] Level 1:colcon.colcon_core.package_identification:_identify(build) by extension 'ignore'
[0.390s] Level 1:colcon.colcon_core.package_identification:_identify(build) ignored
[0.390s] Level 1:colcon.colcon_core.package_identification:_identify(install) by extensions ['ignore', 'ignore_ament_install']
[0.390s] Level 1:colcon.colcon_core.package_identification:_identify(install) by extension 'ignore'
[0.390s] Level 1:colcon.colcon_core.package_identification:_identify(install) ignored
[0.390s] Level 1:colcon.colcon_core.package_identification:_identify(log) by extensions ['ignore', 'ignore_ament_install']
[0.390s] Level 1:colcon.colcon_core.package_identification:_identify(log) by extension 'ignore'
[0.390s] Level 1:colcon.colcon_core.package_identification:_identify(log) ignored
[0.391s] Level 1:colcon.colcon_core.package_identification:_identify(src) by extensions ['ignore', 'ignore_ament_install']
[0.391s] Level 1:colcon.colcon_core.package_identification:_identify(src) by extension 'ignore'
[0.391s] Level 1:colcon.colcon_core.package_identification:_identify(src) by extension 'ignore_ament_install'
[0.391s] Level 1:colcon.colcon_core.package_identification:_identify(src) by extensions ['colcon_pkg']
[0.391s] Level 1:colcon.colcon_core.package_identification:_identify(src) by extension 'colcon_pkg'
[0.391s] Level 1:colcon.colcon_core.package_identification:_identify(src) by extensions ['colcon_meta']
[0.391s] Level 1:colcon.colcon_core.package_identification:_identify(src) by extension 'colcon_meta'
[0.391s] Level 1:colcon.colcon_core.package_identification:_identify(src) by extensions ['ros']
[0.391s] Level 1:colcon.colcon_core.package_identification:_identify(src) by extension 'ros'
[0.391s] Level 1:colcon.colcon_core.package_identification:_identify(src) by extensions ['cmake', 'python']
[0.391s] Level 1:colcon.colcon_core.package_identification:_identify(src) by extension 'cmake'
[0.391s] Level 1:colcon.colcon_core.package_identification:_identify(src) by extension 'python'
[0.391s] Level 1:colcon.colcon_core.package_identification:_identify(src) by extensions ['python_setup_py']
[0.391s] Level 1:colcon.colcon_core.package_identification:_identify(src) by extension 'python_setup_py'
[0.392s] Level 1:colcon.colcon_core.package_identification:_identify(src/camera_pack) by extensions ['ignore', 'ignore_ament_install']
[0.392s] Level 1:colcon.colcon_core.package_identification:_identify(src/camera_pack) by extension 'ignore'
[0.392s] Level 1:colcon.colcon_core.package_identification:_identify(src/camera_pack) by extension 'ignore_ament_install'
[0.392s] Level 1:colcon.colcon_core.package_identification:_identify(src/camera_pack) by extensions ['colcon_pkg']
[0.392s] Level 1:colcon.colcon_core.package_identification:_identify(src/camera_pack) by extension 'colcon_pkg'
[0.392s] Level 1:colcon.colcon_core.package_identification:_identify(src/camera_pack) by extensions ['colcon_meta']
[0.392s] Level 1:colcon.colcon_core.package_identification:_identify(src/camera_pack) by extension 'colcon_meta'
[0.392s] Level 1:colcon.colcon_core.package_identification:_identify(src/camera_pack) by extensions ['ros']
[0.392s] Level 1:colcon.colcon_core.package_identification:_identify(src/camera_pack) by extension 'ros'
[0.397s] DEBUG:colcon.colcon_core.package_identification:Package 'src/camera_pack' with type 'ros.ament_cmake' and name 'camera_pack'
[0.398s] Level 1:colcon.colcon_core.package_identification:_identify(src/opencv_node) by extensions ['ignore', 'ignore_ament_install']
[0.398s] Level 1:colcon.colcon_core.package_identification:_identify(src/opencv_node) by extension 'ignore'
[0.398s] Level 1:colcon.colcon_core.package_identification:_identify(src/opencv_node) by extension 'ignore_ament_install'
[0.398s] Level 1:colcon.colcon_core.package_identification:_identify(src/opencv_node) by extensions ['colcon_pkg']
[0.398s] Level 1:colcon.colcon_core.package_identification:_identify(src/opencv_node) by extension 'colcon_pkg'
[0.398s] Level 1:colcon.colcon_core.package_identification:_identify(src/opencv_node) by extensions ['colcon_meta']
[0.398s] Level 1:colcon.colcon_core.package_identification:_identify(src/opencv_node) by extension 'colcon_meta'
[0.398s] Level 1:colcon.colcon_core.package_identification:_identify(src/opencv_node) by extensions ['ros']
[0.398s] Level 1:colcon.colcon_core.package_identification:_identify(src/opencv_node) by extension 'ros'
[0.401s] DEBUG:colcon.colcon_core.package_identification:Package 'src/opencv_node' with type 'ros.ament_cmake' and name 'opencv_node'
[0.401s] Level 1:colcon.colcon_core.package_identification:_identify(src/rqt_display_node) by extensions ['ignore', 'ignore_ament_install']
[0.401s] Level 1:colcon.colcon_core.package_identification:_identify(src/rqt_display_node) by extension 'ignore'
[0.401s] Level 1:colcon.colcon_core.package_identification:_identify(src/rqt_display_node) by extension 'ignore_ament_install'
[0.401s] Level 1:colcon.colcon_core.package_identification:_identify(src/rqt_display_node) by extensions ['colcon_pkg']
[0.401s] Level 1:colcon.colcon_core.package_identification:_identify(src/rqt_display_node) by extension 'colcon_pkg'
[0.401s] Level 1:colcon.colcon_core.package_identification:_identify(src/rqt_display_node) by extensions ['colcon_meta']
[0.402s] Level 1:colcon.colcon_core.package_identification:_identify(src/rqt_display_node) by extension 'colcon_meta'
[0.402s] Level 1:colcon.colcon_core.package_identification:_identify(src/rqt_display_node) by extensions ['ros']
[0.402s] Level 1:colcon.colcon_core.package_identification:_identify(src/rqt_display_node) by extension 'ros'
[0.402s] DEBUG:colcon.colcon_core.package_identification:Package 'src/rqt_display_node' with type 'ros.ament_cmake' and name 'rqt_display_node'
[0.402s] Level 1:colcon.colcon_core.package_identification:_identify(src/usb_camera_node) by extensions ['ignore', 'ignore_ament_install']
[0.403s] Level 1:colcon.colcon_core.package_identification:_identify(src/usb_camera_node) by extension 'ignore'
[0.403s] Level 1:colcon.colcon_core.package_identification:_identify(src/usb_camera_node) by extension 'ignore_ament_install'
[0.403s] Level 1:colcon.colcon_core.package_identification:_identify(src/usb_camera_node) by extensions ['colcon_pkg']
[0.403s] Level 1:colcon.colcon_core.package_identification:_identify(src/usb_camera_node) by extension 'colcon_pkg'
[0.403s] Level 1:colcon.colcon_core.package_identification:_identify(src/usb_camera_node) by extensions ['colcon_meta']
[0.403s] Level 1:colcon.colcon_core.package_identification:_identify(src/usb_camera_node) by extension 'colcon_meta'
[0.403s] Level 1:colcon.colcon_core.package_identification:_identify(src/usb_camera_node) by extensions ['ros']
[0.403s] Level 1:colcon.colcon_core.package_identification:_identify(src/usb_camera_node) by extension 'ros'
[0.404s] DEBUG:colcon.colcon_core.package_identification:Package 'src/usb_camera_node' with type 'ros.ament_cmake' and name 'usb_camera_node'
[0.404s] Level 1:colcon.colcon_core.package_discovery:discover_packages(recursive) using defaults
[0.404s] Level 1:colcon.colcon_core.package_discovery:discover_packages(ignore) discover
[0.404s] Level 1:colcon.colcon_core.package_discovery:discover_packages(ignore) using defaults
[0.404s] Level 1:colcon.colcon_core.package_discovery:discover_packages(path) discover
[0.404s] Level 1:colcon.colcon_core.package_discovery:discover_packages(path) using defaults
[0.509s] Level 5:colcon.colcon_core.verb:set package 'camera_pack' build argument 'cmake_args' from command line to 'None'
[0.510s] Level 5:colcon.colcon_core.verb:set package 'camera_pack' build argument 'cmake_target' from command line to 'None'
[0.510s] Level 5:colcon.colcon_core.verb:set package 'camera_pack' build argument 'cmake_target_skip_unavailable' from command line to 'False'
[0.510s] Level 5:colcon.colcon_core.verb:set package 'camera_pack' build argument 'cmake_clean_cache' from command line to 'False'
[0.510s] Level 5:colcon.colcon_core.verb:set package 'camera_pack' build argument 'cmake_clean_first' from command line to 'False'
[0.510s] Level 5:colcon.colcon_core.verb:set package 'camera_pack' build argument 'cmake_force_configure' from command line to 'False'
[0.510s] Level 5:colcon.colcon_core.verb:set package 'camera_pack' build argument 'ament_cmake_args' from command line to 'None'
[0.510s] Level 5:colcon.colcon_core.verb:set package 'camera_pack' build argument 'catkin_cmake_args' from command line to 'None'
[0.510s] Level 5:colcon.colcon_core.verb:set package 'camera_pack' build argument 'catkin_skip_building_tests' from command line to 'False'
[0.510s] DEBUG:colcon.colcon_core.verb:Building package 'camera_pack' with the following arguments: {'ament_cmake_args': None, 'build_base': '/root/Desktop/QtrosAndOpenCV/hyzAndJoJo/build/camera_pack', 'catkin_cmake_args': None, 'catkin_skip_building_tests': False, 'cmake_args': None, 'cmake_clean_cache': False, 'cmake_clean_first': False, 'cmake_force_configure': False, 'cmake_target': None, 'cmake_target_skip_unavailable': False, 'install_base': '/root/Desktop/QtrosAndOpenCV/hyzAndJoJo/install/camera_pack', 'merge_install': False, 'path': '/root/Desktop/QtrosAndOpenCV/hyzAndJoJo/src/camera_pack', 'symlink_install': False, 'test_result_base': None}
[0.512s] Level 5:colcon.colcon_core.verb:set package 'opencv_node' build argument 'cmake_args' from command line to 'None'
[0.512s] Level 5:colcon.colcon_core.verb:set package 'opencv_node' build argument 'cmake_target' from command line to 'None'
[0.512s] Level 5:colcon.colcon_core.verb:set package 'opencv_node' build argument 'cmake_target_skip_unavailable' from command line to 'False'
[0.512s] Level 5:colcon.colcon_core.verb:set package 'opencv_node' build argument 'cmake_clean_cache' from command line to 'False'
[0.512s] Level 5:colcon.colcon_core.verb:set package 'opencv_node' build argument 'cmake_clean_first' from command line to 'False'
[0.512s] Level 5:colcon.colcon_core.verb:set package 'opencv_node' build argument 'cmake_force_configure' from command line to 'False'
[0.512s] Level 5:colcon.colcon_core.verb:set package 'opencv_node' build argument 'ament_cmake_args' from command line to 'None'
[0.512s] Level 5:colcon.colcon_core.verb:set package 'opencv_node' build argument 'catkin_cmake_args' from command line to 'None'
[0.512s] Level 5:colcon.colcon_core.verb:set package 'opencv_node' build argument 'catkin_skip_building_tests' from command line to 'False'
[0.512s] DEBUG:colcon.colcon_core.verb:Building package 'opencv_node' with the following arguments: {'ament_cmake_args': None, 'build_base': '/root/Desktop/QtrosAndOpenCV/hyzAndJoJo/build/opencv_node', 'catkin_cmake_args': None, 'catkin_skip_building_tests': False, 'cmake_args': None, 'cmake_clean_cache': False, 'cmake_clean_first': False, 'cmake_force_configure': False, 'cmake_target': None, 'cmake_target_skip_unavailable': False, 'install_base': '/root/Desktop/QtrosAndOpenCV/hyzAndJoJo/install/opencv_node', 'merge_install': False, 'path': '/root/Desktop/QtrosAndOpenCV/hyzAndJoJo/src/opencv_node', 'symlink_install': False, 'test_result_base': None}
[0.512s] Level 5:colcon.colcon_core.verb:set package 'rqt_display_node' build argument 'cmake_args' from command line to 'None'
[0.513s] Level 5:colcon.colcon_core.verb:set package 'rqt_display_node' build argument 'cmake_target' from command line to 'None'
[0.513s] Level 5:colcon.colcon_core.verb:set package 'rqt_display_node' build argument 'cmake_target_skip_unavailable' from command line to 'False'
[0.513s] Level 5:colcon.colcon_core.verb:set package 'rqt_display_node' build argument 'cmake_clean_cache' from command line to 'False'
[0.513s] Level 5:colcon.colcon_core.verb:set package 'rqt_display_node' build argument 'cmake_clean_first' from command line to 'False'
[0.513s] Level 5:colcon.colcon_core.verb:set package 'rqt_display_node' build argument 'cmake_force_configure' from command line to 'False'
[0.513s] Level 5:colcon.colcon_core.verb:set package 'rqt_display_node' build argument 'ament_cmake_args' from command line to 'None'
[0.513s] Level 5:colcon.colcon_core.verb:set package 'rqt_display_node' build argument 'catkin_cmake_args' from command line to 'None'
[0.513s] Level 5:colcon.colcon_core.verb:set package 'rqt_display_node' build argument 'catkin_skip_building_tests' from command line to 'False'
[0.513s] DEBUG:colcon.colcon_core.verb:Building package 'rqt_display_node' with the following arguments: {'ament_cmake_args': None, 'build_base': '/root/Desktop/QtrosAndOpenCV/hyzAndJoJo/build/rqt_display_node', 'catkin_cmake_args': None, 'catkin_skip_building_tests': False, 'cmake_args': None, 'cmake_clean_cache': False, 'cmake_clean_first': False, 'cmake_force_configure': False, 'cmake_target': None, 'cmake_target_skip_unavailable': False, 'install_base': '/root/Desktop/QtrosAndOpenCV/hyzAndJoJo/install/rqt_display_node', 'merge_install': False, 'path': '/root/Desktop/QtrosAndOpenCV/hyzAndJoJo/src/rqt_display_node', 'symlink_install': False, 'test_result_base': None}
[0.514s] Level 5:colcon.colcon_core.verb:set package 'usb_camera_node' build argument 'cmake_args' from command line to 'None'
[0.514s] Level 5:colcon.colcon_core.verb:set package 'usb_camera_node' build argument 'cmake_target' from command line to 'None'
[0.514s] Level 5:colcon.colcon_core.verb:set package 'usb_camera_node' build argument 'cmake_target_skip_unavailable' from command line to 'False'
[0.514s] Level 5:colcon.colcon_core.verb:set package 'usb_camera_node' build argument 'cmake_clean_cache' from command line to 'False'
[0.514s] Level 5:colcon.colcon_core.verb:set package 'usb_camera_node' build argument 'cmake_clean_first' from command line to 'False'
[0.514s] Level 5:colcon.colcon_core.verb:set package 'usb_camera_node' build argument 'cmake_force_configure' from command line to 'False'
[0.514s] Level 5:colcon.colcon_core.verb:set package 'usb_camera_node' build argument 'ament_cmake_args' from command line to 'None'
[0.515s] Level 5:colcon.colcon_core.verb:set package 'usb_camera_node' build argument 'catkin_cmake_args' from command line to 'None'
[0.515s] Level 5:colcon.colcon_core.verb:set package 'usb_camera_node' build argument 'catkin_skip_building_tests' from command line to 'False'
[0.515s] DEBUG:colcon.colcon_core.verb:Building package 'usb_camera_node' with the following arguments: {'ament_cmake_args': None, 'build_base': '/root/Desktop/QtrosAndOpenCV/hyzAndJoJo/build/usb_camera_node', 'catkin_cmake_args': None, 'catkin_skip_building_tests': False, 'cmake_args': None, 'cmake_clean_cache': False, 'cmake_clean_first': False, 'cmake_force_configure': False, 'cmake_target': None, 'cmake_target_skip_unavailable': False, 'install_base': '/root/Desktop/QtrosAndOpenCV/hyzAndJoJo/install/usb_camera_node', 'merge_install': False, 'path': '/root/Desktop/QtrosAndOpenCV/hyzAndJoJo/src/usb_camera_node', 'symlink_install': False, 'test_result_base': None}
[0.515s] INFO:colcon.colcon_core.executor:Executing jobs using 'parallel' executor
[0.518s] DEBUG:colcon.colcon_parallel_executor.executor.parallel:run_until_complete
[0.518s] INFO:colcon.colcon_ros.task.ament_cmake.build:Building ROS package in '/root/Desktop/QtrosAndOpenCV/hyzAndJoJo/src/camera_pack' with build type 'ament_cmake'
[0.518s] INFO:colcon.colcon_cmake.task.cmake.build:Building CMake package in '/root/Desktop/QtrosAndOpenCV/hyzAndJoJo/src/camera_pack'
[0.525s] INFO:colcon.colcon_core.plugin_system:Skipping extension 'colcon_core.shell.bat': Not used on non-Windows systems
[0.530s] INFO:colcon.colcon_core.shell:Skip shell extension 'powershell' for command environment: Not usable outside of PowerShell
[0.530s] DEBUG:colcon.colcon_core.shell:Skip shell extension 'dsv' for command environment
[0.555s] INFO:colcon.colcon_ros.task.ament_cmake.build:Building ROS package in '/root/Desktop/QtrosAndOpenCV/hyzAndJoJo/src/opencv_node' with build type 'ament_cmake'
[0.555s] INFO:colcon.colcon_cmake.task.cmake.build:Building CMake package in '/root/Desktop/QtrosAndOpenCV/hyzAndJoJo/src/opencv_node'
[0.556s] INFO:colcon.colcon_core.shell:Skip shell extension 'powershell' for command environment: Not usable outside of PowerShell
[0.556s] DEBUG:colcon.colcon_core.shell:Skip shell extension 'dsv' for command environment
[0.570s] INFO:colcon.colcon_ros.task.ament_cmake.build:Building ROS package in '/root/Desktop/QtrosAndOpenCV/hyzAndJoJo/src/rqt_display_node' with build type 'ament_cmake'
[0.571s] INFO:colcon.colcon_cmake.task.cmake.build:Building CMake package in '/root/Desktop/QtrosAndOpenCV/hyzAndJoJo/src/rqt_display_node'
[0.571s] INFO:colcon.colcon_core.shell:Skip shell extension 'powershell' for command environment: Not usable outside of PowerShell
[0.571s] DEBUG:colcon.colcon_core.shell:Skip shell extension 'dsv' for command environment
[0.592s] INFO:colcon.colcon_ros.task.ament_cmake.build:Building ROS package in '/root/Desktop/QtrosAndOpenCV/hyzAndJoJo/src/usb_camera_node' with build type 'ament_cmake'
[0.592s] INFO:colcon.colcon_cmake.task.cmake.build:Building CMake package in '/root/Desktop/QtrosAndOpenCV/hyzAndJoJo/src/usb_camera_node'
[0.593s] INFO:colcon.colcon_core.shell:Skip shell extension 'powershell' for command environment: Not usable outside of PowerShell
[0.593s] DEBUG:colcon.colcon_core.shell:Skip shell extension 'dsv' for command environment
[0.647s] DEBUG:colcon.colcon_core.event_handler.log_command:Invoking command in '/root/Desktop/QtrosAndOpenCV/hyzAndJoJo/build/camera_pack': CMAKE_PREFIX_PATH=${CMAKE_PREFIX_PATH}:/opt/ros/humble _=/bin/env /bin/cmake --build /root/Desktop/QtrosAndOpenCV/hyzAndJoJo/build/camera_pack -- -j16 -l16
[0.651s] DEBUG:colcon.colcon_core.event_handler.log_command:Invoking command in '/root/Desktop/QtrosAndOpenCV/hyzAndJoJo/build/opencv_node': CMAKE_PREFIX_PATH=${CMAKE_PREFIX_PATH}:/opt/ros/humble _=/bin/env /bin/cmake --build /root/Desktop/QtrosAndOpenCV/hyzAndJoJo/build/opencv_node -- -j16 -l16
[0.656s] DEBUG:colcon.colcon_core.event_handler.log_command:Invoking command in '/root/Desktop/QtrosAndOpenCV/hyzAndJoJo/build/rqt_display_node': CMAKE_PREFIX_PATH=${CMAKE_PREFIX_PATH}:/opt/ros/humble _=/bin/env /bin/cmake --build /root/Desktop/QtrosAndOpenCV/hyzAndJoJo/build/rqt_display_node -- -j16 -l16
[0.664s] DEBUG:colcon.colcon_core.event_handler.log_command:Invoking command in '/root/Desktop/QtrosAndOpenCV/hyzAndJoJo/build/usb_camera_node': CMAKE_PREFIX_PATH=${CMAKE_PREFIX_PATH}:/opt/ros/humble _=/bin/env /bin/cmake --build /root/Desktop/QtrosAndOpenCV/hyzAndJoJo/build/usb_camera_node -- -j16 -l16
[0.853s] DEBUG:colcon.colcon_core.event_handler.log_command:Invoked command in '/root/Desktop/QtrosAndOpenCV/hyzAndJoJo/build/usb_camera_node' returned '0': CMAKE_PREFIX_PATH=${CMAKE_PREFIX_PATH}:/opt/ros/humble _=/bin/env /bin/cmake --build /root/Desktop/QtrosAndOpenCV/hyzAndJoJo/build/usb_camera_node -- -j16 -l16
[0.856s] DEBUG:colcon.colcon_core.event_handler.log_command:Invoked command in '/root/Desktop/QtrosAndOpenCV/hyzAndJoJo/build/rqt_display_node' returned '0': CMAKE_PREFIX_PATH=${CMAKE_PREFIX_PATH}:/opt/ros/humble _=/bin/env /bin/cmake --build /root/Desktop/QtrosAndOpenCV/hyzAndJoJo/build/rqt_display_node -- -j16 -l16
[0.927s] DEBUG:colcon.colcon_core.event_handler.log_command:Invoking command in '/root/Desktop/QtrosAndOpenCV/hyzAndJoJo/build/usb_camera_node': CMAKE_PREFIX_PATH=${CMAKE_PREFIX_PATH}:/opt/ros/humble _=/bin/env /bin/cmake --install /root/Desktop/QtrosAndOpenCV/hyzAndJoJo/build/usb_camera_node
[0.946s] DEBUG:colcon.colcon_core.event_handler.log_command:Invoked command in '/root/Desktop/QtrosAndOpenCV/hyzAndJoJo/build/camera_pack' returned '0': CMAKE_PREFIX_PATH=${CMAKE_PREFIX_PATH}:/opt/ros/humble _=/bin/env /bin/cmake --build /root/Desktop/QtrosAndOpenCV/hyzAndJoJo/build/camera_pack -- -j16 -l16
[0.955s] Level 1:colcon.colcon_core.environment:create_environment_scripts_only(usb_camera_node)
[0.958s] DEBUG:colcon.colcon_core.event_handler.log_command:Invoked command in '/root/Desktop/QtrosAndOpenCV/hyzAndJoJo/build/usb_camera_node' returned '0': CMAKE_PREFIX_PATH=${CMAKE_PREFIX_PATH}:/opt/ros/humble _=/bin/env /bin/cmake --install /root/Desktop/QtrosAndOpenCV/hyzAndJoJo/build/usb_camera_node
[0.961s] Level 1:colcon.colcon_core.environment:checking '/root/Desktop/QtrosAndOpenCV/hyzAndJoJo/install/usb_camera_node' for CMake module files
[0.962s] Level 1:colcon.colcon_core.environment:checking '/root/Desktop/QtrosAndOpenCV/hyzAndJoJo/install/usb_camera_node' for CMake config files
[0.963s] Level 1:colcon.colcon_core.shell:create_environment_hook('usb_camera_node', 'cmake_prefix_path')
[0.963s] INFO:colcon.colcon_core.shell:Creating environment hook '/root/Desktop/QtrosAndOpenCV/hyzAndJoJo/install/usb_camera_node/share/usb_camera_node/hook/cmake_prefix_path.ps1'
[0.965s] INFO:colcon.colcon_core.shell:Creating environment descriptor '/root/Desktop/QtrosAndOpenCV/hyzAndJoJo/install/usb_camera_node/share/usb_camera_node/hook/cmake_prefix_path.dsv'
[0.966s] INFO:colcon.colcon_core.shell:Creating environment hook '/root/Desktop/QtrosAndOpenCV/hyzAndJoJo/install/usb_camera_node/share/usb_camera_node/hook/cmake_prefix_path.sh'
[0.969s] Level 1:colcon.colcon_core.environment:checking '/root/Desktop/QtrosAndOpenCV/hyzAndJoJo/install/usb_camera_node/lib'
[0.969s] Level 1:colcon.colcon_core.environment:checking '/root/Desktop/QtrosAndOpenCV/hyzAndJoJo/install/usb_camera_node/bin'
[0.969s] Level 1:colcon.colcon_core.environment:checking '/root/Desktop/QtrosAndOpenCV/hyzAndJoJo/install/usb_camera_node/lib/pkgconfig/usb_camera_node.pc'
[0.970s] Level 1:colcon.colcon_core.environment:checking '/root/Desktop/QtrosAndOpenCV/hyzAndJoJo/install/usb_camera_node/lib/python3.11/site-packages'
[0.970s] Level 1:colcon.colcon_core.environment:checking '/root/Desktop/QtrosAndOpenCV/hyzAndJoJo/install/usb_camera_node/bin'
[0.970s] INFO:colcon.colcon_core.shell:Creating package script '/root/Desktop/QtrosAndOpenCV/hyzAndJoJo/install/usb_camera_node/share/usb_camera_node/package.ps1'
[0.971s] INFO:colcon.colcon_core.shell:Creating package descriptor '/root/Desktop/QtrosAndOpenCV/hyzAndJoJo/install/usb_camera_node/share/usb_camera_node/package.dsv'
[0.973s] INFO:colcon.colcon_core.shell:Creating package script '/root/Desktop/QtrosAndOpenCV/hyzAndJoJo/install/usb_camera_node/share/usb_camera_node/package.sh'
[0.977s] INFO:colcon.colcon_core.shell:Creating package script '/root/Desktop/QtrosAndOpenCV/hyzAndJoJo/install/usb_camera_node/share/usb_camera_node/package.bash'
[0.978s] INFO:colcon.colcon_core.shell:Creating package script '/root/Desktop/QtrosAndOpenCV/hyzAndJoJo/install/usb_camera_node/share/usb_camera_node/package.zsh'
[0.980s] Level 1:colcon.colcon_core.environment:create_file_with_runtime_dependencies(/root/Desktop/QtrosAndOpenCV/hyzAndJoJo/install/usb_camera_node/share/colcon-core/packages/usb_camera_node)
[1.004s] DEBUG:colcon.colcon_core.event_handler.log_command:Invoking command in '/root/Desktop/QtrosAndOpenCV/hyzAndJoJo/build/rqt_display_node': CMAKE_PREFIX_PATH=${CMAKE_PREFIX_PATH}:/opt/ros/humble _=/bin/env /bin/cmake --install /root/Desktop/QtrosAndOpenCV/hyzAndJoJo/build/rqt_display_node
[1.034s] Level 1:colcon.colcon_core.environment:create_environment_scripts_only(rqt_display_node)
[1.034s] Level 1:colcon.colcon_core.environment:checking '/root/Desktop/QtrosAndOpenCV/hyzAndJoJo/install/rqt_display_node' for CMake module files
[1.036s] Level 1:colcon.colcon_core.environment:checking '/root/Desktop/QtrosAndOpenCV/hyzAndJoJo/install/rqt_display_node' for CMake config files
[1.036s] Level 1:colcon.colcon_core.shell:create_environment_hook('rqt_display_node', 'cmake_prefix_path')
[1.037s] INFO:colcon.colcon_core.shell:Creating environment hook '/root/Desktop/QtrosAndOpenCV/hyzAndJoJo/install/rqt_display_node/share/rqt_display_node/hook/cmake_prefix_path.ps1'
[1.038s] DEBUG:colcon.colcon_core.event_handler.log_command:Invoked command in '/root/Desktop/QtrosAndOpenCV/hyzAndJoJo/build/rqt_display_node' returned '0': CMAKE_PREFIX_PATH=${CMAKE_PREFIX_PATH}:/opt/ros/humble _=/bin/env /bin/cmake --install /root/Desktop/QtrosAndOpenCV/hyzAndJoJo/build/rqt_display_node
[1.039s] INFO:colcon.colcon_core.shell:Creating environment descriptor '/root/Desktop/QtrosAndOpenCV/hyzAndJoJo/install/rqt_display_node/share/rqt_display_node/hook/cmake_prefix_path.dsv'
[1.041s] INFO:colcon.colcon_core.shell:Creating environment hook '/root/Desktop/QtrosAndOpenCV/hyzAndJoJo/install/rqt_display_node/share/rqt_display_node/hook/cmake_prefix_path.sh'
[1.043s] Level 1:colcon.colcon_core.environment:checking '/root/Desktop/QtrosAndOpenCV/hyzAndJoJo/install/rqt_display_node/lib'
[1.044s] Level 1:colcon.colcon_core.environment:checking '/root/Desktop/QtrosAndOpenCV/hyzAndJoJo/install/rqt_display_node/bin'
[1.044s] Level 1:colcon.colcon_core.environment:checking '/root/Desktop/QtrosAndOpenCV/hyzAndJoJo/install/rqt_display_node/lib/pkgconfig/rqt_display_node.pc'
[1.044s] Level 1:colcon.colcon_core.environment:checking '/root/Desktop/QtrosAndOpenCV/hyzAndJoJo/install/rqt_display_node/lib/python3.11/site-packages'
[1.044s] Level 1:colcon.colcon_core.environment:checking '/root/Desktop/QtrosAndOpenCV/hyzAndJoJo/install/rqt_display_node/bin'
[1.045s] INFO:colcon.colcon_core.shell:Creating package script '/root/Desktop/QtrosAndOpenCV/hyzAndJoJo/install/rqt_display_node/share/rqt_display_node/package.ps1'
[1.046s] INFO:colcon.colcon_core.shell:Creating package descriptor '/root/Desktop/QtrosAndOpenCV/hyzAndJoJo/install/rqt_display_node/share/rqt_display_node/package.dsv'
[1.047s] INFO:colcon.colcon_core.shell:Creating package script '/root/Desktop/QtrosAndOpenCV/hyzAndJoJo/install/rqt_display_node/share/rqt_display_node/package.sh'
[1.049s] INFO:colcon.colcon_core.shell:Creating package script '/root/Desktop/QtrosAndOpenCV/hyzAndJoJo/install/rqt_display_node/share/rqt_display_node/package.bash'
[1.049s] INFO:colcon.colcon_core.shell:Creating package script '/root/Desktop/QtrosAndOpenCV/hyzAndJoJo/install/rqt_display_node/share/rqt_display_node/package.zsh'
[1.050s] Level 1:colcon.colcon_core.environment:create_file_with_runtime_dependencies(/root/Desktop/QtrosAndOpenCV/hyzAndJoJo/install/rqt_display_node/share/colcon-core/packages/rqt_display_node)
[1.090s] DEBUG:colcon.colcon_core.event_handler.log_command:Invoking command in '/root/Desktop/QtrosAndOpenCV/hyzAndJoJo/build/camera_pack': CMAKE_PREFIX_PATH=${CMAKE_PREFIX_PATH}:/opt/ros/humble _=/bin/env /bin/cmake --install /root/Desktop/QtrosAndOpenCV/hyzAndJoJo/build/camera_pack
[1.093s] Level 1:colcon.colcon_core.environment:create_environment_scripts_only(usb_camera_node)
[1.094s] Level 1:colcon.colcon_core.environment:checking '/root/Desktop/QtrosAndOpenCV/hyzAndJoJo/install/usb_camera_node' for CMake module files
[1.095s] Level 1:colcon.colcon_core.environment:checking '/root/Desktop/QtrosAndOpenCV/hyzAndJoJo/install/usb_camera_node' for CMake config files
[1.095s] Level 1:colcon.colcon_core.shell:create_environment_hook('usb_camera_node', 'cmake_prefix_path')
[1.096s] INFO:colcon.colcon_core.shell:Creating environment hook '/root/Desktop/QtrosAndOpenCV/hyzAndJoJo/install/usb_camera_node/share/usb_camera_node/hook/cmake_prefix_path.ps1'
[1.097s] INFO:colcon.colcon_core.shell:Creating environment descriptor '/root/Desktop/QtrosAndOpenCV/hyzAndJoJo/install/usb_camera_node/share/usb_camera_node/hook/cmake_prefix_path.dsv'
[1.098s] INFO:colcon.colcon_core.shell:Creating environment hook '/root/Desktop/QtrosAndOpenCV/hyzAndJoJo/install/usb_camera_node/share/usb_camera_node/hook/cmake_prefix_path.sh'
[1.099s] Level 1:colcon.colcon_core.environment:checking '/root/Desktop/QtrosAndOpenCV/hyzAndJoJo/install/usb_camera_node/lib'
[1.099s] Level 1:colcon.colcon_core.environment:checking '/root/Desktop/QtrosAndOpenCV/hyzAndJoJo/install/usb_camera_node/bin'
[1.099s] Level 1:colcon.colcon_core.environment:checking '/root/Desktop/QtrosAndOpenCV/hyzAndJoJo/install/usb_camera_node/lib/pkgconfig/usb_camera_node.pc'
[1.100s] Level 1:colcon.colcon_core.environment:checking '/root/Desktop/QtrosAndOpenCV/hyzAndJoJo/install/usb_camera_node/lib/python3.11/site-packages'
[1.100s] Level 1:colcon.colcon_core.environment:checking '/root/Desktop/QtrosAndOpenCV/hyzAndJoJo/install/usb_camera_node/bin'
[1.101s] INFO:colcon.colcon_core.shell:Creating package script '/root/Desktop/QtrosAndOpenCV/hyzAndJoJo/install/usb_camera_node/share/usb_camera_node/package.ps1'
[1.102s] INFO:colcon.colcon_core.shell:Creating package descriptor '/root/Desktop/QtrosAndOpenCV/hyzAndJoJo/install/usb_camera_node/share/usb_camera_node/package.dsv'
[1.103s] INFO:colcon.colcon_core.shell:Creating package script '/root/Desktop/QtrosAndOpenCV/hyzAndJoJo/install/usb_camera_node/share/usb_camera_node/package.sh'
[1.105s] INFO:colcon.colcon_core.shell:Creating package script '/root/Desktop/QtrosAndOpenCV/hyzAndJoJo/install/usb_camera_node/share/usb_camera_node/package.bash'
[1.105s] INFO:colcon.colcon_core.shell:Creating package script '/root/Desktop/QtrosAndOpenCV/hyzAndJoJo/install/usb_camera_node/share/usb_camera_node/package.zsh'
[1.106s] Level 1:colcon.colcon_core.environment:create_file_with_runtime_dependencies(/root/Desktop/QtrosAndOpenCV/hyzAndJoJo/install/usb_camera_node/share/colcon-core/packages/usb_camera_node)
[1.116s] Level 1:colcon.colcon_core.environment:create_environment_scripts_only(camera_pack)
[1.116s] Level 1:colcon.colcon_core.environment:checking '/root/Desktop/QtrosAndOpenCV/hyzAndJoJo/install/camera_pack' for CMake module files
[1.123s] DEBUG:colcon.colcon_core.event_handler.log_command:Invoked command in '/root/Desktop/QtrosAndOpenCV/hyzAndJoJo/build/camera_pack' returned '0': CMAKE_PREFIX_PATH=${CMAKE_PREFIX_PATH}:/opt/ros/humble _=/bin/env /bin/cmake --install /root/Desktop/QtrosAndOpenCV/hyzAndJoJo/build/camera_pack
[1.124s] Level 1:colcon.colcon_core.environment:checking '/root/Desktop/QtrosAndOpenCV/hyzAndJoJo/install/camera_pack' for CMake config files
[1.126s] Level 1:colcon.colcon_core.shell:create_environment_hook('camera_pack', 'cmake_prefix_path')
[1.126s] INFO:colcon.colcon_core.shell:Creating environment hook '/root/Desktop/QtrosAndOpenCV/hyzAndJoJo/install/camera_pack/share/camera_pack/hook/cmake_prefix_path.ps1'
[1.127s] INFO:colcon.colcon_core.shell:Creating environment descriptor '/root/Desktop/QtrosAndOpenCV/hyzAndJoJo/install/camera_pack/share/camera_pack/hook/cmake_prefix_path.dsv'
[1.128s] INFO:colcon.colcon_core.shell:Creating environment hook '/root/Desktop/QtrosAndOpenCV/hyzAndJoJo/install/camera_pack/share/camera_pack/hook/cmake_prefix_path.sh'
[1.129s] Level 1:colcon.colcon_core.environment:checking '/root/Desktop/QtrosAndOpenCV/hyzAndJoJo/install/camera_pack/lib'
[1.129s] Level 1:colcon.colcon_core.environment:checking '/root/Desktop/QtrosAndOpenCV/hyzAndJoJo/install/camera_pack/bin'
[1.129s] Level 1:colcon.colcon_core.environment:checking '/root/Desktop/QtrosAndOpenCV/hyzAndJoJo/install/camera_pack/lib/pkgconfig/camera_pack.pc'
[1.130s] Level 1:colcon.colcon_core.environment:checking '/root/Desktop/QtrosAndOpenCV/hyzAndJoJo/install/camera_pack/lib/python3.11/site-packages'
[1.130s] Level 1:colcon.colcon_core.environment:checking '/root/Desktop/QtrosAndOpenCV/hyzAndJoJo/install/camera_pack/bin'
[1.130s] INFO:colcon.colcon_core.shell:Creating package script '/root/Desktop/QtrosAndOpenCV/hyzAndJoJo/install/camera_pack/share/camera_pack/package.ps1'
[1.131s] INFO:colcon.colcon_core.shell:Creating package descriptor '/root/Desktop/QtrosAndOpenCV/hyzAndJoJo/install/camera_pack/share/camera_pack/package.dsv'
[1.132s] INFO:colcon.colcon_core.shell:Creating package script '/root/Desktop/QtrosAndOpenCV/hyzAndJoJo/install/camera_pack/share/camera_pack/package.sh'
[1.133s] INFO:colcon.colcon_core.shell:Creating package script '/root/Desktop/QtrosAndOpenCV/hyzAndJoJo/install/camera_pack/share/camera_pack/package.bash'
[1.133s] INFO:colcon.colcon_core.shell:Creating package script '/root/Desktop/QtrosAndOpenCV/hyzAndJoJo/install/camera_pack/share/camera_pack/package.zsh'
[1.134s] Level 1:colcon.colcon_core.environment:create_file_with_runtime_dependencies(/root/Desktop/QtrosAndOpenCV/hyzAndJoJo/install/camera_pack/share/colcon-core/packages/camera_pack)
[1.190s] Level 1:colcon.colcon_core.environment:create_environment_scripts_only(rqt_display_node)
[1.190s] Level 1:colcon.colcon_core.environment:checking '/root/Desktop/QtrosAndOpenCV/hyzAndJoJo/install/rqt_display_node' for CMake module files
[1.190s] Level 1:colcon.colcon_core.environment:checking '/root/Desktop/QtrosAndOpenCV/hyzAndJoJo/install/rqt_display_node' for CMake config files
[1.190s] Level 1:colcon.colcon_core.shell:create_environment_hook('rqt_display_node', 'cmake_prefix_path')
[1.190s] INFO:colcon.colcon_core.shell:Creating environment hook '/root/Desktop/QtrosAndOpenCV/hyzAndJoJo/install/rqt_display_node/share/rqt_display_node/hook/cmake_prefix_path.ps1'
[1.191s] INFO:colcon.colcon_core.shell:Creating environment descriptor '/root/Desktop/QtrosAndOpenCV/hyzAndJoJo/install/rqt_display_node/share/rqt_display_node/hook/cmake_prefix_path.dsv'
[1.191s] INFO:colcon.colcon_core.shell:Creating environment hook '/root/Desktop/QtrosAndOpenCV/hyzAndJoJo/install/rqt_display_node/share/rqt_display_node/hook/cmake_prefix_path.sh'
[1.191s] Level 1:colcon.colcon_core.environment:checking '/root/Desktop/QtrosAndOpenCV/hyzAndJoJo/install/rqt_display_node/lib'
[1.191s] Level 1:colcon.colcon_core.environment:checking '/root/Desktop/QtrosAndOpenCV/hyzAndJoJo/install/rqt_display_node/bin'
[1.191s] Level 1:colcon.colcon_core.environment:checking '/root/Desktop/QtrosAndOpenCV/hyzAndJoJo/install/rqt_display_node/lib/pkgconfig/rqt_display_node.pc'
[1.191s] Level 1:colcon.colcon_core.environment:checking '/root/Desktop/QtrosAndOpenCV/hyzAndJoJo/install/rqt_display_node/lib/python3.11/site-packages'
[1.192s] Level 1:colcon.colcon_core.environment:checking '/root/Desktop/QtrosAndOpenCV/hyzAndJoJo/install/rqt_display_node/bin'
[1.192s] INFO:colcon.colcon_core.shell:Creating package script '/root/Desktop/QtrosAndOpenCV/hyzAndJoJo/install/rqt_display_node/share/rqt_display_node/package.ps1'
[1.192s] INFO:colcon.colcon_core.shell:Creating package descriptor '/root/Desktop/QtrosAndOpenCV/hyzAndJoJo/install/rqt_display_node/share/rqt_display_node/package.dsv'
[1.192s] INFO:colcon.colcon_core.shell:Creating package script '/root/Desktop/QtrosAndOpenCV/hyzAndJoJo/install/rqt_display_node/share/rqt_display_node/package.sh'
[1.195s] INFO:colcon.colcon_core.shell:Creating package script '/root/Desktop/QtrosAndOpenCV/hyzAndJoJo/install/rqt_display_node/share/rqt_display_node/package.bash'
[1.195s] INFO:colcon.colcon_core.shell:Creating package script '/root/Desktop/QtrosAndOpenCV/hyzAndJoJo/install/rqt_display_node/share/rqt_display_node/package.zsh'
[1.196s] Level 1:colcon.colcon_core.environment:create_file_with_runtime_dependencies(/root/Desktop/QtrosAndOpenCV/hyzAndJoJo/install/rqt_display_node/share/colcon-core/packages/rqt_display_node)
[1.270s] Level 1:colcon.colcon_core.environment:create_environment_scripts_only(camera_pack)
[1.270s] Level 1:colcon.colcon_core.environment:checking '/root/Desktop/QtrosAndOpenCV/hyzAndJoJo/install/camera_pack' for CMake module files
[1.272s] Level 1:colcon.colcon_core.environment:checking '/root/Desktop/QtrosAndOpenCV/hyzAndJoJo/install/camera_pack' for CMake config files
[1.272s] Level 1:colcon.colcon_core.shell:create_environment_hook('camera_pack', 'cmake_prefix_path')
[1.273s] INFO:colcon.colcon_core.shell:Creating environment hook '/root/Desktop/QtrosAndOpenCV/hyzAndJoJo/install/camera_pack/share/camera_pack/hook/cmake_prefix_path.ps1'
[1.274s] INFO:colcon.colcon_core.shell:Creating environment descriptor '/root/Desktop/QtrosAndOpenCV/hyzAndJoJo/install/camera_pack/share/camera_pack/hook/cmake_prefix_path.dsv'
[1.275s] INFO:colcon.colcon_core.shell:Creating environment hook '/root/Desktop/QtrosAndOpenCV/hyzAndJoJo/install/camera_pack/share/camera_pack/hook/cmake_prefix_path.sh'
[1.276s] Level 1:colcon.colcon_core.environment:checking '/root/Desktop/QtrosAndOpenCV/hyzAndJoJo/install/camera_pack/lib'
[1.276s] Level 1:colcon.colcon_core.environment:checking '/root/Desktop/QtrosAndOpenCV/hyzAndJoJo/install/camera_pack/bin'
[1.276s] Level 1:colcon.colcon_core.environment:checking '/root/Desktop/QtrosAndOpenCV/hyzAndJoJo/install/camera_pack/lib/pkgconfig/camera_pack.pc'
[1.276s] Level 1:colcon.colcon_core.environment:checking '/root/Desktop/QtrosAndOpenCV/hyzAndJoJo/install/camera_pack/lib/python3.11/site-packages'
[1.277s] Level 1:colcon.colcon_core.environment:checking '/root/Desktop/QtrosAndOpenCV/hyzAndJoJo/install/camera_pack/bin'
[1.277s] INFO:colcon.colcon_core.shell:Creating package script '/root/Desktop/QtrosAndOpenCV/hyzAndJoJo/install/camera_pack/share/camera_pack/package.ps1'
[1.279s] INFO:colcon.colcon_core.shell:Creating package descriptor '/root/Desktop/QtrosAndOpenCV/hyzAndJoJo/install/camera_pack/share/camera_pack/package.dsv'
[1.280s] INFO:colcon.colcon_core.shell:Creating package script '/root/Desktop/QtrosAndOpenCV/hyzAndJoJo/install/camera_pack/share/camera_pack/package.sh'
[1.284s] INFO:colcon.colcon_core.shell:Creating package script '/root/Desktop/QtrosAndOpenCV/hyzAndJoJo/install/camera_pack/share/camera_pack/package.bash'
[1.285s] INFO:colcon.colcon_core.shell:Creating package script '/root/Desktop/QtrosAndOpenCV/hyzAndJoJo/install/camera_pack/share/camera_pack/package.zsh'
[1.286s] Level 1:colcon.colcon_core.environment:create_file_with_runtime_dependencies(/root/Desktop/QtrosAndOpenCV/hyzAndJoJo/install/camera_pack/share/colcon-core/packages/camera_pack)
[31.478s] DEBUG:colcon.colcon_core.event_handler.log_command:Invoked command in '/root/Desktop/QtrosAndOpenCV/hyzAndJoJo/build/opencv_node' returned '0': CMAKE_PREFIX_PATH=${CMAKE_PREFIX_PATH}:/opt/ros/humble _=/bin/env /bin/cmake --build /root/Desktop/QtrosAndOpenCV/hyzAndJoJo/build/opencv_node -- -j16 -l16
[31.554s] DEBUG:colcon.colcon_core.event_handler.log_command:Invoking command in '/root/Desktop/QtrosAndOpenCV/hyzAndJoJo/build/opencv_node': CMAKE_PREFIX_PATH=${CMAKE_PREFIX_PATH}:/opt/ros/humble _=/bin/env /bin/cmake --install /root/Desktop/QtrosAndOpenCV/hyzAndJoJo/build/opencv_node
[31.578s] Level 1:colcon.colcon_core.environment:create_environment_scripts_only(opencv_node)
[31.579s] Level 1:colcon.colcon_core.environment:checking '/root/Desktop/QtrosAndOpenCV/hyzAndJoJo/install/opencv_node' for CMake module files
[31.579s] DEBUG:colcon.colcon_core.event_handler.log_command:Invoked command in '/root/Desktop/QtrosAndOpenCV/hyzAndJoJo/build/opencv_node' returned '0': CMAKE_PREFIX_PATH=${CMAKE_PREFIX_PATH}:/opt/ros/humble _=/bin/env /bin/cmake --install /root/Desktop/QtrosAndOpenCV/hyzAndJoJo/build/opencv_node
[31.580s] Level 1:colcon.colcon_core.environment:checking '/root/Desktop/QtrosAndOpenCV/hyzAndJoJo/install/opencv_node' for CMake config files
[31.580s] Level 1:colcon.colcon_core.shell:create_environment_hook('opencv_node', 'cmake_prefix_path')
[31.580s] INFO:colcon.colcon_core.shell:Creating environment hook '/root/Desktop/QtrosAndOpenCV/hyzAndJoJo/install/opencv_node/share/opencv_node/hook/cmake_prefix_path.ps1'
[31.581s] INFO:colcon.colcon_core.shell:Creating environment descriptor '/root/Desktop/QtrosAndOpenCV/hyzAndJoJo/install/opencv_node/share/opencv_node/hook/cmake_prefix_path.dsv'
[31.582s] INFO:colcon.colcon_core.shell:Creating environment hook '/root/Desktop/QtrosAndOpenCV/hyzAndJoJo/install/opencv_node/share/opencv_node/hook/cmake_prefix_path.sh'
[31.582s] Level 1:colcon.colcon_core.environment:checking '/root/Desktop/QtrosAndOpenCV/hyzAndJoJo/install/opencv_node/lib'
[31.583s] Level 1:colcon.colcon_core.environment:checking '/root/Desktop/QtrosAndOpenCV/hyzAndJoJo/install/opencv_node/bin'
[31.583s] Level 1:colcon.colcon_core.environment:checking '/root/Desktop/QtrosAndOpenCV/hyzAndJoJo/install/opencv_node/lib/pkgconfig/opencv_node.pc'
[31.584s] Level 1:colcon.colcon_core.environment:checking '/root/Desktop/QtrosAndOpenCV/hyzAndJoJo/install/opencv_node/lib/python3.11/site-packages'
[31.584s] Level 1:colcon.colcon_core.environment:checking '/root/Desktop/QtrosAndOpenCV/hyzAndJoJo/install/opencv_node/bin'
[31.585s] INFO:colcon.colcon_core.shell:Creating package script '/root/Desktop/QtrosAndOpenCV/hyzAndJoJo/install/opencv_node/share/opencv_node/package.ps1'
[31.585s] INFO:colcon.colcon_core.shell:Creating package descriptor '/root/Desktop/QtrosAndOpenCV/hyzAndJoJo/install/opencv_node/share/opencv_node/package.dsv'
[31.586s] INFO:colcon.colcon_core.shell:Creating package script '/root/Desktop/QtrosAndOpenCV/hyzAndJoJo/install/opencv_node/share/opencv_node/package.sh'
[31.586s] INFO:colcon.colcon_core.shell:Creating package script '/root/Desktop/QtrosAndOpenCV/hyzAndJoJo/install/opencv_node/share/opencv_node/package.bash'
[31.587s] INFO:colcon.colcon_core.shell:Creating package script '/root/Desktop/QtrosAndOpenCV/hyzAndJoJo/install/opencv_node/share/opencv_node/package.zsh'
[31.588s] Level 1:colcon.colcon_core.environment:create_file_with_runtime_dependencies(/root/Desktop/QtrosAndOpenCV/hyzAndJoJo/install/opencv_node/share/colcon-core/packages/opencv_node)
[31.639s] Level 1:colcon.colcon_core.environment:create_environment_scripts_only(opencv_node)
[31.640s] Level 1:colcon.colcon_core.environment:checking '/root/Desktop/QtrosAndOpenCV/hyzAndJoJo/install/opencv_node' for CMake module files
[31.640s] Level 1:colcon.colcon_core.environment:checking '/root/Desktop/QtrosAndOpenCV/hyzAndJoJo/install/opencv_node' for CMake config files
[31.640s] Level 1:colcon.colcon_core.shell:create_environment_hook('opencv_node', 'cmake_prefix_path')
[31.640s] INFO:colcon.colcon_core.shell:Creating environment hook '/root/Desktop/QtrosAndOpenCV/hyzAndJoJo/install/opencv_node/share/opencv_node/hook/cmake_prefix_path.ps1'
[31.641s] INFO:colcon.colcon_core.shell:Creating environment descriptor '/root/Desktop/QtrosAndOpenCV/hyzAndJoJo/install/opencv_node/share/opencv_node/hook/cmake_prefix_path.dsv'
[31.642s] INFO:colcon.colcon_core.shell:Creating environment hook '/root/Desktop/QtrosAndOpenCV/hyzAndJoJo/install/opencv_node/share/opencv_node/hook/cmake_prefix_path.sh'
[31.644s] Level 1:colcon.colcon_core.environment:checking '/root/Desktop/QtrosAndOpenCV/hyzAndJoJo/install/opencv_node/lib'
[31.644s] Level 1:colcon.colcon_core.environment:checking '/root/Desktop/QtrosAndOpenCV/hyzAndJoJo/install/opencv_node/bin'
[31.644s] Level 1:colcon.colcon_core.environment:checking '/root/Desktop/QtrosAndOpenCV/hyzAndJoJo/install/opencv_node/lib/pkgconfig/opencv_node.pc'
[31.644s] Level 1:colcon.colcon_core.environment:checking '/root/Desktop/QtrosAndOpenCV/hyzAndJoJo/install/opencv_node/lib/python3.11/site-packages'
[31.645s] Level 1:colcon.colcon_core.environment:checking '/root/Desktop/QtrosAndOpenCV/hyzAndJoJo/install/opencv_node/bin'
[31.645s] INFO:colcon.colcon_core.shell:Creating package script '/root/Desktop/QtrosAndOpenCV/hyzAndJoJo/install/opencv_node/share/opencv_node/package.ps1'
[31.646s] INFO:colcon.colcon_core.shell:Creating package descriptor '/root/Desktop/QtrosAndOpenCV/hyzAndJoJo/install/opencv_node/share/opencv_node/package.dsv'
[31.646s] INFO:colcon.colcon_core.shell:Creating package script '/root/Desktop/QtrosAndOpenCV/hyzAndJoJo/install/opencv_node/share/opencv_node/package.sh'
[31.648s] INFO:colcon.colcon_core.shell:Creating package script '/root/Desktop/QtrosAndOpenCV/hyzAndJoJo/install/opencv_node/share/opencv_node/package.bash'
[31.648s] INFO:colcon.colcon_core.shell:Creating package script '/root/Desktop/QtrosAndOpenCV/hyzAndJoJo/install/opencv_node/share/opencv_node/package.zsh'
[31.648s] Level 1:colcon.colcon_core.environment:create_file_with_runtime_dependencies(/root/Desktop/QtrosAndOpenCV/hyzAndJoJo/install/opencv_node/share/colcon-core/packages/opencv_node)
[31.649s] DEBUG:colcon.colcon_parallel_executor.executor.parallel:closing loop
[31.649s] DEBUG:colcon.colcon_parallel_executor.executor.parallel:loop closed
[31.649s] DEBUG:colcon.colcon_parallel_executor.executor.parallel:run_until_complete finished with '0'
[31.649s] DEBUG:colcon.colcon_core.event_reactor:joining thread
[31.709s] INFO:colcon.colcon_core.plugin_system:Skipping extension 'colcon_notification.desktop_notification.terminal_notifier': Not used on non-Darwin systems
[31.710s] INFO:colcon.colcon_core.plugin_system:Skipping extension 'colcon_notification.desktop_notification.win32': Not used on non-Windows systems
[31.710s] INFO:colcon.colcon_notification.desktop_notification:Sending desktop notification using 'notify2'
[32.341s] DEBUG:colcon.colcon_core.event_reactor:joined thread
[32.342s] INFO:colcon.colcon_core.shell:Creating prefix script '/root/Desktop/QtrosAndOpenCV/hyzAndJoJo/install/local_setup.ps1'
[32.344s] INFO:colcon.colcon_core.shell:Creating prefix util module '/root/Desktop/QtrosAndOpenCV/hyzAndJoJo/install/_local_setup_util_ps1.py'
[32.347s] INFO:colcon.colcon_core.shell:Creating prefix chain script '/root/Desktop/QtrosAndOpenCV/hyzAndJoJo/install/setup.ps1'
[32.354s] INFO:colcon.colcon_core.shell:Creating prefix script '/root/Desktop/QtrosAndOpenCV/hyzAndJoJo/install/local_setup.sh'
[32.354s] INFO:colcon.colcon_core.shell:Creating prefix util module '/root/Desktop/QtrosAndOpenCV/hyzAndJoJo/install/_local_setup_util_sh.py'
[32.355s] INFO:colcon.colcon_core.shell:Creating prefix chain script '/root/Desktop/QtrosAndOpenCV/hyzAndJoJo/install/setup.sh'
[32.357s] INFO:colcon.colcon_core.shell:Creating prefix script '/root/Desktop/QtrosAndOpenCV/hyzAndJoJo/install/local_setup.bash'
[32.357s] INFO:colcon.colcon_core.shell:Creating prefix chain script '/root/Desktop/QtrosAndOpenCV/hyzAndJoJo/install/setup.bash'
[32.359s] INFO:colcon.colcon_core.shell:Creating prefix script '/root/Desktop/QtrosAndOpenCV/hyzAndJoJo/install/local_setup.zsh'
[32.361s] INFO:colcon.colcon_core.shell:Creating prefix chain script '/root/Desktop/QtrosAndOpenCV/hyzAndJoJo/install/setup.zsh'
