[0.039s] Invoking command in '/root/Desktop/QtrosAndOpenCV/hyzAndJoJo/build/opencv_node': CMAKE_PREFIX_PATH=${CMAKE_PREFIX_PATH}:/opt/ros/humble _=/bin/env /bin/cmake --build /root/Desktop/QtrosAndOpenCV/hyzAndJoJo/build/opencv_node -- -j16 -l16
[0.184s] [ 50%] [32mBuilding CXX object CMakeFiles/camera_pack.dir/src/opencv_node.cpp.o[0m
[27.272s] [100%] [32m[1mLinking CXX executable camera_pack[0m
[28.334s] [100%] Built target camera_pack
[28.366s] Invoked command in '/root/Desktop/QtrosAndOpenCV/hyzAndJoJo/build/opencv_node' returned '0': CMAKE_PREFIX_PATH=${CMAKE_PREFIX_PATH}:/opt/ros/humble _=/bin/env /bin/cmake --build /root/Desktop/QtrosAndOpenCV/hyzAndJoJo/build/opencv_node -- -j16 -l16
[28.477s] Invoking command in '/root/Desktop/QtrosAndOpenCV/hyzAndJoJo/build/opencv_node': CMAKE_PREFIX_PATH=${CMAKE_PREFIX_PATH}:/opt/ros/humble _=/bin/env /bin/cmake --install /root/Desktop/QtrosAndOpenCV/hyzAndJoJo/build/opencv_node
[28.488s] -- Install configuration: ""
[28.489s] -- Execute custom install script
[28.490s] -- Up-to-date symlink: /root/Desktop/QtrosAndOpenCV/hyzAndJoJo/install/opencv_node/lib/opencv_node/camera_pack
[28.490s] -- Up-to-date symlink: /root/Desktop/QtrosAndOpenCV/hyzAndJoJo/install/opencv_node/share/ament_index/resource_index/package_run_dependencies/opencv_node
[28.490s] -- Up-to-date symlink: /root/Desktop/QtrosAndOpenCV/hyzAndJoJo/install/opencv_node/share/ament_index/resource_index/parent_prefix_path/opencv_node
[28.490s] -- Up-to-date symlink: /root/Desktop/QtrosAndOpenCV/hyzAndJoJo/install/opencv_node/share/opencv_node/environment/ament_prefix_path.sh
[28.491s] -- Up-to-date symlink: /root/Desktop/QtrosAndOpenCV/hyzAndJoJo/install/opencv_node/share/opencv_node/environment/ament_prefix_path.dsv
[28.491s] -- Up-to-date symlink: /root/Desktop/QtrosAndOpenCV/hyzAndJoJo/install/opencv_node/share/opencv_node/environment/path.sh
[28.491s] -- Up-to-date symlink: /root/Desktop/QtrosAndOpenCV/hyzAndJoJo/install/opencv_node/share/opencv_node/environment/path.dsv
[28.492s] -- Up-to-date symlink: /root/Desktop/QtrosAndOpenCV/hyzAndJoJo/install/opencv_node/share/opencv_node/local_setup.bash
[28.492s] -- Up-to-date symlink: /root/Desktop/QtrosAndOpenCV/hyzAndJoJo/install/opencv_node/share/opencv_node/local_setup.sh
[28.492s] -- Up-to-date symlink: /root/Desktop/QtrosAndOpenCV/hyzAndJoJo/install/opencv_node/share/opencv_node/local_setup.zsh
[28.492s] -- Up-to-date symlink: /root/Desktop/QtrosAndOpenCV/hyzAndJoJo/install/opencv_node/share/opencv_node/local_setup.dsv
[28.492s] -- Symlinking: /root/Desktop/QtrosAndOpenCV/hyzAndJoJo/install/opencv_node/share/opencv_node/package.dsv
[28.512s] -- Up-to-date symlink: /root/Desktop/QtrosAndOpenCV/hyzAndJoJo/install/opencv_node/share/ament_index/resource_index/packages/opencv_node
[28.512s] -- Up-to-date symlink: /root/Desktop/QtrosAndOpenCV/hyzAndJoJo/install/opencv_node/share/opencv_node/cmake/opencv_nodeConfig.cmake
[28.513s] -- Up-to-date symlink: /root/Desktop/QtrosAndOpenCV/hyzAndJoJo/install/opencv_node/share/opencv_node/cmake/opencv_nodeConfig-version.cmake
[28.513s] -- Up-to-date symlink: /root/Desktop/QtrosAndOpenCV/hyzAndJoJo/install/opencv_node/share/opencv_node/package.xml
[28.515s] Invoked command in '/root/Desktop/QtrosAndOpenCV/hyzAndJoJo/build/opencv_node' returned '0': CMAKE_PREFIX_PATH=${CMAKE_PREFIX_PATH}:/opt/ros/humble _=/bin/env /bin/cmake --install /root/Desktop/QtrosAndOpenCV/hyzAndJoJo/build/opencv_node
