[0.067s] Invoking command in '/root/Desktop/QtrosAndOpenCV/hyzAndJoJo/build/camera_pack': CMAKE_PREFIX_PATH=${CMAKE_PREFIX_PATH}:/opt/ros/humble _=/bin/env /bin/cmake --build /root/Desktop/QtrosAndOpenCV/hyzAndJoJo/build/camera_pack -- -j16 -l16
[0.286s] [ 25%] [34m[1mAutomatic MOC and UIC for target camera_ros2_opencv4[0m
[0.384s] [ 25%] Built target camera_ros2_opencv4_autogen
[0.488s] [100%] Built target camera_ros2_opencv4
[0.520s] Invoked command in '/root/Desktop/QtrosAndOpenCV/hyzAndJoJo/build/camera_pack' returned '0': CMAKE_PREFIX_PATH=${CMAKE_PREFIX_PATH}:/opt/ros/humble _=/bin/env /bin/cmake --build /root/Desktop/QtrosAndOpenCV/hyzAndJoJo/build/camera_pack -- -j16 -l16
[0.618s] Invoking command in '/root/Desktop/QtrosAndOpenCV/hyzAndJoJo/build/camera_pack': CMAKE_PREFIX_PATH=${CMAKE_PREFIX_PATH}:/opt/ros/humble _=/bin/env /bin/cmake --install /root/Desktop/QtrosAndOpenCV/hyzAndJoJo/build/camera_pack
[0.629s] -- Install configuration: ""
[0.631s] -- Up-to-date: /root/Desktop/QtrosAndOpenCV/hyzAndJoJo/install/camera_pack/lib/camera_pack/camera_ros2_opencv4
[0.631s] -- Up-to-date: /root/Desktop/QtrosAndOpenCV/hyzAndJoJo/install/camera_pack/share/ament_index/resource_index/package_run_dependencies/camera_pack
[0.631s] -- Up-to-date: /root/Desktop/QtrosAndOpenCV/hyzAndJoJo/install/camera_pack/share/ament_index/resource_index/parent_prefix_path/camera_pack
[0.632s] -- Up-to-date: /root/Desktop/QtrosAndOpenCV/hyzAndJoJo/install/camera_pack/share/camera_pack/environment/ament_prefix_path.sh
[0.632s] -- Up-to-date: /root/Desktop/QtrosAndOpenCV/hyzAndJoJo/install/camera_pack/share/camera_pack/environment/ament_prefix_path.dsv
[0.634s] -- Up-to-date: /root/Desktop/QtrosAndOpenCV/hyzAndJoJo/install/camera_pack/share/camera_pack/environment/path.sh
[0.634s] -- Up-to-date: /root/Desktop/QtrosAndOpenCV/hyzAndJoJo/install/camera_pack/share/camera_pack/environment/path.dsv
[0.634s] -- Up-to-date: /root/Desktop/QtrosAndOpenCV/hyzAndJoJo/install/camera_pack/share/camera_pack/local_setup.bash
[0.634s] -- Up-to-date: /root/Desktop/QtrosAndOpenCV/hyzAndJoJo/install/camera_pack/share/camera_pack/local_setup.sh
[0.635s] -- Up-to-date: /root/Desktop/QtrosAndOpenCV/hyzAndJoJo/install/camera_pack/share/camera_pack/local_setup.zsh
[0.635s] -- Up-to-date: /root/Desktop/QtrosAndOpenCV/hyzAndJoJo/install/camera_pack/share/camera_pack/local_setup.dsv
[0.635s] -- Installing: /root/Desktop/QtrosAndOpenCV/hyzAndJoJo/install/camera_pack/share/camera_pack/package.dsv
[0.635s] -- Up-to-date: /root/Desktop/QtrosAndOpenCV/hyzAndJoJo/install/camera_pack/share/ament_index/resource_index/packages/camera_pack
[0.635s] -- Up-to-date: /root/Desktop/QtrosAndOpenCV/hyzAndJoJo/install/camera_pack/share/camera_pack/cmake/camera_packConfig.cmake
[0.635s] -- Up-to-date: /root/Desktop/QtrosAndOpenCV/hyzAndJoJo/install/camera_pack/share/camera_pack/cmake/camera_packConfig-version.cmake
[0.635s] -- Up-to-date: /root/Desktop/QtrosAndOpenCV/hyzAndJoJo/install/camera_pack/share/camera_pack/package.xml
[0.653s] Invoked command in '/root/Desktop/QtrosAndOpenCV/hyzAndJoJo/build/camera_pack' returned '0': CMAKE_PREFIX_PATH=${CMAKE_PREFIX_PATH}:/opt/ros/humble _=/bin/env /bin/cmake --install /root/Desktop/QtrosAndOpenCV/hyzAndJoJo/build/camera_pack
